<!DOCTYPE html PUBLIC "-//W3C//DTD XHTML 1.1//EN" "https://www.w3.org/TR/xhtml11/DTD/xhtml11.dtd">
<html xmlns="https://www.w3.org/1999/xhtml">
<head>
<meta http-equiv="content-type" content="text/html; charset=UTF-8"/>
<title>TestNG Report</title>
<style type="text/css">table {margin-bottom:10px;border-collapse:collapse;empty-cells:show}th,td {border:1px solid #009;padding:.25em .5em}th {vertical-align:bottom}td {vertical-align:top}table a {font-weight:bold}.stripe td {background-color: #E6EBF9}.num {text-align:right}.passedodd td {background-color: #3F3}.passedeven td {background-color: #0A0}.skippedodd td {background-color: #DDD}.skippedeven td {background-color: #CCC}.failedodd td,.attn {background-color: #F33}.failedeven td,.stripe .attn {background-color: #D00}.stacktrace {white-space:pre;font-family:monospace}.totop {font-size:85%;text-align:center;border-bottom:2px solid #000}.invisible {display:none}</style>
</head>
<body>
<table>
<tr><th>Test</th><th># Passed</th><th># Skipped</th><th># Retried</th><th># Failed</th><th>Time (ms)</th><th>Included Groups</th><th>Excluded Groups</th></tr>
<tr><th colspan="8">Default Suite</th></tr>
<tr><td><a href="#t0">SoftwareTesting-FinalProject-main</a></td><td class="num">5</td><td class="num">0</td><td class="num">0</td><td class="num attn">14</td><td class="num">138,416</td><td></td><td></td></tr>
</table>
<table id='summary'><thead><tr><th>Class</th><th>Method</th><th>Start</th><th>Time (ms)</th></tr></thead><tbody><tr><th colspan="4">Default Suite</th></tr></tbody><tbody id="t0"><tr><th colspan="4">SoftwareTesting-FinalProject-main &#8212; failed</th></tr><tr class="failedeven"><td rowspan="14">Unit.HomePage.Problem_User</td><td><a href="#m0">Backpack_checkName</a></td><td rowspan="1">1764455902870</td><td rowspan="1">1071</td></tr><tr class="failedeven"><td><a href="#m1">Bike_light_checkName</a></td><td rowspan="1">1764455895697</td><td rowspan="1">1068</td></tr><tr class="failedeven"><td><a href="#m2">Bolt_T_Shirt_checkName</a></td><td rowspan="1">1764455910101</td><td rowspan="1">1069</td></tr><tr class="failedeven"><td><a href="#m3">Fleece_Jacket_checkName</a></td><td rowspan="1">1764455916966</td><td rowspan="1">1069</td></tr><tr class="failedeven"><td><a href="#m4">Onesie_checkName</a></td><td rowspan="1">1764455924282</td><td rowspan="1">1070</td></tr><tr class="failedeven"><td><a href="#m5">Remove</a></td><td rowspan="1">1764455847404</td><td rowspan="1">1076</td></tr><tr class="failedeven"><td><a href="#m6">Test_allTheThings_checkName</a></td><td rowspan="1">1764455931789</td><td rowspan="1">1069</td></tr><tr class="failedeven"><td><a href="#m7">Z_A_sort</a></td><td rowspan="1">1764455862245</td><td rowspan="1">1110</td></tr><tr class="failedeven"><td><a href="#m8">add_Bolt_T_shirt</a></td><td rowspan="1">1764455833582</td><td rowspan="1">1042</td></tr><tr class="failedeven"><td><a href="#m9">add_Jacket</a></td><td rowspan="1">1764455817198</td><td rowspan="1">1045</td></tr><tr class="failedeven"><td><a href="#m10">add_Test_allThings</a></td><td rowspan="1">1764455840663</td><td rowspan="1">1048</td></tr><tr class="failedeven"><td><a href="#m11">verifyCartQuantityUpdates</a></td><td rowspan="1">1764455854707</td><td rowspan="1">1093</td></tr><tr class="failedeven"><td><a href="#m12">verifySortingHighToLow</a></td><td rowspan="1">1764455882682</td><td rowspan="1">578</td></tr><tr class="failedeven"><td><a href="#m13">verifySortingLowToHigh</a></td><td rowspan="1">1764455876316</td><td rowspan="1">570</td></tr><tr><th colspan="4">SoftwareTesting-FinalProject-main &#8212; passed</th></tr><tr class="passedeven"><td rowspan="5">Unit.HomePage.Problem_User</td><td><a href="#m14">A_Z_sort</a></td><td rowspan="1">1764455869330</td><td rowspan="1">1095</td></tr><tr class="passedeven"><td><a href="#m15">add_Backpack</a></td><td rowspan="1">1764455801043</td><td rowspan="1">2059</td></tr><tr class="passedeven"><td><a href="#m16">add_Bike_Light</a></td><td rowspan="1">1764455809569</td><td rowspan="1">1056</td></tr><tr class="passedeven"><td><a href="#m17">add_Onesie</a></td><td rowspan="1">1764455824403</td><td rowspan="1">3083</td></tr><tr class="passedeven"><td><a href="#m18">verifyNoDuplicateProducts</a></td><td rowspan="1">1764455889386</td><td rowspan="1">618</td></tr></tbody>
</table>
<h2>SoftwareTesting-FinalProject-main</h2><h3 id="m0">Unit.HomePage.Problem_User#Backpack_checkName</h3><table class="result"><tr><th>Exception</th></tr><tr><td><div class="stacktrace">java.lang.AssertionError:
    expected [Sauce Labs Backpack] but found [Sauce Labs Fleece Jacket]
    at Unit.HomePage.Problem_User.Backpack_checkName(Problem_User.java:235)
    at java.base/java.util.ArrayList.forEach(ArrayList.java:1604)
    at com.intellij.rt.testng.IDEARemoteTestNG.run(IDEARemoteTestNG.java:65)
    at com.intellij.rt.testng.RemoteTestNGStarter.main(RemoteTestNGStarter.java:105)
    ... Removed 28 stack frames</div></td></tr></table><p class="totop"><a href="#summary">back to summary</a></p>
<h3 id="m1">Unit.HomePage.Problem_User#Bike_light_checkName</h3><table class="result"><tr><th>Exception</th></tr><tr><td><div class="stacktrace">java.lang.AssertionError:
    expected [Sauce Labs Bike Light] but found [Sauce Labs Bolt T-Shirt]
    at Unit.HomePage.Problem_User.Bike_light_checkName(Problem_User.java:224)
    at java.base/java.util.ArrayList.forEach(ArrayList.java:1604)
    at com.intellij.rt.testng.IDEARemoteTestNG.run(IDEARemoteTestNG.java:65)
    at com.intellij.rt.testng.RemoteTestNGStarter.main(RemoteTestNGStarter.java:105)
    ... Removed 28 stack frames</div></td></tr></table><p class="totop"><a href="#summary">back to summary</a></p>
<h3 id="m2">Unit.HomePage.Problem_User#Bolt_T_Shirt_checkName</h3><table class="result"><tr><th>Exception</th></tr><tr><td><div class="stacktrace">java.lang.AssertionError:
    expected [Sauce Labs Bolt T-Shirt] but found [Sauce Labs Onesie]
    at Unit.HomePage.Problem_User.Bolt_T_Shirt_checkName(Problem_User.java:246)
    at java.base/java.util.ArrayList.forEach(ArrayList.java:1604)
    at com.intellij.rt.testng.IDEARemoteTestNG.run(IDEARemoteTestNG.java:65)
    at com.intellij.rt.testng.RemoteTestNGStarter.main(RemoteTestNGStarter.java:105)
    ... Removed 28 stack frames</div></td></tr></table><p class="totop"><a href="#summary">back to summary</a></p>
<h3 id="m3">Unit.HomePage.Problem_User#Fleece_Jacket_checkName</h3><table class="result"><tr><th>Exception</th></tr><tr><td><div class="stacktrace">java.lang.AssertionError:
    expected [Sauce Labs Fleece Jacket] but found [ITEM NOT FOUND]
    at Unit.HomePage.Problem_User.Fleece_Jacket_checkName(Problem_User.java:257)
    at java.base/java.util.ArrayList.forEach(ArrayList.java:1604)
    at com.intellij.rt.testng.IDEARemoteTestNG.run(IDEARemoteTestNG.java:65)
    at com.intellij.rt.testng.RemoteTestNGStarter.main(RemoteTestNGStarter.java:105)
    ... Removed 28 stack frames</div></td></tr></table><p class="totop"><a href="#summary">back to summary</a></p>
<h3 id="m4">Unit.HomePage.Problem_User#Onesie_checkName</h3><table class="result"><tr><th>Exception</th></tr><tr><td><div class="stacktrace">java.lang.AssertionError:
    expected [Sauce Labs Onesie] but found [Test.allTheThings() T-Shirt (Red)]
    at Unit.HomePage.Problem_User.Onesie_checkName(Problem_User.java:268)
    at java.base/java.util.ArrayList.forEach(ArrayList.java:1604)
    at com.intellij.rt.testng.IDEARemoteTestNG.run(IDEARemoteTestNG.java:65)
    at com.intellij.rt.testng.RemoteTestNGStarter.main(RemoteTestNGStarter.java:105)
    ... Removed 28 stack frames</div></td></tr></table><p class="totop"><a href="#summary">back to summary</a></p>
<h3 id="m5">Unit.HomePage.Problem_User#Remove</h3><table class="result"><tr><th>Exception</th></tr><tr><td><div class="stacktrace">org.openqa.selenium.StaleElementReferenceException:
    stale element reference: stale element not found in the current frame
    (Session info: chrome=142.0.7444.176)
    For documentation on this error, please visit:
    https://www.selenium.dev/documentation/webdriver/troubleshooting/errors#stale-element-reference-exception
    Build info: version: &apos;4.26.0&apos;, revision: &apos;8ccf0219d7&apos;
    System info: os.name: &apos;Windows 10&apos;, os.arch: &apos;amd64&apos;, os.version: &apos;10.0&apos;,
    java.version: &apos;25.0.1&apos;
    Driver info: org.openqa.selenium.chrome.ChromeDriver
    Command: [74798a3587fbbf6f1f39087e876e1eb0, getElementText
    {id=f.CAD3B3962E8E9BE0A5CE400D5E63FB62.d.750D7D0AB70D20C225A0369B96F9AA91.e.26}]
    Capabilities {acceptInsecureCerts: false, browserName: chrome, browserVersion: 142.0.7444.176, chrome:
    {chromedriverVersion: 142.0.7444.175 (302067f14a4..., userDataDir: C:\Users\ascom\AppData\Loca...}, fedcm:accounts:
    true, goog:chromeOptions: {debuggerAddress: localhost:64616}, goog:processID: 26268, networkConnectionEnabled:
    false, pageLoadStrategy: normal, platformName: windows, proxy: Proxy(), se:cdp: ws://localhost:64616/devtoo...,
    se:cdpVersion: 142.0.7444.176, setWindowRect: true, strictFileInteractability: false, timeouts: {implicit: 0,
    pageLoad: 300000, script: 30000}, unhandledPromptBehavior: dismiss and notify, webauthn:extension:credBlob: true,
    webauthn:extension:largeBlob: true, webauthn:extension:minPinLength: true, webauthn:extension:prf: true,
    webauthn:virtualAuthenticators: true}
    Element: [[ChromeDriver: chrome on windows (74798a3587fbbf6f1f39087e876e1eb0)] -&gt; id:
    add-to-cart-sauce-labs-backpack]
    Session ID: 74798a3587fbbf6f1f39087e876e1eb0
    at org.openqa.selenium.remote.ErrorCodec.decode(ErrorCodec.java:167)
    at org.openqa.selenium.remote.codec.w3c.W3CHttpResponseCodec.decode(W3CHttpResponseCodec.java:138)
    at org.openqa.selenium.remote.codec.w3c.W3CHttpResponseCodec.decode(W3CHttpResponseCodec.java:50)
    at org.openqa.selenium.remote.HttpCommandExecutor.execute(HttpCommandExecutor.java:190)
    at org.openqa.selenium.remote.service.DriverCommandExecutor.invokeExecute(DriverCommandExecutor.java:216)
    at org.openqa.selenium.remote.service.DriverCommandExecutor.execute(DriverCommandExecutor.java:174)
    at org.openqa.selenium.remote.RemoteWebDriver.execute(RemoteWebDriver.java:545)
    at org.openqa.selenium.remote.RemoteWebElement.execute(RemoteWebElement.java:223)
    at org.openqa.selenium.remote.RemoteWebElement.getText(RemoteWebElement.java:191)
    at Unit.HomePage.Problem_User.Remove(Problem_User.java:131)
    at java.base/java.util.ArrayList.forEach(ArrayList.java:1604)
    at com.intellij.rt.testng.IDEARemoteTestNG.run(IDEARemoteTestNG.java:65)
    at com.intellij.rt.testng.RemoteTestNGStarter.main(RemoteTestNGStarter.java:105)
    ... Removed 25 stack frames</div></td></tr></table><p class="totop"><a href="#summary">back to summary</a></p>
<h3 id="m6">Unit.HomePage.Problem_User#Test_allTheThings_checkName</h3><table class="result"><tr><th>Exception</th></tr><tr><td><div class="stacktrace">java.lang.AssertionError:
    expected [Test.allTheThings() T-Shirt (Red)] but found [Sauce Labs Backpack]
    at Unit.HomePage.Problem_User.Test_allTheThings_checkName(Problem_User.java:279)
    at java.base/java.util.ArrayList.forEach(ArrayList.java:1604)
    at com.intellij.rt.testng.IDEARemoteTestNG.run(IDEARemoteTestNG.java:65)
    at com.intellij.rt.testng.RemoteTestNGStarter.main(RemoteTestNGStarter.java:105)
    ... Removed 28 stack frames</div></td></tr></table><p class="totop"><a href="#summary">back to summary</a></p>
<h3 id="m7">Unit.HomePage.Problem_User#Z_A_sort</h3><table class="result"><tr><th>Exception</th></tr><tr><td><div class="stacktrace">java.lang.AssertionError:
    expected [true] but found [false]
    at Unit.HomePage.Problem_User.Z_A_sort(Problem_User.java:157)
    at java.base/java.util.ArrayList.forEach(ArrayList.java:1604)
    at com.intellij.rt.testng.IDEARemoteTestNG.run(IDEARemoteTestNG.java:65)
    at com.intellij.rt.testng.RemoteTestNGStarter.main(RemoteTestNGStarter.java:105)
    ... Removed 26 stack frames</div></td></tr></table><p class="totop"><a href="#summary">back to summary</a></p>
<h3 id="m8">Unit.HomePage.Problem_User#add_Bolt_T_shirt</h3><table class="result"><tr><th>Exception</th></tr><tr><td><div class="stacktrace">org.openqa.selenium.NoSuchElementException:
    no such element: Unable to locate element: {&quot;method&quot;:&quot;css selector&quot;,&quot;selector&quot;:&quot;#remove\-sauce\-labs\-backpack&quot;}
    (Session info: chrome=142.0.7444.176)
    For documentation on this error, please visit:
    https://www.selenium.dev/documentation/webdriver/troubleshooting/errors#no-such-element-exception
    Build info: version: &apos;4.26.0&apos;, revision: &apos;8ccf0219d7&apos;
    System info: os.name: &apos;Windows 10&apos;, os.arch: &apos;amd64&apos;, os.version: &apos;10.0&apos;,
    java.version: &apos;25.0.1&apos;
    Driver info: org.openqa.selenium.chrome.ChromeDriver
    Command: [007d1ce7d3156716ade65fcc4865e7bc, findElement {value=remove-sauce-labs-backpack, using=id}]
    Capabilities {acceptInsecureCerts: false, browserName: chrome, browserVersion: 142.0.7444.176, chrome:
    {chromedriverVersion: 142.0.7444.175 (302067f14a4..., userDataDir: C:\Users\ascom\AppData\Loca...}, fedcm:accounts:
    true, goog:chromeOptions: {debuggerAddress: localhost:64562}, goog:processID: 17112, networkConnectionEnabled:
    false, pageLoadStrategy: normal, platformName: windows, proxy: Proxy(), se:cdp: ws://localhost:64562/devtoo...,
    se:cdpVersion: 142.0.7444.176, setWindowRect: true, strictFileInteractability: false, timeouts: {implicit: 0,
    pageLoad: 300000, script: 30000}, unhandledPromptBehavior: dismiss and notify, webauthn:extension:credBlob: true,
    webauthn:extension:largeBlob: true, webauthn:extension:minPinLength: true, webauthn:extension:prf: true,
    webauthn:virtualAuthenticators: true}
    Session ID: 007d1ce7d3156716ade65fcc4865e7bc
    at org.openqa.selenium.remote.ErrorCodec.decode(ErrorCodec.java:167)
    at org.openqa.selenium.remote.codec.w3c.W3CHttpResponseCodec.decode(W3CHttpResponseCodec.java:138)
    at org.openqa.selenium.remote.codec.w3c.W3CHttpResponseCodec.decode(W3CHttpResponseCodec.java:50)
    at org.openqa.selenium.remote.HttpCommandExecutor.execute(HttpCommandExecutor.java:190)
    at org.openqa.selenium.remote.service.DriverCommandExecutor.invokeExecute(DriverCommandExecutor.java:216)
    at org.openqa.selenium.remote.service.DriverCommandExecutor.execute(DriverCommandExecutor.java:174)
    at org.openqa.selenium.remote.RemoteWebDriver.execute(RemoteWebDriver.java:545)
    at org.openqa.selenium.remote.ElementLocation$ElementFinder$2.findElement(ElementLocation.java:165)
    at org.openqa.selenium.remote.ElementLocation.findElement(ElementLocation.java:59)
    at org.openqa.selenium.remote.RemoteWebDriver.findElement(RemoteWebDriver.java:368)
    at org.openqa.selenium.remote.RemoteWebDriver.findElement(RemoteWebDriver.java:362)
    at Unit.HomePage.Problem_User.add_Bolt_T_shirt(Problem_User.java:104)
    at java.base/java.util.ArrayList.forEach(ArrayList.java:1604)
    at com.intellij.rt.testng.IDEARemoteTestNG.run(IDEARemoteTestNG.java:65)
    at com.intellij.rt.testng.RemoteTestNGStarter.main(RemoteTestNGStarter.java:105)
    ... Removed 25 stack frames</div></td></tr></table><p class="totop"><a href="#summary">back to summary</a></p>
<h3 id="m9">Unit.HomePage.Problem_User#add_Jacket</h3><table class="result"><tr><th>Exception</th></tr><tr><td><div class="stacktrace">org.openqa.selenium.NoSuchElementException:
    no such element: Unable to locate element: {&quot;method&quot;:&quot;css selector&quot;,&quot;selector&quot;:&quot;#remove\-sauce\-labs\-fleece\-jacket&quot;}
    (Session info: chrome=142.0.7444.176)
    For documentation on this error, please visit:
    https://www.selenium.dev/documentation/webdriver/troubleshooting/errors#no-such-element-exception
    Build info: version: &apos;4.26.0&apos;, revision: &apos;8ccf0219d7&apos;
    System info: os.name: &apos;Windows 10&apos;, os.arch: &apos;amd64&apos;, os.version: &apos;10.0&apos;,
    java.version: &apos;25.0.1&apos;
    Driver info: org.openqa.selenium.chrome.ChromeDriver
    Command: [d5de19bb0b9a7f3a57d7f5b2328c8f88, findElement {value=remove-sauce-labs-fleece-jacket, using=id}]
    Capabilities {acceptInsecureCerts: false, browserName: chrome, browserVersion: 142.0.7444.176, chrome:
    {chromedriverVersion: 142.0.7444.175 (302067f14a4..., userDataDir: C:\Users\ascom\AppData\Loca...}, fedcm:accounts:
    true, goog:chromeOptions: {debuggerAddress: localhost:64508}, goog:processID: 33816, networkConnectionEnabled:
    false, pageLoadStrategy: normal, platformName: windows, proxy: Proxy(), se:cdp: ws://localhost:64508/devtoo...,
    se:cdpVersion: 142.0.7444.176, setWindowRect: true, strictFileInteractability: false, timeouts: {implicit: 0,
    pageLoad: 300000, script: 30000}, unhandledPromptBehavior: dismiss and notify, webauthn:extension:credBlob: true,
    webauthn:extension:largeBlob: true, webauthn:extension:minPinLength: true, webauthn:extension:prf: true,
    webauthn:virtualAuthenticators: true}
    Session ID: d5de19bb0b9a7f3a57d7f5b2328c8f88
    at org.openqa.selenium.remote.ErrorCodec.decode(ErrorCodec.java:167)
    at org.openqa.selenium.remote.codec.w3c.W3CHttpResponseCodec.decode(W3CHttpResponseCodec.java:138)
    at org.openqa.selenium.remote.codec.w3c.W3CHttpResponseCodec.decode(W3CHttpResponseCodec.java:50)
    at org.openqa.selenium.remote.HttpCommandExecutor.execute(HttpCommandExecutor.java:190)
    at org.openqa.selenium.remote.service.DriverCommandExecutor.invokeExecute(DriverCommandExecutor.java:216)
    at org.openqa.selenium.remote.service.DriverCommandExecutor.execute(DriverCommandExecutor.java:174)
    at org.openqa.selenium.remote.RemoteWebDriver.execute(RemoteWebDriver.java:545)
    at org.openqa.selenium.remote.ElementLocation$ElementFinder$2.findElement(ElementLocation.java:165)
    at org.openqa.selenium.remote.ElementLocation.findElement(ElementLocation.java:59)
    at org.openqa.selenium.remote.RemoteWebDriver.findElement(RemoteWebDriver.java:368)
    at org.openqa.selenium.remote.RemoteWebDriver.findElement(RemoteWebDriver.java:362)
    at Unit.HomePage.Problem_User.add_Jacket(Problem_User.java:77)
    at java.base/java.util.ArrayList.forEach(ArrayList.java:1604)
    at com.intellij.rt.testng.IDEARemoteTestNG.run(IDEARemoteTestNG.java:65)
    at com.intellij.rt.testng.RemoteTestNGStarter.main(RemoteTestNGStarter.java:105)
    ... Removed 25 stack frames</div></td></tr></table><p class="totop"><a href="#summary">back to summary</a></p>
<h3 id="m10">Unit.HomePage.Problem_User#add_Test_allThings</h3><table class="result"><tr><th>Exception</th></tr><tr><td><div class="stacktrace">org.openqa.selenium.NoSuchElementException:
    no such element: Unable to locate element: {&quot;method&quot;:&quot;css selector&quot;,&quot;selector&quot;:&quot;#remove\-test\.allthethings\(\)\-t\-shirt\-\(red\)&quot;}
    (Session info: chrome=142.0.7444.176)
    For documentation on this error, please visit:
    https://www.selenium.dev/documentation/webdriver/troubleshooting/errors#no-such-element-exception
    Build info: version: &apos;4.26.0&apos;, revision: &apos;8ccf0219d7&apos;
    System info: os.name: &apos;Windows 10&apos;, os.arch: &apos;amd64&apos;, os.version: &apos;10.0&apos;,
    java.version: &apos;25.0.1&apos;
    Driver info: org.openqa.selenium.chrome.ChromeDriver
    Command: [cb6b2115ff26d4acc9f6c35e4f8a2a4c, findElement {value=remove-test.allthethings()-t-shirt-(red), using=id}]
    Capabilities {acceptInsecureCerts: false, browserName: chrome, browserVersion: 142.0.7444.176, chrome:
    {chromedriverVersion: 142.0.7444.175 (302067f14a4..., userDataDir: C:\Users\ascom\AppData\Loca...}, fedcm:accounts:
    true, goog:chromeOptions: {debuggerAddress: localhost:64589}, goog:processID: 3588, networkConnectionEnabled: false,
    pageLoadStrategy: normal, platformName: windows, proxy: Proxy(), se:cdp: ws://localhost:64589/devtoo...,
    se:cdpVersion: 142.0.7444.176, setWindowRect: true, strictFileInteractability: false, timeouts: {implicit: 0,
    pageLoad: 300000, script: 30000}, unhandledPromptBehavior: dismiss and notify, webauthn:extension:credBlob: true,
    webauthn:extension:largeBlob: true, webauthn:extension:minPinLength: true, webauthn:extension:prf: true,
    webauthn:virtualAuthenticators: true}
    Session ID: cb6b2115ff26d4acc9f6c35e4f8a2a4c
    at org.openqa.selenium.remote.ErrorCodec.decode(ErrorCodec.java:167)
    at org.openqa.selenium.remote.codec.w3c.W3CHttpResponseCodec.decode(W3CHttpResponseCodec.java:138)
    at org.openqa.selenium.remote.codec.w3c.W3CHttpResponseCodec.decode(W3CHttpResponseCodec.java:50)
    at org.openqa.selenium.remote.HttpCommandExecutor.execute(HttpCommandExecutor.java:190)
    at org.openqa.selenium.remote.service.DriverCommandExecutor.invokeExecute(DriverCommandExecutor.java:216)
    at org.openqa.selenium.remote.service.DriverCommandExecutor.execute(DriverCommandExecutor.java:174)
    at org.openqa.selenium.remote.RemoteWebDriver.execute(RemoteWebDriver.java:545)
    at org.openqa.selenium.remote.ElementLocation$ElementFinder$2.findElement(ElementLocation.java:165)
    at org.openqa.selenium.remote.ElementLocation.findElement(ElementLocation.java:59)
    at org.openqa.selenium.remote.RemoteWebDriver.findElement(RemoteWebDriver.java:368)
    at org.openqa.selenium.remote.RemoteWebDriver.findElement(RemoteWebDriver.java:362)
    at Unit.HomePage.Problem_User.add_Test_allThings(Problem_User.java:117)
    at java.base/java.util.ArrayList.forEach(ArrayList.java:1604)
    at com.intellij.rt.testng.IDEARemoteTestNG.run(IDEARemoteTestNG.java:65)
    at com.intellij.rt.testng.RemoteTestNGStarter.main(RemoteTestNGStarter.java:105)
    ... Removed 25 stack frames</div></td></tr></table><p class="totop"><a href="#summary">back to summary</a></p>
<h3 id="m11">Unit.HomePage.Problem_User#verifyCartQuantityUpdates</h3><table class="result"><tr><th>Exception</th></tr><tr><td><div class="stacktrace">java.lang.AssertionError:
    expected [] but found [1]
    at Unit.HomePage.Problem_User.verifyCartQuantityUpdates(Problem_User.java:144)
    at java.base/java.util.ArrayList.forEach(ArrayList.java:1604)
    at com.intellij.rt.testng.IDEARemoteTestNG.run(IDEARemoteTestNG.java:65)
    at com.intellij.rt.testng.RemoteTestNGStarter.main(RemoteTestNGStarter.java:105)
    ... Removed 28 stack frames</div></td></tr></table><p class="totop"><a href="#summary">back to summary</a></p>
<h3 id="m12">Unit.HomePage.Problem_User#verifySortingHighToLow</h3><table class="result"><tr><th>Exception</th></tr><tr><td><div class="stacktrace">java.lang.AssertionError:
    expected [true] but found [false]
    at Unit.HomePage.Problem_User.verifySortingHighToLow(Problem_User.java:198)
    at java.base/java.util.ArrayList.forEach(ArrayList.java:1604)
    at com.intellij.rt.testng.IDEARemoteTestNG.run(IDEARemoteTestNG.java:65)
    at com.intellij.rt.testng.RemoteTestNGStarter.main(RemoteTestNGStarter.java:105)
    ... Removed 26 stack frames</div></td></tr></table><p class="totop"><a href="#summary">back to summary</a></p>
<h3 id="m13">Unit.HomePage.Problem_User#verifySortingLowToHigh</h3><table class="result"><tr><th>Exception</th></tr><tr><td><div class="stacktrace">java.lang.AssertionError:
    expected [true] but found [false]
    at Unit.HomePage.Problem_User.verifySortingLowToHigh(Problem_User.java:184)
    at java.base/java.util.ArrayList.forEach(ArrayList.java:1604)
    at com.intellij.rt.testng.IDEARemoteTestNG.run(IDEARemoteTestNG.java:65)
    at com.intellij.rt.testng.RemoteTestNGStarter.main(RemoteTestNGStarter.java:105)
    ... Removed 26 stack frames</div></td></tr></table><p class="totop"><a href="#summary">back to summary</a></p>
<h3 id="m14">Unit.HomePage.Problem_User#A_Z_sort</h3><table class="result"><tr><th class="invisible"/></tr></table><p class="totop"><a href="#summary">back to summary</a></p>
<h3 id="m15">Unit.HomePage.Problem_User#add_Backpack</h3><table class="result"><tr><th class="invisible"/></tr></table><p class="totop"><a href="#summary">back to summary</a></p>
<h3 id="m16">Unit.HomePage.Problem_User#add_Bike_Light</h3><table class="result"><tr><th class="invisible"/></tr></table><p class="totop"><a href="#summary">back to summary</a></p>
<h3 id="m17">Unit.HomePage.Problem_User#add_Onesie</h3><table class="result"><tr><th class="invisible"/></tr></table><p class="totop"><a href="#summary">back to summary</a></p>
<h3 id="m18">Unit.HomePage.Problem_User#verifyNoDuplicateProducts</h3><table class="result"><tr><th class="invisible"/></tr></table><p class="totop"><a href="#summary">back to summary</a></p>
</body>
</html>
