<?xml version="1.0" encoding="UTF-8"?>
<!-- Generated by org.testng.reporters.JUnitXMLReporter -->
<testsuite ignored="0" hostname="Abdelrahman" failures="1" tests="22" name="SwagLabs-Automation" time="45.588" errors="0" timestamp="2025-11-29T23:43:47 EET">
  <testcase classname="E2E.E2E_Final" name="AddProduct" time="0.526"/>
  <testcase classname="E2E.E2E_Final" name="ViewProduct" time="0.432"/>
  <testcase classname="E2E.E2E_Final" name="ViewandAdd" time="0.491"/>
  <testcase classname="E2E.E2E_Final" name="removeProduct" time="0.139"/>
  <testcase classname="E2E.E2E_Final" name="GotoCart" time="0.213"/>
  <testcase classname="E2E.E2E_Final" name="RemoveFromCart" time="0.21"/>
  <testcase classname="E2E.E2E_Final" name="BackToHome" time="0.514"/>
  <testcase classname="E2E.E2E_Final" name="LogOut" time="0.935"/>
  <testcase classname="E2E.E2E_Final" name="LogIn" time="0.655"/>
  <testcase classname="E2E.E2E_Final" name="GotoCartAgain" time="0.176"/>
  <testcase classname="E2E.E2E_Final" name="GoToCheckout" time="0.17"/>
  <testcase classname="E2E.E2E_Final" name="AddInformation" time="0.575"/>
  <testcase classname="E2E.E2E_Final" name="Finish" time="0.343"/>
  <testcase classname="E2E.E2E_Final" name="wrong_process" time="3.641"/>
  <testcase classname="E2E.E2E_Final" name="wrong_process2" time="2.48"/>
  <testcase classname="E2E.E2E_Final" name="wrong_process3" time="6.384"/>
  <testcase classname="E2E.E2E_Final" name="success_process3" time="4.61"/>
  <testcase classname="E2E.E2E_Final" name="Remove_products2" time="3.289"/>
  <testcase classname="E2E.E2E_Final" name="empty_cart" time="1.554"/>
  <testcase classname="E2E.E2E_Final" name="empty_fields" time="2.632"/>
  <testcase classname="E2E.E2E_Final" name="performance_glitch_user" time="7.067"/>
  <testcase classname="E2E.E2E_Final" name="error_user" time="1.879">
    <failure type="java.lang.AssertionError" message="expected [https://www.saucedemo.com/checkout-complete.html] but found [https://www.saucedemo.com/checkout-step-two.html]">
      <![CDATA[java.lang.AssertionError: expected [https://www.saucedemo.com/checkout-complete.html] but found [https://www.saucedemo.com/checkout-step-two.html]
at E2E.E2E_Final.error_user(E2E_Final.java:415)
at java.base/java.util.ArrayList.forEach(ArrayList.java:1604)
at com.intellij.rt.testng.IDEARemoteTestNG.run(IDEARemoteTestNG.java:65)
at com.intellij.rt.testng.RemoteTestNGStarter.main(RemoteTestNGStarter.java:105)
... Removed 28 stack frames]]>
    </failure>
  </testcase> <!-- error_user -->
</testsuite> <!-- SwagLabs-Automation -->
