<?xml version="1.0" encoding="UTF-8"?>
<!-- Generated by org.testng.reporters.JUnitXMLReporter -->
<testsuite ignored="0" hostname="Abdelrahman" failures="1" tests="22" name="SwagLabs-Automation" time="44.872" errors="0" timestamp="2025-12-07T05:19:12 EET">
  <testcase classname="E2E.E2E_Final" name="AddProduct" time="0.503"/>
  <testcase classname="E2E.E2E_Final" name="ViewProduct" time="0.346"/>
  <testcase classname="E2E.E2E_Final" name="ViewandAdd" time="0.356"/>
  <testcase classname="E2E.E2E_Final" name="removeProduct" time="0.095"/>
  <testcase classname="E2E.E2E_Final" name="GotoCart" time="0.163"/>
  <testcase classname="E2E.E2E_Final" name="RemoveFromCart" time="0.152"/>
  <testcase classname="E2E.E2E_Final" name="BackToHome" time="0.245"/>
  <testcase classname="E2E.E2E_Final" name="LogOut" time="0.871"/>
  <testcase classname="E2E.E2E_Final" name="LogIn" time="0.605"/>
  <testcase classname="E2E.E2E_Final" name="GotoCartAgain" time="0.208"/>
  <testcase classname="E2E.E2E_Final" name="GoToCheckout" time="0.186"/>
  <testcase classname="E2E.E2E_Final" name="AddInformation" time="0.452"/>
  <testcase classname="E2E.E2E_Final" name="Finish" time="0.246"/>
  <testcase classname="E2E.E2E_Final" name="wrong_process" time="3.145"/>
  <testcase classname="E2E.E2E_Final" name="wrong_process2" time="2.058"/>
  <testcase classname="E2E.E2E_Final" name="wrong_process3" time="5.433"/>
  <testcase classname="E2E.E2E_Final" name="success_process3" time="3.692"/>
  <testcase classname="E2E.E2E_Final" name="Remove_products2" time="2.584"/>
  <testcase classname="E2E.E2E_Final" name="empty_cart" time="1.24"/>
  <testcase classname="E2E.E2E_Final" name="empty_fields" time="2.016"/>
  <testcase classname="E2E.E2E_Final" name="performance_glitch_user" time="6.404"/>
  <testcase classname="E2E.E2E_Final" name="error_user" time="1.32">
    <failure type="java.lang.AssertionError" message="expected [https://www.saucedemo.com/checkout-complete.html] but found [https://www.saucedemo.com/checkout-step-two.html]">
      <![CDATA[java.lang.AssertionError: expected [https://www.saucedemo.com/checkout-complete.html] but found [https://www.saucedemo.com/checkout-step-two.html]
at E2E.E2E_Final.error_user(E2E_Final.java:414)
at java.base/java.util.ArrayList.forEach(ArrayList.java:1604)
at com.intellij.rt.testng.IDEARemoteTestNG.run(IDEARemoteTestNG.java:65)
at com.intellij.rt.testng.RemoteTestNGStarter.main(RemoteTestNGStarter.java:105)
... Removed 28 stack frames]]>
    </failure>
  </testcase> <!-- error_user -->
</testsuite> <!-- SwagLabs-Automation -->
