<?xml version="1.0" encoding="UTF-8"?>
<!-- Generated by org.testng.reporters.JUnitXMLReporter -->
<testsuite ignored="0" hostname="Abdelrahman" failures="2" tests="8" name="SwagLabs-Automation" time="50.889" errors="0" timestamp="2025-11-30T00:35:08 EET">
  <testcase classname="OldWork.RemainingPages.Checkout" name="checkout_IformationPage_open" time="0.466"/>
  <testcase classname="OldWork.RemainingPages.Checkout" name="valid_inputs" time="1.233"/>
  <testcase classname="OldWork.RemainingPages.Checkout" name="fields_empty" time="0.931"/>
  <testcase classname="OldWork.RemainingPages.Checkout" name="only_spaces_FirstName" time="1.004">
    <failure type="java.lang.AssertionError" message="expected [https://www.saucedemo.com/checkout-step-one.html] but found [https://www.saucedemo.com/checkout-step-two.html]">
      <![CDATA[java.lang.AssertionError: expected [https://www.saucedemo.com/checkout-step-one.html] but found [https://www.saucedemo.com/checkout-step-two.html]
at OldWork.RemainingPages.Checkout.only_spaces_FirstName(Checkout.java:100)
at java.base/java.util.ArrayList.forEach(ArrayList.java:1604)
at com.intellij.rt.testng.IDEARemoteTestNG.run(IDEARemoteTestNG.java:65)
at com.intellij.rt.testng.RemoteTestNGStarter.main(RemoteTestNGStarter.java:105)
... Removed 28 stack frames]]>
    </failure>
  </testcase> <!-- only_spaces_FirstName -->
  <testcase classname="OldWork.RemainingPages.Checkout" name="donot_select_products" time="0.304">
    <failure type="java.lang.AssertionError" message="did not expect [https://www.saucedemo.com/checkout-step-one.html] but found [https://www.saucedemo.com/checkout-step-one.html]">
      <![CDATA[java.lang.AssertionError: did not expect [https://www.saucedemo.com/checkout-step-one.html] but found [https://www.saucedemo.com/checkout-step-one.html]
at OldWork.RemainingPages.Checkout.donot_select_products(Checkout.java:86)
at java.base/java.util.ArrayList.forEach(ArrayList.java:1604)
at com.intellij.rt.testng.IDEARemoteTestNG.run(IDEARemoteTestNG.java:65)
at com.intellij.rt.testng.RemoteTestNGStarter.main(RemoteTestNGStarter.java:105)
... Removed 27 stack frames]]>
    </failure>
  </testcase> <!-- donot_select_products -->
  <testcase classname="OldWork.RemainingPages.Checkout" name="DescriptionPage_open" time="1.116"/>
  <testcase classname="OldWork.RemainingPages.Checkout" name="Remove_button" time="1.347"/>
  <testcase classname="OldWork.RemainingPages.Checkout" name="Add_products" time="1.359"/>
</testsuite> <!-- SwagLabs-Automation -->
