<?xml version="1.0" encoding="UTF-8"?>
<!-- Generated by org.testng.reporters.JUnitXMLReporter -->
<testsuite ignored="0" hostname="Abdelrahman" failures="0" tests="7" name="SwagLabs-Automation" time="43.31" errors="0" timestamp="2025-11-30T01:00:05 EET">
  <testcase classname="integration.Cart.StandardUser" name="AddSingleItemToCart" time="0.4"/>
  <testcase classname="integration.Cart.StandardUser" name="AddMultipleItemsToCart" time="0.652"/>
  <testcase classname="integration.Cart.StandardUser" name="RemoveItemFromCart" time="0.517"/>
  <testcase classname="integration.Cart.StandardUser" name="CartBadgeCount" time="0.339"/>
  <testcase classname="integration.Cart.StandardUser" name="GoToCheckoutFromCart" time="0.524"/>
  <testcase classname="integration.Cart.StandardUser" name="ContinueShoppingFromCart" time="0.466"/>
  <testcase classname="integration.Cart.StandardUser" name="CartIsEmptyInitially" time="0.027"/>
</testsuite> <!-- SwagLabs-Automation -->
