<?xml version="1.0" encoding="UTF-8"?>
<!-- Generated by org.testng.reporters.JUnitXMLReporter -->
<testsuite ignored="0" hostname="Abdelrahman" failures="5" tests="23" name="SwagLabs-Automation" time="234.85" errors="0" timestamp="2025-11-30T01:16:33 EET">
  <testcase classname="integration.SideBar.Standard_user" name="AboutCheckOut" time="6.309"/>
  <testcase classname="integration.SideBar.Standard_user" name="AboutHome" time="5.179"/>
  <testcase classname="integration.SideBar.Standard_user" name="AboutOverView" time="5.927"/>
  <testcase classname="integration.SideBar.Standard_user" name="AboutProduct" time="5.213"/>
  <testcase classname="integration.SideBar.Standard_user" name="Aboutcart" time="6.933"/>
  <testcase classname="integration.SideBar.Standard_user" name="AllItemsCart" time="1.237"/>
  <testcase classname="integration.SideBar.Standard_user" name="AllItemsCheckOut" time="1.359"/>
  <testcase classname="integration.SideBar.Standard_user" name="AllItemsHome" time="1.251"/>
  <testcase classname="integration.SideBar.Standard_user" name="AllItemsOverView" time="1.853"/>
  <testcase classname="integration.SideBar.Standard_user" name="AllItemsProduct" time="1.282"/>
  <testcase classname="integration.SideBar.Standard_user" name="LogOutCart" time="1.396"/>
  <testcase classname="integration.SideBar.Standard_user" name="LogOutCheckout" time="1.471"/>
  <testcase classname="integration.SideBar.Standard_user" name="LogOutHome" time="1.299"/>
  <testcase classname="integration.SideBar.Standard_user" name="LogOutOverView" time="2.034"/>
  <testcase classname="integration.SideBar.Standard_user" name="LogOutProduct" time="1.236"/>
  <testcase classname="integration.SideBar.Standard_user" name="LoginAfterLogout" time="1.77"/>
  <testcase classname="integration.SideBar.Standard_user" name="LoginAfterLogoutDifferentUser" time="1.728">
    <failure type="java.lang.AssertionError" message="expected [0] but found [2]">
      <![CDATA[java.lang.AssertionError: expected [0] but found [2]
at integration.SideBar.Standard_user.LoginAfterLogoutDifferentUser(Standard_user.java:115)
at java.base/java.util.ArrayList.forEach(ArrayList.java:1604)
at com.intellij.rt.testng.IDEARemoteTestNG.run(IDEARemoteTestNG.java:65)
at com.intellij.rt.testng.RemoteTestNGStarter.main(RemoteTestNGStarter.java:105)
... Removed 28 stack frames]]>
    </failure>
  </testcase> <!-- LoginAfterLogoutDifferentUser -->
  <testcase classname="integration.SideBar.Standard_user" name="ResetAfterAddProduct" time="2.18">
    <failure type="java.lang.AssertionError" message="expected [Add to cart] but found [Remove]">
      <![CDATA[java.lang.AssertionError: expected [Add to cart] but found [Remove]
at integration.SideBar.Standard_user.ResetAfterAddProduct(Standard_user.java:372)
at java.base/java.util.ArrayList.forEach(ArrayList.java:1604)
at com.intellij.rt.testng.IDEARemoteTestNG.run(IDEARemoteTestNG.java:65)
at com.intellij.rt.testng.RemoteTestNGStarter.main(RemoteTestNGStarter.java:105)
... Removed 28 stack frames]]>
    </failure>
  </testcase> <!-- ResetAfterAddProduct -->
  <testcase classname="integration.SideBar.Standard_user" name="ResetCheckout" time="1.526">
    <failure type="java.lang.AssertionError" message="expected [] but found [mohamed]">
      <![CDATA[java.lang.AssertionError: expected [] but found [mohamed]
at integration.SideBar.Standard_user.ResetCheckout(Standard_user.java:238)
at java.base/java.util.ArrayList.forEach(ArrayList.java:1604)
at com.intellij.rt.testng.IDEARemoteTestNG.run(IDEARemoteTestNG.java:65)
at com.intellij.rt.testng.RemoteTestNGStarter.main(RemoteTestNGStarter.java:105)
... Removed 28 stack frames]]>
    </failure>
  </testcase> <!-- ResetCheckout -->
  <testcase classname="integration.SideBar.Standard_user" name="ResetHome" time="1.416">
    <failure type="java.lang.AssertionError" message="expected [Add to cart] but found [Remove]">
      <![CDATA[java.lang.AssertionError: expected [Add to cart] but found [Remove]
at integration.SideBar.Standard_user.ResetHome(Standard_user.java:139)
at java.base/java.util.ArrayList.forEach(ArrayList.java:1604)
at com.intellij.rt.testng.IDEARemoteTestNG.run(IDEARemoteTestNG.java:65)
at com.intellij.rt.testng.RemoteTestNGStarter.main(RemoteTestNGStarter.java:105)
... Removed 28 stack frames]]>
    </failure>
  </testcase> <!-- ResetHome -->
  <testcase classname="integration.SideBar.Standard_user" name="ResetOverView" time="2.046"/>
  <testcase classname="integration.SideBar.Standard_user" name="ResetProductBefor" time="1.508"/>
  <testcase classname="integration.SideBar.Standard_user" name="Resetcart" time="21.337">
    <failure type="org.openqa.selenium.TimeoutException" message="Expected condition failed: waiting for presence of element located by: By.xpath: //*[@id=&amp;quot;shopping_cart_container&amp;quot;]/a/span (tried for 20 second(s) with 500 milliseconds interval)">
      <![CDATA[org.openqa.selenium.TimeoutException: Expected condition failed: waiting for presence of element located by: By.xpath: //*[@id="shopping_cart_container"]/a/span (tried for 20 second(s) with 500 milliseconds interval)
at org.openqa.selenium.support.ui.WebDriverWait.timeoutException(WebDriverWait.java:84)
at org.openqa.selenium.support.ui.FluentWait.until(FluentWait.java:228)
at integration.SideBar.Standard_user.Resetcart(Standard_user.java:189)
at java.base/java.util.ArrayList.forEach(ArrayList.java:1604)
at com.intellij.rt.testng.IDEARemoteTestNG.run(IDEARemoteTestNG.java:65)
at com.intellij.rt.testng.RemoteTestNGStarter.main(RemoteTestNGStarter.java:105)
Caused by: org.openqa.selenium.NoSuchElementException: no such element: Unable to locate element: {"method":"xpath","selector":"//*[@id="shopping_cart_container"]/a/span"}
  (Session info: chrome=142.0.7444.176)
For documentation on this error, please visit: https://www.selenium.dev/documentation/webdriver/troubleshooting/errors#no-such-element-exception
Build info: version: '4.26.0', revision: '8ccf0219d7'
System info: os.name: 'Windows 11', os.arch: 'amd64', os.version: '10.0', java.version: '25'
Driver info: org.openqa.selenium.chrome.ChromeDriver
Command: [519781d9cca8718c92b82250bc2e6673, findElement {using=xpath, value=//*[@id="shopping_cart_container"]/a/span}]
Capabilities {acceptInsecureCerts: false, browserName: chrome, browserVersion: 142.0.7444.176, chrome: {chromedriverVersion: 142.0.7444.175 (302067f14a4..., userDataDir: C:\Users\SOFTLA~1\AppData\L...}, fedcm:accounts: true, goog:chromeOptions: {debuggerAddress: localhost:62791}, goog:processID: 43572, networkConnectionEnabled: false, pageLoadStrategy: normal, platformName: windows, proxy: Proxy(), se:cdp: ws://localhost:62791/devtoo..., se:cdpVersion: 142.0.7444.176, setWindowRect: true, strictFileInteractability: false, timeouts: {implicit: 0, pageLoad: 300000, script: 30000}, unhandledPromptBehavior: dismiss and notify, webauthn:extension:credBlob: true, webauthn:extension:largeBlob: true, webauthn:extension:minPinLength: true, webauthn:extension:prf: true, webauthn:virtualAuthenticators: true}
Session ID: 519781d9cca8718c92b82250bc2e6673
at org.openqa.selenium.remote.ErrorCodec.decode(ErrorCodec.java:167)
at org.openqa.selenium.remote.codec.w3c.W3CHttpResponseCodec.decode(W3CHttpResponseCodec.java:138)
at org.openqa.selenium.remote.codec.w3c.W3CHttpResponseCodec.decode(W3CHttpResponseCodec.java:50)
at org.openqa.selenium.remote.HttpCommandExecutor.execute(HttpCommandExecutor.java:190)
at org.openqa.selenium.remote.service.DriverCommandExecutor.invokeExecute(DriverCommandExecutor.java:216)
at org.openqa.selenium.remote.service.DriverCommandExecutor.execute(DriverCommandExecutor.java:174)
at org.openqa.selenium.remote.RemoteWebDriver.execute(RemoteWebDriver.java:545)
at org.openqa.selenium.remote.ElementLocation$ElementFinder$2.findElement(ElementLocation.java:165)
at org.openqa.selenium.remote.ElementLocation.findElement(ElementLocation.java:59)
at org.openqa.selenium.remote.RemoteWebDriver.findElement(RemoteWebDriver.java:368)
at org.openqa.selenium.remote.RemoteWebDriver.findElement(RemoteWebDriver.java:362)
at org.openqa.selenium.support.ui.ExpectedConditions$6.apply(ExpectedConditions.java:171)
at org.openqa.selenium.support.ui.ExpectedConditions$6.apply(ExpectedConditions.java:168)
at org.openqa.selenium.support.ui.FluentWait.until(FluentWait.java:203)
... 26 more
... Removed 25 stack frames]]>
    </failure>
  </testcase> <!-- Resetcart -->
</testsuite> <!-- SwagLabs-Automation -->
