<!DOCTYPE html PUBLIC "-//W3C//DTD XHTML 1.1//EN" "https://www.w3.org/TR/xhtml11/DTD/xhtml11.dtd">
<html xmlns="https://www.w3.org/1999/xhtml">
<head>
<meta http-equiv="content-type" content="text/html; charset=UTF-8"/>
<title>TestNG Report</title>
<style type="text/css">table {margin-bottom:10px;border-collapse:collapse;empty-cells:show}th,td {border:1px solid #009;padding:.25em .5em}th {vertical-align:bottom}td {vertical-align:top}table a {font-weight:bold}.stripe td {background-color: #E6EBF9}.num {text-align:right}.passedodd td {background-color: #3F3}.passedeven td {background-color: #0A0}.skippedodd td {background-color: #DDD}.skippedeven td {background-color: #CCC}.failedodd td,.attn {background-color: #F33}.failedeven td,.stripe .attn {background-color: #D00}.stacktrace {white-space:pre;font-family:monospace}.totop {font-size:85%;text-align:center;border-bottom:2px solid #000}.invisible {display:none}</style>
</head>
<body>
<table>
<tr><th>Test</th><th># Passed</th><th># Skipped</th><th># Retried</th><th># Failed</th><th>Time (ms)</th><th>Included Groups</th><th>Excluded Groups</th></tr>
<tr><th colspan="8">Default Suite</th></tr>
<tr><td><a href="#t0">SwagLabs-Automation</a></td><td class="num">6</td><td class="num">0</td><td class="num">0</td><td class="num attn">2</td><td class="num">50,889</td><td></td><td></td></tr>
</table>
<table id='summary'><thead><tr><th>Class</th><th>Method</th><th>Start</th><th>Time (ms)</th></tr></thead><tbody><tr><th colspan="4">Default Suite</th></tr></tbody><tbody id="t0"><tr><th colspan="4">SwagLabs-Automation &#8212; failed</th></tr><tr class="failedeven"><td rowspan="2">Unit.RemainingPages.Checkout</td><td><a href="#m0">donot_select_products</a></td><td rowspan="1">1764455686499</td><td rowspan="1">304</td></tr><tr class="failedeven"><td><a href="#m1">only_spaces_FirstName</a></td><td rowspan="1">1764455680992</td><td rowspan="1">1004</td></tr><tr><th colspan="4">SwagLabs-Automation &#8212; passed</th></tr><tr class="passedeven"><td rowspan="6">Unit.RemainingPages.Checkout</td><td><a href="#m2">Add_products</a></td><td rowspan="1">1764455706028</td><td rowspan="1">1359</td></tr><tr class="passedeven"><td><a href="#m3">DescriptionPage_open</a></td><td rowspan="1">1764455693587</td><td rowspan="1">1116</td></tr><tr class="passedeven"><td><a href="#m4">Remove_button</a></td><td rowspan="1">1764455699589</td><td rowspan="1">1347</td></tr><tr class="passedeven"><td><a href="#m5">checkout_IformationPage_open</a></td><td rowspan="1">1764455662364</td><td rowspan="1">466</td></tr><tr class="passedeven"><td><a href="#m6">fields_empty</a></td><td rowspan="1">1764455675387</td><td rowspan="1">931</td></tr><tr class="passedeven"><td><a href="#m7">valid_inputs</a></td><td rowspan="1">1764455669649</td><td rowspan="1">1233</td></tr></tbody>
</table>
<h2>SwagLabs-Automation</h2><h3 id="m0">Unit.RemainingPages.Checkout#donot_select_products</h3><table class="result"><tr><th>Exception</th></tr><tr><td><div class="stacktrace">java.lang.AssertionError:
    did not expect [https://www.saucedemo.com/checkout-step-one.html] but found
    [https://www.saucedemo.com/checkout-step-one.html]
    at Unit.RemainingPages.Checkout.donot_select_products(Checkout.java:86)
    at java.base/java.util.ArrayList.forEach(ArrayList.java:1604)
    at com.intellij.rt.testng.IDEARemoteTestNG.run(IDEARemoteTestNG.java:65)
    at com.intellij.rt.testng.RemoteTestNGStarter.main(RemoteTestNGStarter.java:105)
    ... Removed 27 stack frames</div></td></tr></table><p class="totop"><a href="#summary">back to summary</a></p>
<h3 id="m1">Unit.RemainingPages.Checkout#only_spaces_FirstName</h3><table class="result"><tr><th>Exception</th></tr><tr><td><div class="stacktrace">java.lang.AssertionError:
    expected [https://www.saucedemo.com/checkout-step-one.html] but found
    [https://www.saucedemo.com/checkout-step-two.html]
    at Unit.RemainingPages.Checkout.only_spaces_FirstName(Checkout.java:100)
    at java.base/java.util.ArrayList.forEach(ArrayList.java:1604)
    at com.intellij.rt.testng.IDEARemoteTestNG.run(IDEARemoteTestNG.java:65)
    at com.intellij.rt.testng.RemoteTestNGStarter.main(RemoteTestNGStarter.java:105)
    ... Removed 28 stack frames</div></td></tr></table><p class="totop"><a href="#summary">back to summary</a></p>
<h3 id="m2">Unit.RemainingPages.Checkout#Add_products</h3><table class="result"><tr><th class="invisible"/></tr></table><p class="totop"><a href="#summary">back to summary</a></p>
<h3 id="m3">Unit.RemainingPages.Checkout#DescriptionPage_open</h3><table class="result"><tr><th class="invisible"/></tr></table><p class="totop"><a href="#summary">back to summary</a></p>
<h3 id="m4">Unit.RemainingPages.Checkout#Remove_button</h3><table class="result"><tr><th class="invisible"/></tr></table><p class="totop"><a href="#summary">back to summary</a></p>
<h3 id="m5">Unit.RemainingPages.Checkout#checkout_IformationPage_open</h3><table class="result"><tr><th class="invisible"/></tr></table><p class="totop"><a href="#summary">back to summary</a></p>
<h3 id="m6">Unit.RemainingPages.Checkout#fields_empty</h3><table class="result"><tr><th class="invisible"/></tr></table><p class="totop"><a href="#summary">back to summary</a></p>
<h3 id="m7">Unit.RemainingPages.Checkout#valid_inputs</h3><table class="result"><tr><th class="invisible"/></tr></table><p class="totop"><a href="#summary">back to summary</a></p>
</body>
</html>
