<!DOCTYPE html PUBLIC "-//W3C//DTD XHTML 1.1//EN" "https://www.w3.org/TR/xhtml11/DTD/xhtml11.dtd">
<html xmlns="https://www.w3.org/1999/xhtml">
<head>
<meta http-equiv="content-type" content="text/html; charset=UTF-8"/>
<title>TestNG Report</title>
<style type="text/css">table {margin-bottom:10px;border-collapse:collapse;empty-cells:show}th,td {border:1px solid #009;padding:.25em .5em}th {vertical-align:bottom}td {vertical-align:top}table a {font-weight:bold}.stripe td {background-color: #E6EBF9}.num {text-align:right}.passedodd td {background-color: #3F3}.passedeven td {background-color: #0A0}.skippedodd td {background-color: #DDD}.skippedeven td {background-color: #CCC}.failedodd td,.attn {background-color: #F33}.failedeven td,.stripe .attn {background-color: #D00}.stacktrace {white-space:pre;font-family:monospace}.totop {font-size:85%;text-align:center;border-bottom:2px solid #000}.invisible {display:none}</style>
</head>
<body>
<table>
<tr><th>Test</th><th># Passed</th><th># Skipped</th><th># Retried</th><th># Failed</th><th>Time (ms)</th><th>Included Groups</th><th>Excluded Groups</th></tr>
<tr><th colspan="8">Default Suite</th></tr>
<tr><td><a href="#t0">SoftwareTesting-FinalProject-main</a></td><td class="num">12</td><td class="num">0</td><td class="num">0</td><td class="num attn">5</td><td class="num">124,160</td><td></td><td></td></tr>
</table>
<table id='summary'><thead><tr><th>Class</th><th>Method</th><th>Start</th><th>Time (ms)</th></tr></thead><tbody><tr><th colspan="4">Default Suite</th></tr></tbody><tbody id="t0"><tr><th colspan="4">SoftwareTesting-FinalProject-main &#8212; failed</th></tr><tr class="failedeven"><td rowspan="5">Unit.SideBar.Standar_user</td><td><a href="#m0">ReseCcart</a></td><td rowspan="1">1764454858946</td><td rowspan="1">21015</td></tr><tr class="failedeven"><td><a href="#m1">ResetCheckout</a></td><td rowspan="1">1764454884056</td><td rowspan="1">460</td></tr><tr class="failedeven"><td><a href="#m2">ResetProductState</a></td><td rowspan="1">1764454888728</td><td rowspan="1">251</td></tr><tr class="failedeven"><td><a href="#m3">TestLogoutLink</a></td><td rowspan="1">1764454919322</td><td rowspan="1">14</td></tr><tr class="failedeven"><td><a href="#m4">clicks</a></td><td rowspan="1">1764454931998</td><td rowspan="1">10472</td></tr><tr><th colspan="4">SoftwareTesting-FinalProject-main &#8212; passed</th></tr><tr class="passedeven"><td rowspan="12">Unit.SideBar.Standar_user</td><td><a href="#m5">AboutDisplayed</a></td><td rowspan="1">1764454893549</td><td rowspan="1">54</td></tr><tr class="passedeven"><td><a href="#m6">AllItemsDisplayed</a></td><td rowspan="1">1764454898265</td><td rowspan="1">51</td></tr><tr class="passedeven"><td><a href="#m7">AllitemsFromCart</a></td><td rowspan="1">1764454823287</td><td rowspan="1">3700</td></tr><tr class="passedeven"><td><a href="#m8">AllitemsFromCheckout</a></td><td rowspan="1">1764454840590</td><td rowspan="1">1718</td></tr><tr class="passedeven"><td><a href="#m9">AllitemsFromOverview</a></td><td rowspan="1">1764454846324</td><td rowspan="1">3881</td></tr><tr class="passedeven"><td><a href="#m10">CheckLogout</a></td><td rowspan="1">1764454854656</td><td rowspan="1">174</td></tr><tr class="passedeven"><td><a href="#m11">LogoutDisplayed</a></td><td rowspan="1">1764454902277</td><td rowspan="1">52</td></tr><tr class="passedeven"><td><a href="#m12">ResetDisplayed</a></td><td rowspan="1">1764454906060</td><td rowspan="1">63</td></tr><tr class="passedeven"><td><a href="#m13">TestAboutLink</a></td><td rowspan="1">1764454910486</td><td rowspan="1">15</td></tr><tr class="passedeven"><td><a href="#m14">TestAllitemsLink</a></td><td rowspan="1">1764454915053</td><td rowspan="1">14</td></tr><tr class="passedeven"><td><a href="#m15">TestResetLink</a></td><td rowspan="1">1764454923508</td><td rowspan="1">13</td></tr><tr class="passedeven"><td><a href="#m16">enabled</a></td><td rowspan="1">1764454927976</td><td rowspan="1">92</td></tr></tbody>
</table>
<h2>SoftwareTesting-FinalProject-main</h2><h3 id="m0">Unit.SideBar.Standar_user#ReseCcart</h3><table class="result"><tr><th>Exception</th></tr><tr><td><div class="stacktrace">org.openqa.selenium.TimeoutException:
    Expected condition failed: waiting for presence of element located by: By.xpath: //*[@id=&quot;shopping_cart_container&quot;]/a/span
    (tried for 20 second(s) with 500 milliseconds interval)
    at org.openqa.selenium.support.ui.WebDriverWait.timeoutException(WebDriverWait.java:84)
    at org.openqa.selenium.support.ui.FluentWait.until(FluentWait.java:228)
    at Unit.SideBar.Standar_user.ReseCcart(Standar_user.java:164)
    at java.base/java.util.ArrayList.forEach(ArrayList.java:1604)
    at com.intellij.rt.testng.IDEARemoteTestNG.run(IDEARemoteTestNG.java:65)
    at com.intellij.rt.testng.RemoteTestNGStarter.main(RemoteTestNGStarter.java:105)
    Caused by: org.openqa.selenium.NoSuchElementException: no such element: Unable to locate element: {&quot;method&quot;:&quot;xpath&quot;,&quot;selector&quot;:&quot;//*[@id=&quot;shopping_cart_container&quot;]/a/span&quot;}
    (Session info: chrome=142.0.7444.176)
    For documentation on this error, please visit:
    https://www.selenium.dev/documentation/webdriver/troubleshooting/errors#no-such-element-exception
    Build info: version: &apos;4.26.0&apos;, revision: &apos;8ccf0219d7&apos;
    System info: os.name: &apos;Windows 10&apos;, os.arch: &apos;amd64&apos;, os.version: &apos;10.0&apos;,
    java.version: &apos;25.0.1&apos;
    Driver info: org.openqa.selenium.chrome.ChromeDriver
    Command: [9b1831c9c0d81371ce1cf5223d7f6fe3, findElement {using=xpath, value=//*[@id=&quot;shopping_cart_container&quot;]/a/span}]
    Capabilities {acceptInsecureCerts: false, browserName: chrome, browserVersion: 142.0.7444.176, chrome:
    {chromedriverVersion: 142.0.7444.175 (302067f14a4..., userDataDir: C:\Users\ascom\AppData\Loca...}, fedcm:accounts:
    true, goog:chromeOptions: {debuggerAddress: localhost:63120}, goog:processID: 11444, networkConnectionEnabled:
    false, pageLoadStrategy: normal, platformName: windows, proxy: Proxy(), se:cdp: ws://localhost:63120/devtoo...,
    se:cdpVersion: 142.0.7444.176, setWindowRect: true, strictFileInteractability: false, timeouts: {implicit: 0,
    pageLoad: 300000, script: 30000}, unhandledPromptBehavior: dismiss and notify, webauthn:extension:credBlob: true,
    webauthn:extension:largeBlob: true, webauthn:extension:minPinLength: true, webauthn:extension:prf: true,
    webauthn:virtualAuthenticators: true}
    Session ID: 9b1831c9c0d81371ce1cf5223d7f6fe3
    at org.openqa.selenium.remote.ErrorCodec.decode(ErrorCodec.java:167)
    at org.openqa.selenium.remote.codec.w3c.W3CHttpResponseCodec.decode(W3CHttpResponseCodec.java:138)
    at org.openqa.selenium.remote.codec.w3c.W3CHttpResponseCodec.decode(W3CHttpResponseCodec.java:50)
    at org.openqa.selenium.remote.HttpCommandExecutor.execute(HttpCommandExecutor.java:190)
    at org.openqa.selenium.remote.service.DriverCommandExecutor.invokeExecute(DriverCommandExecutor.java:216)
    at org.openqa.selenium.remote.service.DriverCommandExecutor.execute(DriverCommandExecutor.java:174)
    at org.openqa.selenium.remote.RemoteWebDriver.execute(RemoteWebDriver.java:545)
    at org.openqa.selenium.remote.ElementLocation$ElementFinder$2.findElement(ElementLocation.java:165)
    at org.openqa.selenium.remote.ElementLocation.findElement(ElementLocation.java:59)
    at org.openqa.selenium.remote.RemoteWebDriver.findElement(RemoteWebDriver.java:368)
    at org.openqa.selenium.remote.RemoteWebDriver.findElement(RemoteWebDriver.java:362)
    at org.openqa.selenium.support.ui.ExpectedConditions$6.apply(ExpectedConditions.java:171)
    at org.openqa.selenium.support.ui.ExpectedConditions$6.apply(ExpectedConditions.java:168)
    at org.openqa.selenium.support.ui.FluentWait.until(FluentWait.java:203)
    ... 26 more
    ... Removed 25 stack frames</div></td></tr></table><p class="totop"><a href="#summary">back to summary</a></p>
<h3 id="m1">Unit.SideBar.Standar_user#ResetCheckout</h3><table class="result"><tr><th>Exception</th></tr><tr><td><div class="stacktrace">java.lang.AssertionError:
    expected [] but found [mohamed]
    at Unit.SideBar.Standar_user.ResetCheckout(Standar_user.java:239)
    at java.base/java.util.ArrayList.forEach(ArrayList.java:1604)
    at com.intellij.rt.testng.IDEARemoteTestNG.run(IDEARemoteTestNG.java:65)
    at com.intellij.rt.testng.RemoteTestNGStarter.main(RemoteTestNGStarter.java:105)
    ... Removed 28 stack frames</div></td></tr></table><p class="totop"><a href="#summary">back to summary</a></p>
<h3 id="m2">Unit.SideBar.Standar_user#ResetProductState</h3><table class="result"><tr><th>Exception</th></tr><tr><td><div class="stacktrace">java.lang.AssertionError:
    expected [Add to cart] but found [Remove]
    at Unit.SideBar.Standar_user.ResetProductState(Standar_user.java:254)
    at java.base/java.util.ArrayList.forEach(ArrayList.java:1604)
    at com.intellij.rt.testng.IDEARemoteTestNG.run(IDEARemoteTestNG.java:65)
    at com.intellij.rt.testng.RemoteTestNGStarter.main(RemoteTestNGStarter.java:105)
    ... Removed 28 stack frames</div></td></tr></table><p class="totop"><a href="#summary">back to summary</a></p>
<h3 id="m3">Unit.SideBar.Standar_user#TestLogoutLink</h3><table class="result"><tr><th>Exception</th></tr><tr><td><div class="stacktrace">java.lang.AssertionError:
    expected [https://www.saucedemo.com/] but found [https://www.saucedemo.com/inventory.html#]
    at Unit.SideBar.Standar_user.TestLogoutLink(Standar_user.java:132)
    at java.base/java.util.ArrayList.forEach(ArrayList.java:1604)
    at com.intellij.rt.testng.IDEARemoteTestNG.run(IDEARemoteTestNG.java:65)
    at com.intellij.rt.testng.RemoteTestNGStarter.main(RemoteTestNGStarter.java:105)
    ... Removed 28 stack frames</div></td></tr></table><p class="totop"><a href="#summary">back to summary</a></p>
<h3 id="m4">Unit.SideBar.Standar_user#clicks</h3><table class="result"><tr><th>Exception</th></tr><tr><td><div class="stacktrace">java.lang.AssertionError:
    expected [Add to cart] but found [Remove]
    at Unit.SideBar.Standar_user.clicks(Standar_user.java:151)
    at java.base/java.util.ArrayList.forEach(ArrayList.java:1604)
    at com.intellij.rt.testng.IDEARemoteTestNG.run(IDEARemoteTestNG.java:65)
    at com.intellij.rt.testng.RemoteTestNGStarter.main(RemoteTestNGStarter.java:105)
    ... Removed 28 stack frames</div></td></tr></table><p class="totop"><a href="#summary">back to summary</a></p>
<h3 id="m5">Unit.SideBar.Standar_user#AboutDisplayed</h3><table class="result"><tr><th class="invisible"/></tr></table><p class="totop"><a href="#summary">back to summary</a></p>
<h3 id="m6">Unit.SideBar.Standar_user#AllItemsDisplayed</h3><table class="result"><tr><th class="invisible"/></tr></table><p class="totop"><a href="#summary">back to summary</a></p>
<h3 id="m7">Unit.SideBar.Standar_user#AllitemsFromCart</h3><table class="result"><tr><th class="invisible"/></tr></table><p class="totop"><a href="#summary">back to summary</a></p>
<h3 id="m8">Unit.SideBar.Standar_user#AllitemsFromCheckout</h3><table class="result"><tr><th class="invisible"/></tr></table><p class="totop"><a href="#summary">back to summary</a></p>
<h3 id="m9">Unit.SideBar.Standar_user#AllitemsFromOverview</h3><table class="result"><tr><th class="invisible"/></tr></table><p class="totop"><a href="#summary">back to summary</a></p>
<h3 id="m10">Unit.SideBar.Standar_user#CheckLogout</h3><table class="result"><tr><th class="invisible"/></tr></table><p class="totop"><a href="#summary">back to summary</a></p>
<h3 id="m11">Unit.SideBar.Standar_user#LogoutDisplayed</h3><table class="result"><tr><th class="invisible"/></tr></table><p class="totop"><a href="#summary">back to summary</a></p>
<h3 id="m12">Unit.SideBar.Standar_user#ResetDisplayed</h3><table class="result"><tr><th class="invisible"/></tr></table><p class="totop"><a href="#summary">back to summary</a></p>
<h3 id="m13">Unit.SideBar.Standar_user#TestAboutLink</h3><table class="result"><tr><th class="invisible"/></tr></table><p class="totop"><a href="#summary">back to summary</a></p>
<h3 id="m14">Unit.SideBar.Standar_user#TestAllitemsLink</h3><table class="result"><tr><th class="invisible"/></tr></table><p class="totop"><a href="#summary">back to summary</a></p>
<h3 id="m15">Unit.SideBar.Standar_user#TestResetLink</h3><table class="result"><tr><th class="invisible"/></tr></table><p class="totop"><a href="#summary">back to summary</a></p>
<h3 id="m16">Unit.SideBar.Standar_user#enabled</h3><table class="result"><tr><th class="invisible"/></tr></table><p class="totop"><a href="#summary">back to summary</a></p>
</body>
</html>
