<?xml version="1.0" encoding="UTF-8"?>
<testng-results ignored="0" total="13" passed="10" failed="3" skipped="0">
  <reporter-output>
  </reporter-output>
  <suite started-at="2025-11-29T21:00:08 EET" name="Default Suite" finished-at="2025-11-29T21:01:30 EET" duration-ms="81228">
    <groups>
    </groups>
    <test started-at="2025-11-29T21:00:08 EET" name="SwagLabs-Automation" finished-at="2025-11-29T21:01:30 EET" duration-ms="81228">
      <class name="Integration.Integration_Testing">
        <test-method is-config="true" signature="openBrowser()[pri:0, instance:Integration.Integration_Testing@7b9a4292]" started-at="2025-11-29T21:00:08 EET" name="openBrowser" finished-at="2025-11-29T21:00:12 EET" duration-ms="3495" status="PASS">
          <reporter-output>
          </reporter-output>
        </test-method> <!-- openBrowser -->
        <test-method signature="Remove_cart()[pri:1, instance:Integration.Integration_Testing@7b9a4292]" started-at="2025-11-29T21:00:12 EET" name="Remove_cart" finished-at="2025-11-29T21:00:14 EET" duration-ms="2224" status="PASS">
          <reporter-output>
          </reporter-output>
        </test-method> <!-- Remove_cart -->
        <test-method is-config="true" signature="closeBrowser()[pri:0, instance:Integration.Integration_Testing@7b9a4292]" started-at="2025-11-29T21:00:14 EET" name="closeBrowser" finished-at="2025-11-29T21:00:15 EET" duration-ms="1261" status="PASS">
          <reporter-output>
          </reporter-output>
        </test-method> <!-- closeBrowser -->
        <test-method is-config="true" signature="openBrowser()[pri:0, instance:Integration.Integration_Testing@7b9a4292]" started-at="2025-11-29T21:00:15 EET" name="openBrowser" finished-at="2025-11-29T21:00:18 EET" duration-ms="2336" status="PASS">
          <reporter-output>
          </reporter-output>
        </test-method> <!-- openBrowser -->
        <test-method signature="Remove_Description()[pri:2, instance:Integration.Integration_Testing@7b9a4292]" started-at="2025-11-29T21:00:18 EET" name="Remove_Description" finished-at="2025-11-29T21:00:20 EET" duration-ms="2213" status="PASS">
          <reporter-output>
          </reporter-output>
        </test-method> <!-- Remove_Description -->
        <test-method is-config="true" signature="closeBrowser()[pri:0, instance:Integration.Integration_Testing@7b9a4292]" started-at="2025-11-29T21:00:20 EET" name="closeBrowser" finished-at="2025-11-29T21:00:21 EET" duration-ms="1268" status="PASS">
          <reporter-output>
          </reporter-output>
        </test-method> <!-- closeBrowser -->
        <test-method is-config="true" signature="openBrowser()[pri:0, instance:Integration.Integration_Testing@7b9a4292]" started-at="2025-11-29T21:00:21 EET" name="openBrowser" finished-at="2025-11-29T21:00:25 EET" duration-ms="3684" status="PASS">
          <reporter-output>
          </reporter-output>
        </test-method> <!-- openBrowser -->
        <test-method signature="checkout_close()[pri:3, instance:Integration.Integration_Testing@7b9a4292]" started-at="2025-11-29T21:00:25 EET" name="checkout_close" finished-at="2025-11-29T21:00:27 EET" duration-ms="1657" status="FAIL">
          <exception class="java.lang.AssertionError">
            <message>
              <![CDATA[did not expect [https://www.saucedemo.com/checkout-step-one.html] but found [https://www.saucedemo.com/checkout-step-one.html]]]>
            </message>
            <full-stacktrace>
              <![CDATA[java.lang.AssertionError: did not expect [https://www.saucedemo.com/checkout-step-one.html] but found [https://www.saucedemo.com/checkout-step-one.html]
at org.testng.Assert.fail(Assert.java:111)
at org.testng.Assert.failEquals(Assert.java:1594)
at org.testng.Assert.assertNotEqualsImpl(Assert.java:157)
at org.testng.Assert.assertNotEquals(Assert.java:2217)
at org.testng.Assert.assertNotEquals(Assert.java:2239)
at Integration.Integration_Testing.checkout_close(Integration_Testing.java:119)
at java.base/jdk.internal.reflect.DirectMethodHandleAccessor.invoke(DirectMethodHandleAccessor.java:104)
at java.base/java.lang.reflect.Method.invoke(Method.java:565)
at org.testng.internal.invokers.MethodInvocationHelper.invokeMethod(MethodInvocationHelper.java:141)
at org.testng.internal.invokers.TestInvoker.invokeMethod(TestInvoker.java:687)
at org.testng.internal.invokers.TestInvoker.invokeTestMethod(TestInvoker.java:230)
at org.testng.internal.invokers.MethodRunner.runInSequence(MethodRunner.java:63)
at org.testng.internal.invokers.TestInvoker$MethodInvocationAgent.invoke(TestInvoker.java:995)
at org.testng.internal.invokers.TestInvoker.invokeTestMethods(TestInvoker.java:203)
at org.testng.internal.invokers.TestMethodWorker.invokeTestMethods(TestMethodWorker.java:154)
at org.testng.internal.invokers.TestMethodWorker.run(TestMethodWorker.java:134)
at java.base/java.util.ArrayList.forEach(ArrayList.java:1604)
at org.testng.TestRunner.privateRun(TestRunner.java:741)
at org.testng.TestRunner.run(TestRunner.java:616)
at org.testng.SuiteRunner.runTest(SuiteRunner.java:421)
at org.testng.SuiteRunner.runSequentially(SuiteRunner.java:413)
at org.testng.SuiteRunner.privateRun(SuiteRunner.java:373)
at org.testng.SuiteRunner.run(SuiteRunner.java:312)
at org.testng.SuiteRunnerWorker.runSuite(SuiteRunnerWorker.java:52)
at org.testng.SuiteRunnerWorker.run(SuiteRunnerWorker.java:95)
at org.testng.TestNG.runSuitesSequentially(TestNG.java:1274)
at org.testng.TestNG.runSuitesLocally(TestNG.java:1208)
at org.testng.TestNG.runSuites(TestNG.java:1112)
at org.testng.TestNG.run(TestNG.java:1079)
at com.intellij.rt.testng.IDEARemoteTestNG.run(IDEARemoteTestNG.java:65)
at com.intellij.rt.testng.RemoteTestNGStarter.main(RemoteTestNGStarter.java:105)
]]>
            </full-stacktrace>
          </exception> <!-- java.lang.AssertionError -->
          <reporter-output>
          </reporter-output>
        </test-method> <!-- checkout_close -->
        <test-method is-config="true" signature="closeBrowser()[pri:0, instance:Integration.Integration_Testing@7b9a4292]" started-at="2025-11-29T21:00:27 EET" name="closeBrowser" finished-at="2025-11-29T21:00:28 EET" duration-ms="1277" status="PASS">
          <reporter-output>
          </reporter-output>
        </test-method> <!-- closeBrowser -->
        <test-method is-config="true" signature="openBrowser()[pri:0, instance:Integration.Integration_Testing@7b9a4292]" started-at="2025-11-29T21:00:28 EET" name="openBrowser" finished-at="2025-11-29T21:00:30 EET" duration-ms="2331" status="PASS">
          <reporter-output>
          </reporter-output>
        </test-method> <!-- openBrowser -->
        <test-method signature="product_removed()[pri:4, instance:Integration.Integration_Testing@7b9a4292]" started-at="2025-11-29T21:00:30 EET" name="product_removed" finished-at="2025-11-29T21:00:32 EET" duration-ms="2229" status="PASS">
          <reporter-output>
          </reporter-output>
        </test-method> <!-- product_removed -->
        <test-method is-config="true" signature="closeBrowser()[pri:0, instance:Integration.Integration_Testing@7b9a4292]" started-at="2025-11-29T21:00:32 EET" name="closeBrowser" finished-at="2025-11-29T21:00:34 EET" duration-ms="1281" status="PASS">
          <reporter-output>
          </reporter-output>
        </test-method> <!-- closeBrowser -->
        <test-method is-config="true" signature="openBrowser()[pri:0, instance:Integration.Integration_Testing@7b9a4292]" started-at="2025-11-29T21:00:34 EET" name="openBrowser" finished-at="2025-11-29T21:00:36 EET" duration-ms="2377" status="PASS">
          <reporter-output>
          </reporter-output>
        </test-method> <!-- openBrowser -->
        <test-method signature="cart_count()[pri:5, instance:Integration.Integration_Testing@7b9a4292]" started-at="2025-11-29T21:00:36 EET" name="cart_count" finished-at="2025-11-29T21:00:38 EET" duration-ms="2198" status="PASS">
          <reporter-output>
          </reporter-output>
        </test-method> <!-- cart_count -->
        <test-method is-config="true" signature="closeBrowser()[pri:0, instance:Integration.Integration_Testing@7b9a4292]" started-at="2025-11-29T21:00:38 EET" name="closeBrowser" finished-at="2025-11-29T21:00:39 EET" duration-ms="1291" status="PASS">
          <reporter-output>
          </reporter-output>
        </test-method> <!-- closeBrowser -->
        <test-method is-config="true" signature="openBrowser()[pri:0, instance:Integration.Integration_Testing@7b9a4292]" started-at="2025-11-29T21:00:39 EET" name="openBrowser" finished-at="2025-11-29T21:00:42 EET" duration-ms="2716" status="PASS">
          <reporter-output>
          </reporter-output>
        </test-method> <!-- openBrowser -->
        <test-method signature="cart_count2()[pri:6, instance:Integration.Integration_Testing@7b9a4292]" started-at="2025-11-29T21:00:42 EET" name="cart_count2" finished-at="2025-11-29T21:00:44 EET" duration-ms="1458" status="PASS">
          <reporter-output>
          </reporter-output>
        </test-method> <!-- cart_count2 -->
        <test-method is-config="true" signature="closeBrowser()[pri:0, instance:Integration.Integration_Testing@7b9a4292]" started-at="2025-11-29T21:00:44 EET" name="closeBrowser" finished-at="2025-11-29T21:00:45 EET" duration-ms="1312" status="PASS">
          <reporter-output>
          </reporter-output>
        </test-method> <!-- closeBrowser -->
        <test-method is-config="true" signature="openBrowser()[pri:0, instance:Integration.Integration_Testing@7b9a4292]" started-at="2025-11-29T21:00:45 EET" name="openBrowser" finished-at="2025-11-29T21:00:48 EET" duration-ms="2763" status="PASS">
          <reporter-output>
          </reporter-output>
        </test-method> <!-- openBrowser -->
        <test-method signature="update_price()[pri:7, instance:Integration.Integration_Testing@7b9a4292]" started-at="2025-11-29T21:00:48 EET" name="update_price" finished-at="2025-11-29T21:00:51 EET" duration-ms="2871" status="PASS">
          <reporter-output>
          </reporter-output>
        </test-method> <!-- update_price -->
        <test-method is-config="true" signature="closeBrowser()[pri:0, instance:Integration.Integration_Testing@7b9a4292]" started-at="2025-11-29T21:00:51 EET" name="closeBrowser" finished-at="2025-11-29T21:00:52 EET" duration-ms="1276" status="PASS">
          <reporter-output>
          </reporter-output>
        </test-method> <!-- closeBrowser -->
        <test-method is-config="true" signature="openBrowser()[pri:0, instance:Integration.Integration_Testing@7b9a4292]" started-at="2025-11-29T21:00:52 EET" name="openBrowser" finished-at="2025-11-29T21:00:54 EET" duration-ms="2456" status="PASS">
          <reporter-output>
          </reporter-output>
        </test-method> <!-- openBrowser -->
        <test-method signature="cart_empty()[pri:8, instance:Integration.Integration_Testing@7b9a4292]" started-at="2025-11-29T21:00:54 EET" name="cart_empty" finished-at="2025-11-29T21:00:56 EET" duration-ms="2021" status="PASS">
          <reporter-output>
          </reporter-output>
        </test-method> <!-- cart_empty -->
        <test-method is-config="true" signature="closeBrowser()[pri:0, instance:Integration.Integration_Testing@7b9a4292]" started-at="2025-11-29T21:00:56 EET" name="closeBrowser" finished-at="2025-11-29T21:00:58 EET" duration-ms="1302" status="PASS">
          <reporter-output>
          </reporter-output>
        </test-method> <!-- closeBrowser -->
        <test-method is-config="true" signature="openBrowser()[pri:0, instance:Integration.Integration_Testing@7b9a4292]" started-at="2025-11-29T21:00:58 EET" name="openBrowser" finished-at="2025-11-29T21:01:00 EET" duration-ms="2372" status="PASS">
          <reporter-output>
          </reporter-output>
        </test-method> <!-- openBrowser -->
        <test-method signature="Remove_cart2()[pri:9, instance:Integration.Integration_Testing@7b9a4292]" started-at="2025-11-29T21:01:00 EET" name="Remove_cart2" finished-at="2025-11-29T21:01:01 EET" duration-ms="552" status="FAIL">
          <exception class="org.openqa.selenium.NoSuchElementException">
            <message>
              <![CDATA[no such element: Unable to locate element: {"method":"css selector","selector":"#add\-to\-cart\-sauce\-labs\-backpack"}
  (Session info: chrome=142.0.7444.176)
For documentation on this error, please visit: https://www.selenium.dev/documentation/webdriver/troubleshooting/errors#no-such-element-exception
Build info: version: '4.26.0', revision: '8ccf0219d7'
System info: os.name: 'Windows 11', os.arch: 'amd64', os.version: '10.0', java.version: '25'
Driver info: org.openqa.selenium.chrome.ChromeDriver
Command: [6ee51c37a3a3a7ba1acd870543499790, findElement {using=id, value=add-to-cart-sauce-labs-backpack}]
Capabilities {acceptInsecureCerts: false, browserName: chrome, browserVersion: 142.0.7444.176, chrome: {chromedriverVersion: 142.0.7444.175 (302067f14a4..., userDataDir: C:\Users\SOFTLA~1\AppData\L...}, fedcm:accounts: true, goog:chromeOptions: {debuggerAddress: localhost:63415}, goog:processID: 3620, networkConnectionEnabled: false, pageLoadStrategy: normal, platformName: windows, proxy: Proxy(), se:cdp: ws://localhost:63415/devtoo..., se:cdpVersion: 142.0.7444.176, setWindowRect: true, strictFileInteractability: false, timeouts: {implicit: 0, pageLoad: 300000, script: 30000}, unhandledPromptBehavior: dismiss and notify, webauthn:extension:credBlob: true, webauthn:extension:largeBlob: true, webauthn:extension:minPinLength: true, webauthn:extension:prf: true, webauthn:virtualAuthenticators: true}
Session ID: 6ee51c37a3a3a7ba1acd870543499790]]>
            </message>
            <full-stacktrace>
              <![CDATA[org.openqa.selenium.NoSuchElementException: no such element: Unable to locate element: {"method":"css selector","selector":"#add\-to\-cart\-sauce\-labs\-backpack"}
  (Session info: chrome=142.0.7444.176)
For documentation on this error, please visit: https://www.selenium.dev/documentation/webdriver/troubleshooting/errors#no-such-element-exception
Build info: version: '4.26.0', revision: '8ccf0219d7'
System info: os.name: 'Windows 11', os.arch: 'amd64', os.version: '10.0', java.version: '25'
Driver info: org.openqa.selenium.chrome.ChromeDriver
Command: [6ee51c37a3a3a7ba1acd870543499790, findElement {using=id, value=add-to-cart-sauce-labs-backpack}]
Capabilities {acceptInsecureCerts: false, browserName: chrome, browserVersion: 142.0.7444.176, chrome: {chromedriverVersion: 142.0.7444.175 (302067f14a4..., userDataDir: C:\Users\SOFTLA~1\AppData\L...}, fedcm:accounts: true, goog:chromeOptions: {debuggerAddress: localhost:63415}, goog:processID: 3620, networkConnectionEnabled: false, pageLoadStrategy: normal, platformName: windows, proxy: Proxy(), se:cdp: ws://localhost:63415/devtoo..., se:cdpVersion: 142.0.7444.176, setWindowRect: true, strictFileInteractability: false, timeouts: {implicit: 0, pageLoad: 300000, script: 30000}, unhandledPromptBehavior: dismiss and notify, webauthn:extension:credBlob: true, webauthn:extension:largeBlob: true, webauthn:extension:minPinLength: true, webauthn:extension:prf: true, webauthn:virtualAuthenticators: true}
Session ID: 6ee51c37a3a3a7ba1acd870543499790
at java.base/jdk.internal.reflect.DirectConstructorHandleAccessor.newInstance(DirectConstructorHandleAccessor.java:62)
at java.base/java.lang.reflect.Constructor.newInstanceWithCaller(Constructor.java:499)
at java.base/java.lang.reflect.Constructor.newInstance(Constructor.java:483)
at org.openqa.selenium.remote.ErrorCodec.decode(ErrorCodec.java:167)
at org.openqa.selenium.remote.codec.w3c.W3CHttpResponseCodec.decode(W3CHttpResponseCodec.java:138)
at org.openqa.selenium.remote.codec.w3c.W3CHttpResponseCodec.decode(W3CHttpResponseCodec.java:50)
at org.openqa.selenium.remote.HttpCommandExecutor.execute(HttpCommandExecutor.java:190)
at org.openqa.selenium.remote.service.DriverCommandExecutor.invokeExecute(DriverCommandExecutor.java:216)
at org.openqa.selenium.remote.service.DriverCommandExecutor.execute(DriverCommandExecutor.java:174)
at org.openqa.selenium.remote.RemoteWebDriver.execute(RemoteWebDriver.java:545)
at org.openqa.selenium.remote.ElementLocation$ElementFinder$2.findElement(ElementLocation.java:165)
at org.openqa.selenium.remote.ElementLocation.findElement(ElementLocation.java:59)
at org.openqa.selenium.remote.RemoteWebDriver.findElement(RemoteWebDriver.java:368)
at org.openqa.selenium.remote.RemoteWebDriver.findElement(RemoteWebDriver.java:362)
at Integration.Integration_Testing.Remove_cart2(Integration_Testing.java:255)
at java.base/jdk.internal.reflect.DirectMethodHandleAccessor.invoke(DirectMethodHandleAccessor.java:104)
at java.base/java.lang.reflect.Method.invoke(Method.java:565)
at org.testng.internal.invokers.MethodInvocationHelper.invokeMethod(MethodInvocationHelper.java:141)
at org.testng.internal.invokers.TestInvoker.invokeMethod(TestInvoker.java:687)
at org.testng.internal.invokers.TestInvoker.invokeTestMethod(TestInvoker.java:230)
at org.testng.internal.invokers.MethodRunner.runInSequence(MethodRunner.java:63)
at org.testng.internal.invokers.TestInvoker$MethodInvocationAgent.invoke(TestInvoker.java:995)
at org.testng.internal.invokers.TestInvoker.invokeTestMethods(TestInvoker.java:203)
at org.testng.internal.invokers.TestMethodWorker.invokeTestMethods(TestMethodWorker.java:154)
at org.testng.internal.invokers.TestMethodWorker.run(TestMethodWorker.java:134)
at java.base/java.util.ArrayList.forEach(ArrayList.java:1604)
at org.testng.TestRunner.privateRun(TestRunner.java:741)
at org.testng.TestRunner.run(TestRunner.java:616)
at org.testng.SuiteRunner.runTest(SuiteRunner.java:421)
at org.testng.SuiteRunner.runSequentially(SuiteRunner.java:413)
at org.testng.SuiteRunner.privateRun(SuiteRunner.java:373)
at org.testng.SuiteRunner.run(SuiteRunner.java:312)
at org.testng.SuiteRunnerWorker.runSuite(SuiteRunnerWorker.java:52)
at org.testng.SuiteRunnerWorker.run(SuiteRunnerWorker.java:95)
at org.testng.TestNG.runSuitesSequentially(TestNG.java:1274)
at org.testng.TestNG.runSuitesLocally(TestNG.java:1208)
at org.testng.TestNG.runSuites(TestNG.java:1112)
at org.testng.TestNG.run(TestNG.java:1079)
at com.intellij.rt.testng.IDEARemoteTestNG.run(IDEARemoteTestNG.java:65)
at com.intellij.rt.testng.RemoteTestNGStarter.main(RemoteTestNGStarter.java:105)
]]>
            </full-stacktrace>
          </exception> <!-- org.openqa.selenium.NoSuchElementException -->
          <reporter-output>
          </reporter-output>
        </test-method> <!-- Remove_cart2 -->
        <test-method is-config="true" signature="closeBrowser()[pri:0, instance:Integration.Integration_Testing@7b9a4292]" started-at="2025-11-29T21:01:01 EET" name="closeBrowser" finished-at="2025-11-29T21:01:02 EET" duration-ms="1266" status="PASS">
          <reporter-output>
          </reporter-output>
        </test-method> <!-- closeBrowser -->
        <test-method is-config="true" signature="openBrowser()[pri:0, instance:Integration.Integration_Testing@7b9a4292]" started-at="2025-11-29T21:01:02 EET" name="openBrowser" finished-at="2025-11-29T21:01:04 EET" duration-ms="2578" status="PASS">
          <reporter-output>
          </reporter-output>
        </test-method> <!-- openBrowser -->
        <test-method signature="Remove_cart3()[pri:10, instance:Integration.Integration_Testing@7b9a4292]" started-at="2025-11-29T21:01:04 EET" name="Remove_cart3" finished-at="2025-11-29T21:01:06 EET" duration-ms="1791" status="FAIL">
          <exception class="java.lang.AssertionError">
            <message>
              <![CDATA[expected [https://www.saucedemo.com/checkout-step-two.html] but found [https://www.saucedemo.com/checkout-step-one.html]]]>
            </message>
            <full-stacktrace>
              <![CDATA[java.lang.AssertionError: expected [https://www.saucedemo.com/checkout-step-two.html] but found [https://www.saucedemo.com/checkout-step-one.html]
at org.testng.Assert.fail(Assert.java:111)
at org.testng.Assert.failNotEquals(Assert.java:1590)
at org.testng.Assert.assertEqualsImpl(Assert.java:150)
at org.testng.Assert.assertEquals(Assert.java:132)
at org.testng.Assert.assertEquals(Assert.java:656)
at org.testng.Assert.assertEquals(Assert.java:666)
at Integration.Integration_Testing.Remove_cart3(Integration_Testing.java:301)
at java.base/jdk.internal.reflect.DirectMethodHandleAccessor.invoke(DirectMethodHandleAccessor.java:104)
at java.base/java.lang.reflect.Method.invoke(Method.java:565)
at org.testng.internal.invokers.MethodInvocationHelper.invokeMethod(MethodInvocationHelper.java:141)
at org.testng.internal.invokers.TestInvoker.invokeMethod(TestInvoker.java:687)
at org.testng.internal.invokers.TestInvoker.invokeTestMethod(TestInvoker.java:230)
at org.testng.internal.invokers.MethodRunner.runInSequence(MethodRunner.java:63)
at org.testng.internal.invokers.TestInvoker$MethodInvocationAgent.invoke(TestInvoker.java:995)
at org.testng.internal.invokers.TestInvoker.invokeTestMethods(TestInvoker.java:203)
at org.testng.internal.invokers.TestMethodWorker.invokeTestMethods(TestMethodWorker.java:154)
at org.testng.internal.invokers.TestMethodWorker.run(TestMethodWorker.java:134)
at java.base/java.util.ArrayList.forEach(ArrayList.java:1604)
at org.testng.TestRunner.privateRun(TestRunner.java:741)
at org.testng.TestRunner.run(TestRunner.java:616)
at org.testng.SuiteRunner.runTest(SuiteRunner.java:421)
at org.testng.SuiteRunner.runSequentially(SuiteRunner.java:413)
at org.testng.SuiteRunner.privateRun(SuiteRunner.java:373)
at org.testng.SuiteRunner.run(SuiteRunner.java:312)
at org.testng.SuiteRunnerWorker.runSuite(SuiteRunnerWorker.java:52)
at org.testng.SuiteRunnerWorker.run(SuiteRunnerWorker.java:95)
at org.testng.TestNG.runSuitesSequentially(TestNG.java:1274)
at org.testng.TestNG.runSuitesLocally(TestNG.java:1208)
at org.testng.TestNG.runSuites(TestNG.java:1112)
at org.testng.TestNG.run(TestNG.java:1079)
at com.intellij.rt.testng.IDEARemoteTestNG.run(IDEARemoteTestNG.java:65)
at com.intellij.rt.testng.RemoteTestNGStarter.main(RemoteTestNGStarter.java:105)
]]>
            </full-stacktrace>
          </exception> <!-- java.lang.AssertionError -->
          <reporter-output>
          </reporter-output>
        </test-method> <!-- Remove_cart3 -->
        <test-method is-config="true" signature="closeBrowser()[pri:0, instance:Integration.Integration_Testing@7b9a4292]" started-at="2025-11-29T21:01:06 EET" name="closeBrowser" finished-at="2025-11-29T21:01:08 EET" duration-ms="1266" status="PASS">
          <reporter-output>
          </reporter-output>
        </test-method> <!-- closeBrowser -->
        <test-method is-config="true" signature="openBrowser()[pri:0, instance:Integration.Integration_Testing@7b9a4292]" started-at="2025-11-29T21:01:08 EET" name="openBrowser" finished-at="2025-11-29T21:01:10 EET" duration-ms="2480" status="PASS">
          <reporter-output>
          </reporter-output>
        </test-method> <!-- openBrowser -->
        <test-method signature="Remove_cart4()[pri:11, instance:Integration.Integration_Testing@7b9a4292]" started-at="2025-11-29T21:01:10 EET" name="Remove_cart4" finished-at="2025-11-29T21:01:17 EET" duration-ms="7191" status="PASS">
          <reporter-output>
          </reporter-output>
        </test-method> <!-- Remove_cart4 -->
        <test-method is-config="true" signature="closeBrowser()[pri:0, instance:Integration.Integration_Testing@7b9a4292]" started-at="2025-11-29T21:01:17 EET" name="closeBrowser" finished-at="2025-11-29T21:01:18 EET" duration-ms="1237" status="PASS">
          <reporter-output>
          </reporter-output>
        </test-method> <!-- closeBrowser -->
        <test-method is-config="true" signature="openBrowser()[pri:0, instance:Integration.Integration_Testing@7b9a4292]" started-at="2025-11-29T21:01:18 EET" name="openBrowser" finished-at="2025-11-29T21:01:21 EET" duration-ms="2468" status="PASS">
          <reporter-output>
          </reporter-output>
        </test-method> <!-- openBrowser -->
        <test-method signature="Remove_cart5()[pri:12, instance:Integration.Integration_Testing@7b9a4292]" started-at="2025-11-29T21:01:21 EET" name="Remove_cart5" finished-at="2025-11-29T21:01:23 EET" duration-ms="1885" status="PASS">
          <reporter-output>
          </reporter-output>
        </test-method> <!-- Remove_cart5 -->
        <test-method is-config="true" signature="closeBrowser()[pri:0, instance:Integration.Integration_Testing@7b9a4292]" started-at="2025-11-29T21:01:23 EET" name="closeBrowser" finished-at="2025-11-29T21:01:24 EET" duration-ms="1288" status="PASS">
          <reporter-output>
          </reporter-output>
        </test-method> <!-- closeBrowser -->
        <test-method is-config="true" signature="openBrowser()[pri:0, instance:Integration.Integration_Testing@7b9a4292]" started-at="2025-11-29T21:01:24 EET" name="openBrowser" finished-at="2025-11-29T21:01:26 EET" duration-ms="2345" status="PASS">
          <reporter-output>
          </reporter-output>
        </test-method> <!-- openBrowser -->
        <test-method signature="Remove_cart6()[pri:13, instance:Integration.Integration_Testing@7b9a4292]" started-at="2025-11-29T21:01:26 EET" name="Remove_cart6" finished-at="2025-11-29T21:01:28 EET" duration-ms="1888" status="PASS">
          <reporter-output>
          </reporter-output>
        </test-method> <!-- Remove_cart6 -->
        <test-method is-config="true" signature="closeBrowser()[pri:0, instance:Integration.Integration_Testing@7b9a4292]" started-at="2025-11-29T21:01:28 EET" name="closeBrowser" finished-at="2025-11-29T21:01:30 EET" duration-ms="1252" status="PASS">
          <reporter-output>
          </reporter-output>
        </test-method> <!-- closeBrowser -->
      </class> <!-- Integration.Integration_Testing -->
    </test> <!-- SwagLabs-Automation -->
  </suite> <!-- Default Suite -->
</testng-results>
