<?xml version="1.0" encoding="UTF-8"?>
<testng-results ignored="0" total="8" passed="6" failed="2" skipped="0">
  <reporter-output>
  </reporter-output>
  <suite started-at="2025-11-30T00:34:17 EET" name="Default Suite" finished-at="2025-11-30T00:35:08 EET" duration-ms="50889">
    <groups>
    </groups>
    <test started-at="2025-11-30T00:34:17 EET" name="SwagLabs-Automation" finished-at="2025-11-30T00:35:08 EET" duration-ms="50889">
      <class name="OldWork.RemainingPages.Checkout">
        <test-method is-config="true" signature="openBrowser()[pri:0, instance:OldWork.RemainingPages.Checkout@359f7cdf]" started-at="2025-11-30T00:34:17 EET" name="openBrowser" finished-at="2025-11-30T00:34:22 EET" duration-ms="4584" status="PASS">
          <reporter-output>
          </reporter-output>
        </test-method> <!-- openBrowser -->
        <test-method signature="checkout_IformationPage_open()[pri:1, instance:OldWork.RemainingPages.Checkout@359f7cdf]" started-at="2025-11-30T00:34:22 EET" name="checkout_IformationPage_open" finished-at="2025-11-30T00:34:22 EET" duration-ms="466" status="PASS">
          <reporter-output>
          </reporter-output>
        </test-method> <!-- checkout_IformationPage_open -->
        <test-method is-config="true" signature="closeBrowser()[pri:0, instance:OldWork.RemainingPages.Checkout@359f7cdf]" started-at="2025-11-30T00:34:22 EET" name="closeBrowser" finished-at="2025-11-30T00:34:24 EET" duration-ms="1287" status="PASS">
          <reporter-output>
          </reporter-output>
        </test-method> <!-- closeBrowser -->
        <test-method is-config="true" signature="openBrowser()[pri:0, instance:OldWork.RemainingPages.Checkout@359f7cdf]" started-at="2025-11-30T00:34:24 EET" name="openBrowser" finished-at="2025-11-30T00:34:29 EET" duration-ms="5527" status="PASS">
          <reporter-output>
          </reporter-output>
        </test-method> <!-- openBrowser -->
        <test-method signature="valid_inputs()[pri:2, instance:OldWork.RemainingPages.Checkout@359f7cdf]" started-at="2025-11-30T00:34:29 EET" name="valid_inputs" finished-at="2025-11-30T00:34:30 EET" duration-ms="1233" status="PASS">
          <reporter-output>
          </reporter-output>
        </test-method> <!-- valid_inputs -->
        <test-method is-config="true" signature="closeBrowser()[pri:0, instance:OldWork.RemainingPages.Checkout@359f7cdf]" started-at="2025-11-30T00:34:30 EET" name="closeBrowser" finished-at="2025-11-30T00:34:32 EET" duration-ms="1240" status="PASS">
          <reporter-output>
          </reporter-output>
        </test-method> <!-- closeBrowser -->
        <test-method is-config="true" signature="openBrowser()[pri:0, instance:OldWork.RemainingPages.Checkout@359f7cdf]" started-at="2025-11-30T00:34:32 EET" name="openBrowser" finished-at="2025-11-30T00:34:35 EET" duration-ms="3261" status="PASS">
          <reporter-output>
          </reporter-output>
        </test-method> <!-- openBrowser -->
        <test-method signature="fields_empty()[pri:3, instance:OldWork.RemainingPages.Checkout@359f7cdf]" started-at="2025-11-30T00:34:35 EET" name="fields_empty" finished-at="2025-11-30T00:34:36 EET" duration-ms="931" status="PASS">
          <reporter-output>
          </reporter-output>
        </test-method> <!-- fields_empty -->
        <test-method is-config="true" signature="closeBrowser()[pri:0, instance:OldWork.RemainingPages.Checkout@359f7cdf]" started-at="2025-11-30T00:34:36 EET" name="closeBrowser" finished-at="2025-11-30T00:34:37 EET" duration-ms="1263" status="PASS">
          <reporter-output>
          </reporter-output>
        </test-method> <!-- closeBrowser -->
        <test-method is-config="true" signature="openBrowser()[pri:0, instance:OldWork.RemainingPages.Checkout@359f7cdf]" started-at="2025-11-30T00:34:37 EET" name="openBrowser" finished-at="2025-11-30T00:34:40 EET" duration-ms="3409" status="PASS">
          <reporter-output>
          </reporter-output>
        </test-method> <!-- openBrowser -->
        <test-method signature="only_spaces_FirstName()[pri:4, instance:OldWork.RemainingPages.Checkout@359f7cdf]" started-at="2025-11-30T00:34:40 EET" name="only_spaces_FirstName" finished-at="2025-11-30T00:34:41 EET" duration-ms="1004" status="FAIL">
          <exception class="java.lang.AssertionError">
            <message>
              <![CDATA[expected [https://www.saucedemo.com/checkout-step-one.html] but found [https://www.saucedemo.com/checkout-step-two.html]]]>
            </message>
            <full-stacktrace>
              <![CDATA[java.lang.AssertionError: expected [https://www.saucedemo.com/checkout-step-one.html] but found [https://www.saucedemo.com/checkout-step-two.html]
at org.testng.Assert.fail(Assert.java:111)
at org.testng.Assert.failNotEquals(Assert.java:1590)
at org.testng.Assert.assertEqualsImpl(Assert.java:150)
at org.testng.Assert.assertEquals(Assert.java:132)
at org.testng.Assert.assertEquals(Assert.java:656)
at org.testng.Assert.assertEquals(Assert.java:666)
at OldWork.RemainingPages.Checkout.only_spaces_FirstName(Checkout.java:100)
at java.base/jdk.internal.reflect.DirectMethodHandleAccessor.invoke(DirectMethodHandleAccessor.java:104)
at java.base/java.lang.reflect.Method.invoke(Method.java:565)
at org.testng.internal.invokers.MethodInvocationHelper.invokeMethod(MethodInvocationHelper.java:141)
at org.testng.internal.invokers.TestInvoker.invokeMethod(TestInvoker.java:687)
at org.testng.internal.invokers.TestInvoker.invokeTestMethod(TestInvoker.java:230)
at org.testng.internal.invokers.MethodRunner.runInSequence(MethodRunner.java:63)
at org.testng.internal.invokers.TestInvoker$MethodInvocationAgent.invoke(TestInvoker.java:995)
at org.testng.internal.invokers.TestInvoker.invokeTestMethods(TestInvoker.java:203)
at org.testng.internal.invokers.TestMethodWorker.invokeTestMethods(TestMethodWorker.java:154)
at org.testng.internal.invokers.TestMethodWorker.run(TestMethodWorker.java:134)
at java.base/java.util.ArrayList.forEach(ArrayList.java:1604)
at org.testng.TestRunner.privateRun(TestRunner.java:741)
at org.testng.TestRunner.run(TestRunner.java:616)
at org.testng.SuiteRunner.runTest(SuiteRunner.java:421)
at org.testng.SuiteRunner.runSequentially(SuiteRunner.java:413)
at org.testng.SuiteRunner.privateRun(SuiteRunner.java:373)
at org.testng.SuiteRunner.run(SuiteRunner.java:312)
at org.testng.SuiteRunnerWorker.runSuite(SuiteRunnerWorker.java:52)
at org.testng.SuiteRunnerWorker.run(SuiteRunnerWorker.java:95)
at org.testng.TestNG.runSuitesSequentially(TestNG.java:1274)
at org.testng.TestNG.runSuitesLocally(TestNG.java:1208)
at org.testng.TestNG.runSuites(TestNG.java:1112)
at org.testng.TestNG.run(TestNG.java:1079)
at com.intellij.rt.testng.IDEARemoteTestNG.run(IDEARemoteTestNG.java:65)
at com.intellij.rt.testng.RemoteTestNGStarter.main(RemoteTestNGStarter.java:105)
]]>
            </full-stacktrace>
          </exception> <!-- java.lang.AssertionError -->
          <reporter-output>
          </reporter-output>
        </test-method> <!-- only_spaces_FirstName -->
        <test-method is-config="true" signature="closeBrowser()[pri:0, instance:OldWork.RemainingPages.Checkout@359f7cdf]" started-at="2025-11-30T00:34:42 EET" name="closeBrowser" finished-at="2025-11-30T00:34:43 EET" duration-ms="1222" status="PASS">
          <reporter-output>
          </reporter-output>
        </test-method> <!-- closeBrowser -->
        <test-method is-config="true" signature="openBrowser()[pri:0, instance:OldWork.RemainingPages.Checkout@359f7cdf]" started-at="2025-11-30T00:34:43 EET" name="openBrowser" finished-at="2025-11-30T00:34:46 EET" duration-ms="3274" status="PASS">
          <reporter-output>
          </reporter-output>
        </test-method> <!-- openBrowser -->
        <test-method signature="donot_select_products()[pri:5, instance:OldWork.RemainingPages.Checkout@359f7cdf]" started-at="2025-11-30T00:34:46 EET" name="donot_select_products" finished-at="2025-11-30T00:34:46 EET" duration-ms="304" status="FAIL">
          <exception class="java.lang.AssertionError">
            <message>
              <![CDATA[did not expect [https://www.saucedemo.com/checkout-step-one.html] but found [https://www.saucedemo.com/checkout-step-one.html]]]>
            </message>
            <full-stacktrace>
              <![CDATA[java.lang.AssertionError: did not expect [https://www.saucedemo.com/checkout-step-one.html] but found [https://www.saucedemo.com/checkout-step-one.html]
at org.testng.Assert.fail(Assert.java:111)
at org.testng.Assert.failEquals(Assert.java:1594)
at org.testng.Assert.assertNotEqualsImpl(Assert.java:157)
at org.testng.Assert.assertNotEquals(Assert.java:2217)
at org.testng.Assert.assertNotEquals(Assert.java:2239)
at OldWork.RemainingPages.Checkout.donot_select_products(Checkout.java:86)
at java.base/jdk.internal.reflect.DirectMethodHandleAccessor.invoke(DirectMethodHandleAccessor.java:104)
at java.base/java.lang.reflect.Method.invoke(Method.java:565)
at org.testng.internal.invokers.MethodInvocationHelper.invokeMethod(MethodInvocationHelper.java:141)
at org.testng.internal.invokers.TestInvoker.invokeMethod(TestInvoker.java:687)
at org.testng.internal.invokers.TestInvoker.invokeTestMethod(TestInvoker.java:230)
at org.testng.internal.invokers.MethodRunner.runInSequence(MethodRunner.java:63)
at org.testng.internal.invokers.TestInvoker$MethodInvocationAgent.invoke(TestInvoker.java:995)
at org.testng.internal.invokers.TestInvoker.invokeTestMethods(TestInvoker.java:203)
at org.testng.internal.invokers.TestMethodWorker.invokeTestMethods(TestMethodWorker.java:154)
at org.testng.internal.invokers.TestMethodWorker.run(TestMethodWorker.java:134)
at java.base/java.util.ArrayList.forEach(ArrayList.java:1604)
at org.testng.TestRunner.privateRun(TestRunner.java:741)
at org.testng.TestRunner.run(TestRunner.java:616)
at org.testng.SuiteRunner.runTest(SuiteRunner.java:421)
at org.testng.SuiteRunner.runSequentially(SuiteRunner.java:413)
at org.testng.SuiteRunner.privateRun(SuiteRunner.java:373)
at org.testng.SuiteRunner.run(SuiteRunner.java:312)
at org.testng.SuiteRunnerWorker.runSuite(SuiteRunnerWorker.java:52)
at org.testng.SuiteRunnerWorker.run(SuiteRunnerWorker.java:95)
at org.testng.TestNG.runSuitesSequentially(TestNG.java:1274)
at org.testng.TestNG.runSuitesLocally(TestNG.java:1208)
at org.testng.TestNG.runSuites(TestNG.java:1112)
at org.testng.TestNG.run(TestNG.java:1079)
at com.intellij.rt.testng.IDEARemoteTestNG.run(IDEARemoteTestNG.java:65)
at com.intellij.rt.testng.RemoteTestNGStarter.main(RemoteTestNGStarter.java:105)
]]>
            </full-stacktrace>
          </exception> <!-- java.lang.AssertionError -->
          <reporter-output>
          </reporter-output>
        </test-method> <!-- donot_select_products -->
        <test-method is-config="true" signature="closeBrowser()[pri:0, instance:OldWork.RemainingPages.Checkout@359f7cdf]" started-at="2025-11-30T00:34:46 EET" name="closeBrowser" finished-at="2025-11-30T00:34:48 EET" duration-ms="1235" status="PASS">
          <reporter-output>
          </reporter-output>
        </test-method> <!-- closeBrowser -->
        <test-method is-config="true" signature="openBrowser()[pri:0, instance:OldWork.RemainingPages.Checkout@359f7cdf]" started-at="2025-11-30T00:34:48 EET" name="openBrowser" finished-at="2025-11-30T00:34:53 EET" duration-ms="5547" status="PASS">
          <reporter-output>
          </reporter-output>
        </test-method> <!-- openBrowser -->
        <test-method signature="DescriptionPage_open()[pri:6, instance:OldWork.RemainingPages.Checkout@359f7cdf]" started-at="2025-11-30T00:34:53 EET" name="DescriptionPage_open" finished-at="2025-11-30T00:34:54 EET" duration-ms="1116" status="PASS">
          <reporter-output>
          </reporter-output>
        </test-method> <!-- DescriptionPage_open -->
        <test-method is-config="true" signature="closeBrowser()[pri:0, instance:OldWork.RemainingPages.Checkout@359f7cdf]" started-at="2025-11-30T00:34:54 EET" name="closeBrowser" finished-at="2025-11-30T00:34:55 EET" duration-ms="1242" status="PASS">
          <reporter-output>
          </reporter-output>
        </test-method> <!-- closeBrowser -->
        <test-method is-config="true" signature="openBrowser()[pri:0, instance:OldWork.RemainingPages.Checkout@359f7cdf]" started-at="2025-11-30T00:34:55 EET" name="openBrowser" finished-at="2025-11-30T00:34:59 EET" duration-ms="3643" status="PASS">
          <reporter-output>
          </reporter-output>
        </test-method> <!-- openBrowser -->
        <test-method signature="Remove_button()[pri:7, instance:OldWork.RemainingPages.Checkout@359f7cdf]" started-at="2025-11-30T00:34:59 EET" name="Remove_button" finished-at="2025-11-30T00:35:00 EET" duration-ms="1347" status="PASS">
          <reporter-output>
          </reporter-output>
        </test-method> <!-- Remove_button -->
        <test-method is-config="true" signature="closeBrowser()[pri:0, instance:OldWork.RemainingPages.Checkout@359f7cdf]" started-at="2025-11-30T00:35:00 EET" name="closeBrowser" finished-at="2025-11-30T00:35:02 EET" duration-ms="1236" status="PASS">
          <reporter-output>
          </reporter-output>
        </test-method> <!-- closeBrowser -->
        <test-method is-config="true" signature="openBrowser()[pri:0, instance:OldWork.RemainingPages.Checkout@359f7cdf]" started-at="2025-11-30T00:35:02 EET" name="openBrowser" finished-at="2025-11-30T00:35:06 EET" duration-ms="3852" status="PASS">
          <reporter-output>
          </reporter-output>
        </test-method> <!-- openBrowser -->
        <test-method signature="Add_products()[pri:8, instance:OldWork.RemainingPages.Checkout@359f7cdf]" started-at="2025-11-30T00:35:06 EET" name="Add_products" finished-at="2025-11-30T00:35:07 EET" duration-ms="1359" status="PASS">
          <reporter-output>
          </reporter-output>
        </test-method> <!-- Add_products -->
        <test-method is-config="true" signature="closeBrowser()[pri:0, instance:OldWork.RemainingPages.Checkout@359f7cdf]" started-at="2025-11-30T00:35:07 EET" name="closeBrowser" finished-at="2025-11-30T00:35:08 EET" duration-ms="1240" status="PASS">
          <reporter-output>
          </reporter-output>
        </test-method> <!-- closeBrowser -->
      </class> <!-- OldWork.RemainingPages.Checkout -->
    </test> <!-- SwagLabs-Automation -->
  </suite> <!-- Default Suite -->
</testng-results>
