<?xml version="1.0" encoding="UTF-8"?>
<testng-results ignored="0" total="7" passed="7" failed="0" skipped="0">
  <reporter-output>
  </reporter-output>
  <suite started-at="2025-11-30T00:59:22 EET" name="Default Suite" finished-at="2025-11-30T01:00:05 EET" duration-ms="43310">
    <groups>
    </groups>
    <test started-at="2025-11-30T00:59:22 EET" name="SwagLabs-Automation" finished-at="2025-11-30T01:00:05 EET" duration-ms="43310">
      <class name="integration.Cart.StandardUser">
        <test-method is-config="true" signature="openBrowser()[pri:0, instance:integration.Cart.StandardUser@79e2c065]" started-at="2025-11-30T00:59:22 EET" name="openBrowser" finished-at="2025-11-30T00:59:27 EET" duration-ms="5071" status="PASS">
          <reporter-output>
          </reporter-output>
        </test-method> <!-- openBrowser -->
        <test-method signature="AddSingleItemToCart()[pri:1, instance:integration.Cart.StandardUser@79e2c065]" started-at="2025-11-30T00:59:27 EET" name="AddSingleItemToCart" finished-at="2025-11-30T00:59:27 EET" duration-ms="400" status="PASS">
          <reporter-output>
          </reporter-output>
        </test-method> <!-- AddSingleItemToCart -->
        <test-method is-config="true" signature="closeBrowser()[pri:0, instance:integration.Cart.StandardUser@79e2c065]" started-at="2025-11-30T00:59:27 EET" name="closeBrowser" finished-at="2025-11-30T00:59:28 EET" duration-ms="755" status="PASS">
          <reporter-output>
          </reporter-output>
        </test-method> <!-- closeBrowser -->
        <test-method is-config="true" signature="openBrowser()[pri:0, instance:integration.Cart.StandardUser@79e2c065]" started-at="2025-11-30T00:59:28 EET" name="openBrowser" finished-at="2025-11-30T00:59:32 EET" duration-ms="4189" status="PASS">
          <reporter-output>
          </reporter-output>
        </test-method> <!-- openBrowser -->
        <test-method signature="AddMultipleItemsToCart()[pri:2, instance:integration.Cart.StandardUser@79e2c065]" started-at="2025-11-30T00:59:32 EET" name="AddMultipleItemsToCart" finished-at="2025-11-30T00:59:33 EET" duration-ms="652" status="PASS">
          <reporter-output>
          </reporter-output>
        </test-method> <!-- AddMultipleItemsToCart -->
        <test-method is-config="true" signature="closeBrowser()[pri:0, instance:integration.Cart.StandardUser@79e2c065]" started-at="2025-11-30T00:59:33 EET" name="closeBrowser" finished-at="2025-11-30T00:59:34 EET" duration-ms="764" status="PASS">
          <reporter-output>
          </reporter-output>
        </test-method> <!-- closeBrowser -->
        <test-method is-config="true" signature="openBrowser()[pri:0, instance:integration.Cart.StandardUser@79e2c065]" started-at="2025-11-30T00:59:34 EET" name="openBrowser" finished-at="2025-11-30T00:59:40 EET" duration-ms="6418" status="PASS">
          <reporter-output>
          </reporter-output>
        </test-method> <!-- openBrowser -->
        <test-method signature="RemoveItemFromCart()[pri:3, instance:integration.Cart.StandardUser@79e2c065]" started-at="2025-11-30T00:59:40 EET" name="RemoveItemFromCart" finished-at="2025-11-30T00:59:41 EET" duration-ms="517" status="PASS">
          <reporter-output>
          </reporter-output>
        </test-method> <!-- RemoveItemFromCart -->
        <test-method is-config="true" signature="closeBrowser()[pri:0, instance:integration.Cart.StandardUser@79e2c065]" started-at="2025-11-30T00:59:41 EET" name="closeBrowser" finished-at="2025-11-30T00:59:41 EET" duration-ms="774" status="PASS">
          <reporter-output>
          </reporter-output>
        </test-method> <!-- closeBrowser -->
        <test-method is-config="true" signature="openBrowser()[pri:0, instance:integration.Cart.StandardUser@79e2c065]" started-at="2025-11-30T00:59:41 EET" name="openBrowser" finished-at="2025-11-30T00:59:46 EET" duration-ms="4086" status="PASS">
          <reporter-output>
          </reporter-output>
        </test-method> <!-- openBrowser -->
        <test-method signature="CartBadgeCount()[pri:4, instance:integration.Cart.StandardUser@79e2c065]" started-at="2025-11-30T00:59:46 EET" name="CartBadgeCount" finished-at="2025-11-30T00:59:46 EET" duration-ms="339" status="PASS">
          <reporter-output>
          </reporter-output>
        </test-method> <!-- CartBadgeCount -->
        <test-method is-config="true" signature="closeBrowser()[pri:0, instance:integration.Cart.StandardUser@79e2c065]" started-at="2025-11-30T00:59:46 EET" name="closeBrowser" finished-at="2025-11-30T00:59:47 EET" duration-ms="754" status="PASS">
          <reporter-output>
          </reporter-output>
        </test-method> <!-- closeBrowser -->
        <test-method is-config="true" signature="openBrowser()[pri:0, instance:integration.Cart.StandardUser@79e2c065]" started-at="2025-11-30T00:59:47 EET" name="openBrowser" finished-at="2025-11-30T00:59:51 EET" duration-ms="4357" status="PASS">
          <reporter-output>
          </reporter-output>
        </test-method> <!-- openBrowser -->
        <test-method signature="GoToCheckoutFromCart()[pri:5, instance:integration.Cart.StandardUser@79e2c065]" started-at="2025-11-30T00:59:51 EET" name="GoToCheckoutFromCart" finished-at="2025-11-30T00:59:52 EET" duration-ms="524" status="PASS">
          <reporter-output>
          </reporter-output>
        </test-method> <!-- GoToCheckoutFromCart -->
        <test-method is-config="true" signature="closeBrowser()[pri:0, instance:integration.Cart.StandardUser@79e2c065]" started-at="2025-11-30T00:59:52 EET" name="closeBrowser" finished-at="2025-11-30T00:59:52 EET" duration-ms="796" status="PASS">
          <reporter-output>
          </reporter-output>
        </test-method> <!-- closeBrowser -->
        <test-method is-config="true" signature="openBrowser()[pri:0, instance:integration.Cart.StandardUser@79e2c065]" started-at="2025-11-30T00:59:52 EET" name="openBrowser" finished-at="2025-11-30T00:59:57 EET" duration-ms="4156" status="PASS">
          <reporter-output>
          </reporter-output>
        </test-method> <!-- openBrowser -->
        <test-method signature="ContinueShoppingFromCart()[pri:6, instance:integration.Cart.StandardUser@79e2c065]" started-at="2025-11-30T00:59:57 EET" name="ContinueShoppingFromCart" finished-at="2025-11-30T00:59:57 EET" duration-ms="466" status="PASS">
          <reporter-output>
          </reporter-output>
        </test-method> <!-- ContinueShoppingFromCart -->
        <test-method is-config="true" signature="closeBrowser()[pri:0, instance:integration.Cart.StandardUser@79e2c065]" started-at="2025-11-30T00:59:57 EET" name="closeBrowser" finished-at="2025-11-30T00:59:58 EET" duration-ms="762" status="PASS">
          <reporter-output>
          </reporter-output>
        </test-method> <!-- closeBrowser -->
        <test-method is-config="true" signature="openBrowser()[pri:0, instance:integration.Cart.StandardUser@79e2c065]" started-at="2025-11-30T00:59:58 EET" name="openBrowser" finished-at="2025-11-30T01:00:04 EET" duration-ms="6684" status="PASS">
          <reporter-output>
          </reporter-output>
        </test-method> <!-- openBrowser -->
        <test-method signature="CartIsEmptyInitially()[pri:7, instance:integration.Cart.StandardUser@79e2c065]" started-at="2025-11-30T01:00:04 EET" name="CartIsEmptyInitially" finished-at="2025-11-30T01:00:04 EET" duration-ms="27" status="PASS">
          <reporter-output>
          </reporter-output>
        </test-method> <!-- CartIsEmptyInitially -->
        <test-method is-config="true" signature="closeBrowser()[pri:0, instance:integration.Cart.StandardUser@79e2c065]" started-at="2025-11-30T01:00:04 EET" name="closeBrowser" finished-at="2025-11-30T01:00:05 EET" duration-ms="761" status="PASS">
          <reporter-output>
          </reporter-output>
        </test-method> <!-- closeBrowser -->
      </class> <!-- integration.Cart.StandardUser -->
    </test> <!-- SwagLabs-Automation -->
  </suite> <!-- Default Suite -->
</testng-results>
