<?xml version="1.0" encoding="UTF-8"?>
<testng-results ignored="0" total="22" passed="21" failed="1" skipped="0">
  <reporter-output>
  </reporter-output>
  <suite started-at="2025-12-07T05:18:27 EET" name="Default Suite" finished-at="2025-12-07T05:19:12 EET" duration-ms="44872">
    <groups>
      <group name="happy3">
        <method signature="E2E_Final.Remove_products2()[pri:18, instance:E2E.E2E_Final@33d512c1]" name="Remove_products2" class="E2E.E2E_Final"/>
      </group> <!-- happy3 -->
      <group name="happy2">
        <method signature="E2E_Final.success_process3()[pri:17, instance:E2E.E2E_Final@33d512c1]" name="success_process3" class="E2E.E2E_Final"/>
      </group> <!-- happy2 -->
      <group name="happy1">
        <method signature="E2E_Final.AddProduct()[pri:1, instance:E2E.E2E_Final@33d512c1]" name="AddProduct" class="E2E.E2E_Final"/>
        <method signature="E2E_Final.ViewProduct()[pri:2, instance:E2E.E2E_Final@33d512c1]" name="ViewProduct" class="E2E.E2E_Final"/>
        <method signature="E2E_Final.ViewandAdd()[pri:3, instance:E2E.E2E_Final@33d512c1]" name="ViewandAdd" class="E2E.E2E_Final"/>
        <method signature="E2E_Final.removeProduct()[pri:4, instance:E2E.E2E_Final@33d512c1]" name="removeProduct" class="E2E.E2E_Final"/>
        <method signature="E2E_Final.GotoCart()[pri:5, instance:E2E.E2E_Final@33d512c1]" name="GotoCart" class="E2E.E2E_Final"/>
        <method signature="E2E_Final.RemoveFromCart()[pri:6, instance:E2E.E2E_Final@33d512c1]" name="RemoveFromCart" class="E2E.E2E_Final"/>
        <method signature="E2E_Final.BackToHome()[pri:7, instance:E2E.E2E_Final@33d512c1]" name="BackToHome" class="E2E.E2E_Final"/>
        <method signature="E2E_Final.LogOut()[pri:8, instance:E2E.E2E_Final@33d512c1]" name="LogOut" class="E2E.E2E_Final"/>
        <method signature="E2E_Final.LogIn()[pri:9, instance:E2E.E2E_Final@33d512c1]" name="LogIn" class="E2E.E2E_Final"/>
        <method signature="E2E_Final.GotoCartAgain()[pri:10, instance:E2E.E2E_Final@33d512c1]" name="GotoCartAgain" class="E2E.E2E_Final"/>
        <method signature="E2E_Final.GoToCheckout()[pri:11, instance:E2E.E2E_Final@33d512c1]" name="GoToCheckout" class="E2E.E2E_Final"/>
        <method signature="E2E_Final.AddInformation()[pri:12, instance:E2E.E2E_Final@33d512c1]" name="AddInformation" class="E2E.E2E_Final"/>
        <method signature="E2E_Final.Finish()[pri:13, instance:E2E.E2E_Final@33d512c1]" name="Finish" class="E2E.E2E_Final"/>
      </group> <!-- happy1 -->
      <group name="performance">
        <method signature="E2E_Final.performance_glitch_user()[pri:21, instance:E2E.E2E_Final@33d512c1]" name="performance_glitch_user" class="E2E.E2E_Final"/>
      </group> <!-- performance -->
      <group name="error_user">
        <method signature="E2E_Final.error_user()[pri:22, instance:E2E.E2E_Final@33d512c1]" name="error_user" class="E2E.E2E_Final"/>
      </group> <!-- error_user -->
      <group name="sad3">
        <method signature="E2E_Final.wrong_process3()[pri:16, instance:E2E.E2E_Final@33d512c1]" name="wrong_process3" class="E2E.E2E_Final"/>
      </group> <!-- sad3 -->
      <group name="sad2">
        <method signature="E2E_Final.wrong_process2()[pri:15, instance:E2E.E2E_Final@33d512c1]" name="wrong_process2" class="E2E.E2E_Final"/>
      </group> <!-- sad2 -->
      <group name="sad5">
        <method signature="E2E_Final.empty_fields()[pri:20, instance:E2E.E2E_Final@33d512c1]" name="empty_fields" class="E2E.E2E_Final"/>
      </group> <!-- sad5 -->
      <group name="sad4">
        <method signature="E2E_Final.empty_cart()[pri:19, instance:E2E.E2E_Final@33d512c1]" name="empty_cart" class="E2E.E2E_Final"/>
      </group> <!-- sad4 -->
      <group name="sad1">
        <method signature="E2E_Final.wrong_process()[pri:14, instance:E2E.E2E_Final@33d512c1]" name="wrong_process" class="E2E.E2E_Final"/>
      </group> <!-- sad1 -->
    </groups>
    <test started-at="2025-12-07T05:18:27 EET" name="SwagLabs-Automation" finished-at="2025-12-07T05:19:12 EET" duration-ms="44872">
      <class name="E2E.E2E_Final">
        <test-method is-config="true" signature="openBrowser()[pri:0, instance:E2E.E2E_Final@33d512c1]" started-at="2025-12-07T05:18:27 EET" name="openBrowser" finished-at="2025-12-07T05:18:37 EET" duration-ms="9921" status="PASS">
          <reporter-output>
          </reporter-output>
        </test-method> <!-- openBrowser -->
        <test-method is-config="true" signature="loginOnce()[pri:0, instance:E2E.E2E_Final@33d512c1]" started-at="2025-12-07T05:18:37 EET" name="loginOnce" finished-at="2025-12-07T05:18:39 EET" duration-ms="1424" status="PASS">
          <reporter-output>
          </reporter-output>
        </test-method> <!-- loginOnce -->
        <test-method signature="AddProduct()[pri:1, instance:E2E.E2E_Final@33d512c1]" started-at="2025-12-07T05:18:39 EET" name="AddProduct" finished-at="2025-12-07T05:18:39 EET" duration-ms="503" status="PASS">
          <reporter-output>
          </reporter-output>
        </test-method> <!-- AddProduct -->
        <test-method is-config="true" signature="afterEach(java.lang.reflect.Method)[pri:0, instance:E2E.E2E_Final@33d512c1]" started-at="2025-12-07T05:18:39 EET" name="afterEach" finished-at="2025-12-07T05:18:39 EET" duration-ms="3" status="PASS">
          <params>
            <param index="0">
              <value>
                <![CDATA[public void E2E.E2E_Final.AddProduct()]]>
              </value>
            </param>
          </params>
          <reporter-output>
          </reporter-output>
        </test-method> <!-- afterEach -->
        <test-method signature="ViewProduct()[pri:2, instance:E2E.E2E_Final@33d512c1]" started-at="2025-12-07T05:18:39 EET" name="ViewProduct" finished-at="2025-12-07T05:18:40 EET" duration-ms="346" status="PASS">
          <reporter-output>
          </reporter-output>
        </test-method> <!-- ViewProduct -->
        <test-method is-config="true" signature="afterEach(java.lang.reflect.Method)[pri:0, instance:E2E.E2E_Final@33d512c1]" started-at="2025-12-07T05:18:40 EET" name="afterEach" finished-at="2025-12-07T05:18:40 EET" duration-ms="1" status="PASS">
          <params>
            <param index="0">
              <value>
                <![CDATA[public void E2E.E2E_Final.ViewProduct()]]>
              </value>
            </param>
          </params>
          <reporter-output>
          </reporter-output>
        </test-method> <!-- afterEach -->
        <test-method signature="ViewandAdd()[pri:3, instance:E2E.E2E_Final@33d512c1]" started-at="2025-12-07T05:18:40 EET" name="ViewandAdd" finished-at="2025-12-07T05:18:40 EET" duration-ms="356" status="PASS">
          <reporter-output>
          </reporter-output>
        </test-method> <!-- ViewandAdd -->
        <test-method is-config="true" signature="afterEach(java.lang.reflect.Method)[pri:0, instance:E2E.E2E_Final@33d512c1]" started-at="2025-12-07T05:18:40 EET" name="afterEach" finished-at="2025-12-07T05:18:40 EET" duration-ms="1" status="PASS">
          <params>
            <param index="0">
              <value>
                <![CDATA[public void E2E.E2E_Final.ViewandAdd()]]>
              </value>
            </param>
          </params>
          <reporter-output>
          </reporter-output>
        </test-method> <!-- afterEach -->
        <test-method signature="removeProduct()[pri:4, instance:E2E.E2E_Final@33d512c1]" started-at="2025-12-07T05:18:40 EET" name="removeProduct" finished-at="2025-12-07T05:18:40 EET" duration-ms="95" status="PASS">
          <reporter-output>
          </reporter-output>
        </test-method> <!-- removeProduct -->
        <test-method is-config="true" signature="afterEach(java.lang.reflect.Method)[pri:0, instance:E2E.E2E_Final@33d512c1]" started-at="2025-12-07T05:18:40 EET" name="afterEach" finished-at="2025-12-07T05:18:40 EET" duration-ms="0" status="PASS">
          <params>
            <param index="0">
              <value>
                <![CDATA[public void E2E.E2E_Final.removeProduct()]]>
              </value>
            </param>
          </params>
          <reporter-output>
          </reporter-output>
        </test-method> <!-- afterEach -->
        <test-method signature="GotoCart()[pri:5, instance:E2E.E2E_Final@33d512c1]" started-at="2025-12-07T05:18:40 EET" name="GotoCart" finished-at="2025-12-07T05:18:40 EET" duration-ms="163" status="PASS">
          <reporter-output>
          </reporter-output>
        </test-method> <!-- GotoCart -->
        <test-method is-config="true" signature="afterEach(java.lang.reflect.Method)[pri:0, instance:E2E.E2E_Final@33d512c1]" started-at="2025-12-07T05:18:40 EET" name="afterEach" finished-at="2025-12-07T05:18:40 EET" duration-ms="0" status="PASS">
          <params>
            <param index="0">
              <value>
                <![CDATA[public void E2E.E2E_Final.GotoCart()]]>
              </value>
            </param>
          </params>
          <reporter-output>
          </reporter-output>
        </test-method> <!-- afterEach -->
        <test-method signature="RemoveFromCart()[pri:6, instance:E2E.E2E_Final@33d512c1]" started-at="2025-12-07T05:18:40 EET" name="RemoveFromCart" finished-at="2025-12-07T05:18:40 EET" duration-ms="152" status="PASS">
          <reporter-output>
          </reporter-output>
        </test-method> <!-- RemoveFromCart -->
        <test-method is-config="true" signature="afterEach(java.lang.reflect.Method)[pri:0, instance:E2E.E2E_Final@33d512c1]" started-at="2025-12-07T05:18:40 EET" name="afterEach" finished-at="2025-12-07T05:18:40 EET" duration-ms="1" status="PASS">
          <params>
            <param index="0">
              <value>
                <![CDATA[public void E2E.E2E_Final.RemoveFromCart()]]>
              </value>
            </param>
          </params>
          <reporter-output>
          </reporter-output>
        </test-method> <!-- afterEach -->
        <test-method signature="BackToHome()[pri:7, instance:E2E.E2E_Final@33d512c1]" started-at="2025-12-07T05:18:40 EET" name="BackToHome" finished-at="2025-12-07T05:18:41 EET" duration-ms="245" status="PASS">
          <reporter-output>
          </reporter-output>
        </test-method> <!-- BackToHome -->
        <test-method is-config="true" signature="afterEach(java.lang.reflect.Method)[pri:0, instance:E2E.E2E_Final@33d512c1]" started-at="2025-12-07T05:18:41 EET" name="afterEach" finished-at="2025-12-07T05:18:41 EET" duration-ms="1" status="PASS">
          <params>
            <param index="0">
              <value>
                <![CDATA[public void E2E.E2E_Final.BackToHome()]]>
              </value>
            </param>
          </params>
          <reporter-output>
          </reporter-output>
        </test-method> <!-- afterEach -->
        <test-method signature="LogOut()[pri:8, instance:E2E.E2E_Final@33d512c1]" started-at="2025-12-07T05:18:41 EET" name="LogOut" finished-at="2025-12-07T05:18:42 EET" duration-ms="871" status="PASS">
          <reporter-output>
          </reporter-output>
        </test-method> <!-- LogOut -->
        <test-method is-config="true" signature="afterEach(java.lang.reflect.Method)[pri:0, instance:E2E.E2E_Final@33d512c1]" started-at="2025-12-07T05:18:42 EET" name="afterEach" finished-at="2025-12-07T05:18:42 EET" duration-ms="1" status="PASS">
          <params>
            <param index="0">
              <value>
                <![CDATA[public void E2E.E2E_Final.LogOut()]]>
              </value>
            </param>
          </params>
          <reporter-output>
          </reporter-output>
        </test-method> <!-- afterEach -->
        <test-method signature="LogIn()[pri:9, instance:E2E.E2E_Final@33d512c1]" started-at="2025-12-07T05:18:42 EET" name="LogIn" finished-at="2025-12-07T05:18:42 EET" duration-ms="605" status="PASS">
          <reporter-output>
          </reporter-output>
        </test-method> <!-- LogIn -->
        <test-method is-config="true" signature="afterEach(java.lang.reflect.Method)[pri:0, instance:E2E.E2E_Final@33d512c1]" started-at="2025-12-07T05:18:42 EET" name="afterEach" finished-at="2025-12-07T05:18:42 EET" duration-ms="1" status="PASS">
          <params>
            <param index="0">
              <value>
                <![CDATA[public void E2E.E2E_Final.LogIn()]]>
              </value>
            </param>
          </params>
          <reporter-output>
          </reporter-output>
        </test-method> <!-- afterEach -->
        <test-method signature="GotoCartAgain()[pri:10, instance:E2E.E2E_Final@33d512c1]" started-at="2025-12-07T05:18:42 EET" name="GotoCartAgain" finished-at="2025-12-07T05:18:42 EET" duration-ms="208" status="PASS">
          <reporter-output>
          </reporter-output>
        </test-method> <!-- GotoCartAgain -->
        <test-method is-config="true" signature="afterEach(java.lang.reflect.Method)[pri:0, instance:E2E.E2E_Final@33d512c1]" started-at="2025-12-07T05:18:42 EET" name="afterEach" finished-at="2025-12-07T05:18:42 EET" duration-ms="1" status="PASS">
          <params>
            <param index="0">
              <value>
                <![CDATA[public void E2E.E2E_Final.GotoCartAgain()]]>
              </value>
            </param>
          </params>
          <reporter-output>
          </reporter-output>
        </test-method> <!-- afterEach -->
        <test-method signature="GoToCheckout()[pri:11, instance:E2E.E2E_Final@33d512c1]" started-at="2025-12-07T05:18:42 EET" name="GoToCheckout" finished-at="2025-12-07T05:18:43 EET" duration-ms="186" status="PASS">
          <reporter-output>
          </reporter-output>
        </test-method> <!-- GoToCheckout -->
        <test-method is-config="true" signature="afterEach(java.lang.reflect.Method)[pri:0, instance:E2E.E2E_Final@33d512c1]" started-at="2025-12-07T05:18:43 EET" name="afterEach" finished-at="2025-12-07T05:18:43 EET" duration-ms="1" status="PASS">
          <params>
            <param index="0">
              <value>
                <![CDATA[public void E2E.E2E_Final.GoToCheckout()]]>
              </value>
            </param>
          </params>
          <reporter-output>
          </reporter-output>
        </test-method> <!-- afterEach -->
        <test-method signature="AddInformation()[pri:12, instance:E2E.E2E_Final@33d512c1]" started-at="2025-12-07T05:18:43 EET" name="AddInformation" finished-at="2025-12-07T05:18:43 EET" duration-ms="452" status="PASS">
          <reporter-output>
          </reporter-output>
        </test-method> <!-- AddInformation -->
        <test-method is-config="true" signature="afterEach(java.lang.reflect.Method)[pri:0, instance:E2E.E2E_Final@33d512c1]" started-at="2025-12-07T05:18:43 EET" name="afterEach" finished-at="2025-12-07T05:18:43 EET" duration-ms="1" status="PASS">
          <params>
            <param index="0">
              <value>
                <![CDATA[public void E2E.E2E_Final.AddInformation()]]>
              </value>
            </param>
          </params>
          <reporter-output>
          </reporter-output>
        </test-method> <!-- afterEach -->
        <test-method signature="Finish()[pri:13, instance:E2E.E2E_Final@33d512c1]" started-at="2025-12-07T05:18:43 EET" name="Finish" finished-at="2025-12-07T05:18:43 EET" duration-ms="246" status="PASS">
          <reporter-output>
          </reporter-output>
        </test-method> <!-- Finish -->
        <test-method is-config="true" signature="afterEach(java.lang.reflect.Method)[pri:0, instance:E2E.E2E_Final@33d512c1]" started-at="2025-12-07T05:18:43 EET" name="afterEach" finished-at="2025-12-07T05:18:43 EET" duration-ms="1" status="PASS">
          <params>
            <param index="0">
              <value>
                <![CDATA[public void E2E.E2E_Final.Finish()]]>
              </value>
            </param>
          </params>
          <reporter-output>
          </reporter-output>
        </test-method> <!-- afterEach -->
        <test-method signature="wrong_process()[pri:14, instance:E2E.E2E_Final@33d512c1]" started-at="2025-12-07T05:18:43 EET" name="wrong_process" depends-on-groups="happy1" finished-at="2025-12-07T05:18:46 EET" duration-ms="3145" status="PASS">
          <reporter-output>
          </reporter-output>
        </test-method> <!-- wrong_process -->
        <test-method is-config="true" signature="afterEach(java.lang.reflect.Method)[pri:0, instance:E2E.E2E_Final@33d512c1]" started-at="2025-12-07T05:18:46 EET" name="afterEach" finished-at="2025-12-07T05:18:47 EET" duration-ms="132" status="PASS">
          <params>
            <param index="0">
              <value>
                <![CDATA[public void E2E.E2E_Final.wrong_process() throws java.lang.InterruptedException]]>
              </value>
            </param>
          </params>
          <reporter-output>
          </reporter-output>
        </test-method> <!-- afterEach -->
        <test-method signature="wrong_process2()[pri:15, instance:E2E.E2E_Final@33d512c1]" started-at="2025-12-07T05:18:47 EET" name="wrong_process2" depends-on-groups="sad1" finished-at="2025-12-07T05:18:49 EET" duration-ms="2058" status="PASS">
          <reporter-output>
          </reporter-output>
        </test-method> <!-- wrong_process2 -->
        <test-method is-config="true" signature="afterEach(java.lang.reflect.Method)[pri:0, instance:E2E.E2E_Final@33d512c1]" started-at="2025-12-07T05:18:49 EET" name="afterEach" finished-at="2025-12-07T05:18:49 EET" duration-ms="92" status="PASS">
          <params>
            <param index="0">
              <value>
                <![CDATA[public void E2E.E2E_Final.wrong_process2() throws java.lang.InterruptedException]]>
              </value>
            </param>
          </params>
          <reporter-output>
          </reporter-output>
        </test-method> <!-- afterEach -->
        <test-method signature="wrong_process3()[pri:16, instance:E2E.E2E_Final@33d512c1]" started-at="2025-12-07T05:18:49 EET" name="wrong_process3" depends-on-groups="sad2" finished-at="2025-12-07T05:18:54 EET" duration-ms="5433" status="PASS">
          <reporter-output>
          </reporter-output>
        </test-method> <!-- wrong_process3 -->
        <test-method is-config="true" signature="afterEach(java.lang.reflect.Method)[pri:0, instance:E2E.E2E_Final@33d512c1]" started-at="2025-12-07T05:18:54 EET" name="afterEach" finished-at="2025-12-07T05:18:54 EET" duration-ms="91" status="PASS">
          <params>
            <param index="0">
              <value>
                <![CDATA[public void E2E.E2E_Final.wrong_process3() throws java.lang.InterruptedException]]>
              </value>
            </param>
          </params>
          <reporter-output>
          </reporter-output>
        </test-method> <!-- afterEach -->
        <test-method signature="success_process3()[pri:17, instance:E2E.E2E_Final@33d512c1]" started-at="2025-12-07T05:18:54 EET" name="success_process3" depends-on-groups="sad3" finished-at="2025-12-07T05:18:58 EET" duration-ms="3692" status="PASS">
          <reporter-output>
          </reporter-output>
        </test-method> <!-- success_process3 -->
        <test-method is-config="true" signature="afterEach(java.lang.reflect.Method)[pri:0, instance:E2E.E2E_Final@33d512c1]" started-at="2025-12-07T05:18:58 EET" name="afterEach" finished-at="2025-12-07T05:18:58 EET" duration-ms="75" status="PASS">
          <params>
            <param index="0">
              <value>
                <![CDATA[public void E2E.E2E_Final.success_process3() throws java.lang.InterruptedException]]>
              </value>
            </param>
          </params>
          <reporter-output>
          </reporter-output>
        </test-method> <!-- afterEach -->
        <test-method signature="Remove_products2()[pri:18, instance:E2E.E2E_Final@33d512c1]" started-at="2025-12-07T05:18:58 EET" name="Remove_products2" depends-on-groups="happy2" finished-at="2025-12-07T05:19:01 EET" duration-ms="2584" status="PASS">
          <reporter-output>
          </reporter-output>
        </test-method> <!-- Remove_products2 -->
        <test-method is-config="true" signature="afterEach(java.lang.reflect.Method)[pri:0, instance:E2E.E2E_Final@33d512c1]" started-at="2025-12-07T05:19:01 EET" name="afterEach" finished-at="2025-12-07T05:19:01 EET" duration-ms="60" status="PASS">
          <params>
            <param index="0">
              <value>
                <![CDATA[public void E2E.E2E_Final.Remove_products2() throws java.lang.InterruptedException]]>
              </value>
            </param>
          </params>
          <reporter-output>
          </reporter-output>
        </test-method> <!-- afterEach -->
        <test-method signature="empty_cart()[pri:19, instance:E2E.E2E_Final@33d512c1]" started-at="2025-12-07T05:19:01 EET" name="empty_cart" depends-on-groups="happy3" finished-at="2025-12-07T05:19:02 EET" duration-ms="1240" status="PASS">
          <reporter-output>
          </reporter-output>
        </test-method> <!-- empty_cart -->
        <test-method is-config="true" signature="afterEach(java.lang.reflect.Method)[pri:0, instance:E2E.E2E_Final@33d512c1]" started-at="2025-12-07T05:19:02 EET" name="afterEach" finished-at="2025-12-07T05:19:02 EET" duration-ms="68" status="PASS">
          <params>
            <param index="0">
              <value>
                <![CDATA[public void E2E.E2E_Final.empty_cart() throws java.lang.InterruptedException]]>
              </value>
            </param>
          </params>
          <reporter-output>
          </reporter-output>
        </test-method> <!-- afterEach -->
        <test-method signature="empty_fields()[pri:20, instance:E2E.E2E_Final@33d512c1]" started-at="2025-12-07T05:19:02 EET" name="empty_fields" depends-on-groups="sad4" finished-at="2025-12-07T05:19:04 EET" duration-ms="2016" status="PASS">
          <reporter-output>
          </reporter-output>
        </test-method> <!-- empty_fields -->
        <test-method is-config="true" signature="afterEach(java.lang.reflect.Method)[pri:0, instance:E2E.E2E_Final@33d512c1]" started-at="2025-12-07T05:19:04 EET" name="afterEach" finished-at="2025-12-07T05:19:04 EET" duration-ms="68" status="PASS">
          <params>
            <param index="0">
              <value>
                <![CDATA[public void E2E.E2E_Final.empty_fields() throws java.lang.InterruptedException]]>
              </value>
            </param>
          </params>
          <reporter-output>
          </reporter-output>
        </test-method> <!-- afterEach -->
        <test-method signature="performance_glitch_user()[pri:21, instance:E2E.E2E_Final@33d512c1]" started-at="2025-12-07T05:19:04 EET" name="performance_glitch_user" finished-at="2025-12-07T05:19:10 EET" duration-ms="6404" status="PASS">
          <reporter-output>
          </reporter-output>
        </test-method> <!-- performance_glitch_user -->
        <test-method is-config="true" signature="afterEach(java.lang.reflect.Method)[pri:0, instance:E2E.E2E_Final@33d512c1]" started-at="2025-12-07T05:19:10 EET" name="afterEach" finished-at="2025-12-07T05:19:11 EET" duration-ms="66" status="PASS">
          <params>
            <param index="0">
              <value>
                <![CDATA[public void E2E.E2E_Final.performance_glitch_user() throws java.lang.InterruptedException]]>
              </value>
            </param>
          </params>
          <reporter-output>
          </reporter-output>
        </test-method> <!-- afterEach -->
        <test-method signature="error_user()[pri:22, instance:E2E.E2E_Final@33d512c1]" started-at="2025-12-07T05:19:11 EET" name="error_user" depends-on-groups="sad5" finished-at="2025-12-07T05:19:12 EET" duration-ms="1320" status="FAIL">
          <exception class="java.lang.AssertionError">
            <message>
              <![CDATA[expected [https://www.saucedemo.com/checkout-complete.html] but found [https://www.saucedemo.com/checkout-step-two.html]]]>
            </message>
            <full-stacktrace>
              <![CDATA[java.lang.AssertionError: expected [https://www.saucedemo.com/checkout-complete.html] but found [https://www.saucedemo.com/checkout-step-two.html]
at org.testng.Assert.fail(Assert.java:111)
at org.testng.Assert.failNotEquals(Assert.java:1590)
at org.testng.Assert.assertEqualsImpl(Assert.java:150)
at org.testng.Assert.assertEquals(Assert.java:132)
at org.testng.Assert.assertEquals(Assert.java:656)
at org.testng.Assert.assertEquals(Assert.java:666)
at E2E.E2E_Final.error_user(E2E_Final.java:414)
at java.base/jdk.internal.reflect.DirectMethodHandleAccessor.invoke(DirectMethodHandleAccessor.java:104)
at java.base/java.lang.reflect.Method.invoke(Method.java:565)
at org.testng.internal.invokers.MethodInvocationHelper.invokeMethod(MethodInvocationHelper.java:141)
at org.testng.internal.invokers.TestInvoker.invokeMethod(TestInvoker.java:687)
at org.testng.internal.invokers.TestInvoker.invokeTestMethod(TestInvoker.java:230)
at org.testng.internal.invokers.MethodRunner.runInSequence(MethodRunner.java:63)
at org.testng.internal.invokers.TestInvoker$MethodInvocationAgent.invoke(TestInvoker.java:995)
at org.testng.internal.invokers.TestInvoker.invokeTestMethods(TestInvoker.java:203)
at org.testng.internal.invokers.TestMethodWorker.invokeTestMethods(TestMethodWorker.java:154)
at org.testng.internal.invokers.TestMethodWorker.run(TestMethodWorker.java:134)
at java.base/java.util.ArrayList.forEach(ArrayList.java:1604)
at org.testng.TestRunner.privateRun(TestRunner.java:741)
at org.testng.TestRunner.run(TestRunner.java:616)
at org.testng.SuiteRunner.runTest(SuiteRunner.java:421)
at org.testng.SuiteRunner.runSequentially(SuiteRunner.java:413)
at org.testng.SuiteRunner.privateRun(SuiteRunner.java:373)
at org.testng.SuiteRunner.run(SuiteRunner.java:312)
at org.testng.SuiteRunnerWorker.runSuite(SuiteRunnerWorker.java:52)
at org.testng.SuiteRunnerWorker.run(SuiteRunnerWorker.java:95)
at org.testng.TestNG.runSuitesSequentially(TestNG.java:1274)
at org.testng.TestNG.runSuitesLocally(TestNG.java:1208)
at org.testng.TestNG.runSuites(TestNG.java:1112)
at org.testng.TestNG.run(TestNG.java:1079)
at com.intellij.rt.testng.IDEARemoteTestNG.run(IDEARemoteTestNG.java:65)
at com.intellij.rt.testng.RemoteTestNGStarter.main(RemoteTestNGStarter.java:105)
]]>
            </full-stacktrace>
          </exception> <!-- java.lang.AssertionError -->
          <reporter-output>
          </reporter-output>
        </test-method> <!-- error_user -->
        <test-method is-config="true" signature="afterEach(java.lang.reflect.Method)[pri:0, instance:E2E.E2E_Final@33d512c1]" started-at="2025-12-07T05:19:12 EET" name="afterEach" finished-at="2025-12-07T05:19:12 EET" duration-ms="63" status="PASS">
          <params>
            <param index="0">
              <value>
                <![CDATA[public void E2E.E2E_Final.error_user() throws java.lang.InterruptedException]]>
              </value>
            </param>
          </params>
          <reporter-output>
          </reporter-output>
        </test-method> <!-- afterEach -->
        <test-method is-config="true" signature="closeBrowser()[pri:0, instance:E2E.E2E_Final@33d512c1]" started-at="2025-12-07T05:19:12 EET" name="closeBrowser" finished-at="2025-12-07T05:19:12 EET" duration-ms="340" status="PASS">
          <reporter-output>
          </reporter-output>
        </test-method> <!-- closeBrowser -->
      </class> <!-- E2E.E2E_Final -->
    </test> <!-- SwagLabs-Automation -->
  </suite> <!-- Default Suite -->
</testng-results>
