<?xml version="1.0" encoding="UTF-8"?>
<testng-results ignored="0" total="23" passed="18" failed="5" skipped="0">
  <reporter-output>
  </reporter-output>
  <suite started-at="2025-11-29T23:52:46 EET" name="Default Suite" finished-at="2025-11-29T23:56:47 EET" duration-ms="241035">
    <groups>
    </groups>
    <test started-at="2025-11-29T23:52:46 EET" name="SwagLabs-Automation" finished-at="2025-11-29T23:56:47 EET" duration-ms="241035">
      <class name="integration.SideBar.Standard_user">
        <test-method is-config="true" signature="openBrowser()[pri:0, instance:integration.SideBar.Standard_user@7f3b84b8]" started-at="2025-11-29T23:52:46 EET" name="openBrowser" finished-at="2025-11-29T23:52:51 EET" duration-ms="4905" status="PASS">
          <reporter-output>
          </reporter-output>
        </test-method> <!-- openBrowser -->
        <test-method signature="AboutCheckOut()[pri:0, instance:integration.SideBar.Standard_user@7f3b84b8]" started-at="2025-11-29T23:52:51 EET" name="AboutCheckOut" finished-at="2025-11-29T23:52:58 EET" duration-ms="6213" status="PASS">
          <reporter-output>
          </reporter-output>
        </test-method> <!-- AboutCheckOut -->
        <test-method is-config="true" signature="closeBrowser()[pri:0, instance:integration.SideBar.Standard_user@7f3b84b8]" started-at="2025-11-29T23:52:58 EET" name="closeBrowser" finished-at="2025-11-29T23:53:00 EET" duration-ms="2164" status="PASS">
          <reporter-output>
          </reporter-output>
        </test-method> <!-- closeBrowser -->
        <test-method is-config="true" signature="openBrowser()[pri:0, instance:integration.SideBar.Standard_user@7f3b84b8]" started-at="2025-11-29T23:53:00 EET" name="openBrowser" finished-at="2025-11-29T23:53:06 EET" duration-ms="6409" status="PASS">
          <reporter-output>
          </reporter-output>
        </test-method> <!-- openBrowser -->
        <test-method signature="AboutHome()[pri:0, instance:integration.SideBar.Standard_user@7f3b84b8]" started-at="2025-11-29T23:53:06 EET" name="AboutHome" finished-at="2025-11-29T23:53:12 EET" duration-ms="5803" status="PASS">
          <reporter-output>
          </reporter-output>
        </test-method> <!-- AboutHome -->
        <test-method is-config="true" signature="closeBrowser()[pri:0, instance:integration.SideBar.Standard_user@7f3b84b8]" started-at="2025-11-29T23:53:12 EET" name="closeBrowser" finished-at="2025-11-29T23:53:15 EET" duration-ms="2676" status="PASS">
          <reporter-output>
          </reporter-output>
        </test-method> <!-- closeBrowser -->
        <test-method is-config="true" signature="openBrowser()[pri:0, instance:integration.SideBar.Standard_user@7f3b84b8]" started-at="2025-11-29T23:53:15 EET" name="openBrowser" finished-at="2025-11-29T23:53:19 EET" duration-ms="4108" status="PASS">
          <reporter-output>
          </reporter-output>
        </test-method> <!-- openBrowser -->
        <test-method signature="AboutOverView()[pri:0, instance:integration.SideBar.Standard_user@7f3b84b8]" started-at="2025-11-29T23:53:19 EET" name="AboutOverView" finished-at="2025-11-29T23:53:25 EET" duration-ms="6026" status="PASS">
          <reporter-output>
          </reporter-output>
        </test-method> <!-- AboutOverView -->
        <test-method is-config="true" signature="closeBrowser()[pri:0, instance:integration.SideBar.Standard_user@7f3b84b8]" started-at="2025-11-29T23:53:25 EET" name="closeBrowser" finished-at="2025-11-29T23:53:27 EET" duration-ms="2385" status="PASS">
          <reporter-output>
          </reporter-output>
        </test-method> <!-- closeBrowser -->
        <test-method is-config="true" signature="openBrowser()[pri:0, instance:integration.SideBar.Standard_user@7f3b84b8]" started-at="2025-11-29T23:53:27 EET" name="openBrowser" finished-at="2025-11-29T23:53:31 EET" duration-ms="4032" status="PASS">
          <reporter-output>
          </reporter-output>
        </test-method> <!-- openBrowser -->
        <test-method signature="AboutProduct()[pri:0, instance:integration.SideBar.Standard_user@7f3b84b8]" started-at="2025-11-29T23:53:31 EET" name="AboutProduct" finished-at="2025-11-29T23:53:38 EET" duration-ms="6353" status="PASS">
          <reporter-output>
          </reporter-output>
        </test-method> <!-- AboutProduct -->
        <test-method is-config="true" signature="closeBrowser()[pri:0, instance:integration.SideBar.Standard_user@7f3b84b8]" started-at="2025-11-29T23:53:38 EET" name="closeBrowser" finished-at="2025-11-29T23:53:40 EET" duration-ms="2211" status="PASS">
          <reporter-output>
          </reporter-output>
        </test-method> <!-- closeBrowser -->
        <test-method is-config="true" signature="openBrowser()[pri:0, instance:integration.SideBar.Standard_user@7f3b84b8]" started-at="2025-11-29T23:53:40 EET" name="openBrowser" finished-at="2025-11-29T23:53:44 EET" duration-ms="4088" status="PASS">
          <reporter-output>
          </reporter-output>
        </test-method> <!-- openBrowser -->
        <test-method signature="Aboutcart()[pri:0, instance:integration.SideBar.Standard_user@7f3b84b8]" started-at="2025-11-29T23:53:44 EET" name="Aboutcart" finished-at="2025-11-29T23:53:49 EET" duration-ms="5321" status="PASS">
          <reporter-output>
          </reporter-output>
        </test-method> <!-- Aboutcart -->
        <test-method is-config="true" signature="closeBrowser()[pri:0, instance:integration.SideBar.Standard_user@7f3b84b8]" started-at="2025-11-29T23:53:49 EET" name="closeBrowser" finished-at="2025-11-29T23:53:52 EET" duration-ms="2607" status="PASS">
          <reporter-output>
          </reporter-output>
        </test-method> <!-- closeBrowser -->
        <test-method is-config="true" signature="openBrowser()[pri:0, instance:integration.SideBar.Standard_user@7f3b84b8]" started-at="2025-11-29T23:53:52 EET" name="openBrowser" finished-at="2025-11-29T23:53:58 EET" duration-ms="6441" status="PASS">
          <reporter-output>
          </reporter-output>
        </test-method> <!-- openBrowser -->
        <test-method signature="AllItemsCart()[pri:0, instance:integration.SideBar.Standard_user@7f3b84b8]" started-at="2025-11-29T23:53:58 EET" name="AllItemsCart" finished-at="2025-11-29T23:54:00 EET" duration-ms="1492" status="PASS">
          <reporter-output>
          </reporter-output>
        </test-method> <!-- AllItemsCart -->
        <test-method is-config="true" signature="closeBrowser()[pri:0, instance:integration.SideBar.Standard_user@7f3b84b8]" started-at="2025-11-29T23:54:00 EET" name="closeBrowser" finished-at="2025-11-29T23:54:02 EET" duration-ms="2124" status="PASS">
          <reporter-output>
          </reporter-output>
        </test-method> <!-- closeBrowser -->
        <test-method is-config="true" signature="openBrowser()[pri:0, instance:integration.SideBar.Standard_user@7f3b84b8]" started-at="2025-11-29T23:54:02 EET" name="openBrowser" finished-at="2025-11-29T23:54:06 EET" duration-ms="4004" status="PASS">
          <reporter-output>
          </reporter-output>
        </test-method> <!-- openBrowser -->
        <test-method signature="AllItemsCheckOut()[pri:0, instance:integration.SideBar.Standard_user@7f3b84b8]" started-at="2025-11-29T23:54:06 EET" name="AllItemsCheckOut" finished-at="2025-11-29T23:54:07 EET" duration-ms="1389" status="PASS">
          <reporter-output>
          </reporter-output>
        </test-method> <!-- AllItemsCheckOut -->
        <test-method is-config="true" signature="closeBrowser()[pri:0, instance:integration.SideBar.Standard_user@7f3b84b8]" started-at="2025-11-29T23:54:07 EET" name="closeBrowser" finished-at="2025-11-29T23:54:09 EET" duration-ms="2134" status="PASS">
          <reporter-output>
          </reporter-output>
        </test-method> <!-- closeBrowser -->
        <test-method is-config="true" signature="openBrowser()[pri:0, instance:integration.SideBar.Standard_user@7f3b84b8]" started-at="2025-11-29T23:54:09 EET" name="openBrowser" finished-at="2025-11-29T23:54:14 EET" duration-ms="4998" status="PASS">
          <reporter-output>
          </reporter-output>
        </test-method> <!-- openBrowser -->
        <test-method signature="AllItemsHome()[pri:0, instance:integration.SideBar.Standard_user@7f3b84b8]" started-at="2025-11-29T23:54:14 EET" name="AllItemsHome" finished-at="2025-11-29T23:54:15 EET" duration-ms="1078" status="PASS">
          <reporter-output>
          </reporter-output>
        </test-method> <!-- AllItemsHome -->
        <test-method is-config="true" signature="closeBrowser()[pri:0, instance:integration.SideBar.Standard_user@7f3b84b8]" started-at="2025-11-29T23:54:15 EET" name="closeBrowser" finished-at="2025-11-29T23:54:18 EET" duration-ms="2131" status="PASS">
          <reporter-output>
          </reporter-output>
        </test-method> <!-- closeBrowser -->
        <test-method is-config="true" signature="openBrowser()[pri:0, instance:integration.SideBar.Standard_user@7f3b84b8]" started-at="2025-11-29T23:54:18 EET" name="openBrowser" finished-at="2025-11-29T23:54:22 EET" duration-ms="4737" status="PASS">
          <reporter-output>
          </reporter-output>
        </test-method> <!-- openBrowser -->
        <test-method signature="AllItemsOverView()[pri:0, instance:integration.SideBar.Standard_user@7f3b84b8]" started-at="2025-11-29T23:54:22 EET" name="AllItemsOverView" finished-at="2025-11-29T23:54:24 EET" duration-ms="1838" status="PASS">
          <reporter-output>
          </reporter-output>
        </test-method> <!-- AllItemsOverView -->
        <test-method is-config="true" signature="closeBrowser()[pri:0, instance:integration.SideBar.Standard_user@7f3b84b8]" started-at="2025-11-29T23:54:24 EET" name="closeBrowser" finished-at="2025-11-29T23:54:26 EET" duration-ms="2156" status="PASS">
          <reporter-output>
          </reporter-output>
        </test-method> <!-- closeBrowser -->
        <test-method is-config="true" signature="openBrowser()[pri:0, instance:integration.SideBar.Standard_user@7f3b84b8]" started-at="2025-11-29T23:54:26 EET" name="openBrowser" finished-at="2025-11-29T23:54:33 EET" duration-ms="6416" status="PASS">
          <reporter-output>
          </reporter-output>
        </test-method> <!-- openBrowser -->
        <test-method signature="AllItemsProduct()[pri:0, instance:integration.SideBar.Standard_user@7f3b84b8]" started-at="2025-11-29T23:54:33 EET" name="AllItemsProduct" finished-at="2025-11-29T23:54:34 EET" duration-ms="1246" status="PASS">
          <reporter-output>
          </reporter-output>
        </test-method> <!-- AllItemsProduct -->
        <test-method is-config="true" signature="closeBrowser()[pri:0, instance:integration.SideBar.Standard_user@7f3b84b8]" started-at="2025-11-29T23:54:34 EET" name="closeBrowser" finished-at="2025-11-29T23:54:36 EET" duration-ms="2133" status="PASS">
          <reporter-output>
          </reporter-output>
        </test-method> <!-- closeBrowser -->
        <test-method is-config="true" signature="openBrowser()[pri:0, instance:integration.SideBar.Standard_user@7f3b84b8]" started-at="2025-11-29T23:54:36 EET" name="openBrowser" finished-at="2025-11-29T23:54:40 EET" duration-ms="4007" status="PASS">
          <reporter-output>
          </reporter-output>
        </test-method> <!-- openBrowser -->
        <test-method signature="LogOutCart()[pri:0, instance:integration.SideBar.Standard_user@7f3b84b8]" started-at="2025-11-29T23:54:40 EET" name="LogOutCart" finished-at="2025-11-29T23:54:41 EET" duration-ms="1329" status="PASS">
          <reporter-output>
          </reporter-output>
        </test-method> <!-- LogOutCart -->
        <test-method is-config="true" signature="closeBrowser()[pri:0, instance:integration.SideBar.Standard_user@7f3b84b8]" started-at="2025-11-29T23:54:41 EET" name="closeBrowser" finished-at="2025-11-29T23:54:44 EET" duration-ms="2153" status="PASS">
          <reporter-output>
          </reporter-output>
        </test-method> <!-- closeBrowser -->
        <test-method is-config="true" signature="openBrowser()[pri:0, instance:integration.SideBar.Standard_user@7f3b84b8]" started-at="2025-11-29T23:54:44 EET" name="openBrowser" finished-at="2025-11-29T23:54:48 EET" duration-ms="4206" status="PASS">
          <reporter-output>
          </reporter-output>
        </test-method> <!-- openBrowser -->
        <test-method signature="LogOutCheckout()[pri:0, instance:integration.SideBar.Standard_user@7f3b84b8]" started-at="2025-11-29T23:54:48 EET" name="LogOutCheckout" finished-at="2025-11-29T23:54:49 EET" duration-ms="1458" status="PASS">
          <reporter-output>
          </reporter-output>
        </test-method> <!-- LogOutCheckout -->
        <test-method is-config="true" signature="closeBrowser()[pri:0, instance:integration.SideBar.Standard_user@7f3b84b8]" started-at="2025-11-29T23:54:49 EET" name="closeBrowser" finished-at="2025-11-29T23:54:51 EET" duration-ms="2135" status="PASS">
          <reporter-output>
          </reporter-output>
        </test-method> <!-- closeBrowser -->
        <test-method is-config="true" signature="openBrowser()[pri:0, instance:integration.SideBar.Standard_user@7f3b84b8]" started-at="2025-11-29T23:54:51 EET" name="openBrowser" finished-at="2025-11-29T23:54:56 EET" duration-ms="4280" status="PASS">
          <reporter-output>
          </reporter-output>
        </test-method> <!-- openBrowser -->
        <test-method signature="LogOutHome()[pri:0, instance:integration.SideBar.Standard_user@7f3b84b8]" started-at="2025-11-29T23:54:56 EET" name="LogOutHome" finished-at="2025-11-29T23:54:57 EET" duration-ms="1209" status="PASS">
          <reporter-output>
          </reporter-output>
        </test-method> <!-- LogOutHome -->
        <test-method is-config="true" signature="closeBrowser()[pri:0, instance:integration.SideBar.Standard_user@7f3b84b8]" started-at="2025-11-29T23:54:57 EET" name="closeBrowser" finished-at="2025-11-29T23:54:59 EET" duration-ms="2129" status="PASS">
          <reporter-output>
          </reporter-output>
        </test-method> <!-- closeBrowser -->
        <test-method is-config="true" signature="openBrowser()[pri:0, instance:integration.SideBar.Standard_user@7f3b84b8]" started-at="2025-11-29T23:54:59 EET" name="openBrowser" finished-at="2025-11-29T23:55:06 EET" duration-ms="7046" status="PASS">
          <reporter-output>
          </reporter-output>
        </test-method> <!-- openBrowser -->
        <test-method signature="LogOutOverView()[pri:0, instance:integration.SideBar.Standard_user@7f3b84b8]" started-at="2025-11-29T23:55:06 EET" name="LogOutOverView" finished-at="2025-11-29T23:55:08 EET" duration-ms="2068" status="PASS">
          <reporter-output>
          </reporter-output>
        </test-method> <!-- LogOutOverView -->
        <test-method is-config="true" signature="closeBrowser()[pri:0, instance:integration.SideBar.Standard_user@7f3b84b8]" started-at="2025-11-29T23:55:08 EET" name="closeBrowser" finished-at="2025-11-29T23:55:10 EET" duration-ms="2133" status="PASS">
          <reporter-output>
          </reporter-output>
        </test-method> <!-- closeBrowser -->
        <test-method is-config="true" signature="openBrowser()[pri:0, instance:integration.SideBar.Standard_user@7f3b84b8]" started-at="2025-11-29T23:55:10 EET" name="openBrowser" finished-at="2025-11-29T23:55:15 EET" duration-ms="4842" status="PASS">
          <reporter-output>
          </reporter-output>
        </test-method> <!-- openBrowser -->
        <test-method signature="LogOutProduct()[pri:0, instance:integration.SideBar.Standard_user@7f3b84b8]" started-at="2025-11-29T23:55:15 EET" name="LogOutProduct" finished-at="2025-11-29T23:55:16 EET" duration-ms="1244" status="PASS">
          <reporter-output>
          </reporter-output>
        </test-method> <!-- LogOutProduct -->
        <test-method is-config="true" signature="closeBrowser()[pri:0, instance:integration.SideBar.Standard_user@7f3b84b8]" started-at="2025-11-29T23:55:16 EET" name="closeBrowser" finished-at="2025-11-29T23:55:19 EET" duration-ms="2126" status="PASS">
          <reporter-output>
          </reporter-output>
        </test-method> <!-- closeBrowser -->
        <test-method is-config="true" signature="openBrowser()[pri:0, instance:integration.SideBar.Standard_user@7f3b84b8]" started-at="2025-11-29T23:55:19 EET" name="openBrowser" finished-at="2025-11-29T23:55:23 EET" duration-ms="4368" status="PASS">
          <reporter-output>
          </reporter-output>
        </test-method> <!-- openBrowser -->
        <test-method signature="LoginAfterLogout()[pri:0, instance:integration.SideBar.Standard_user@7f3b84b8]" started-at="2025-11-29T23:55:23 EET" name="LoginAfterLogout" finished-at="2025-11-29T23:55:25 EET" duration-ms="1701" status="PASS">
          <reporter-output>
          </reporter-output>
        </test-method> <!-- LoginAfterLogout -->
        <test-method is-config="true" signature="closeBrowser()[pri:0, instance:integration.SideBar.Standard_user@7f3b84b8]" started-at="2025-11-29T23:55:25 EET" name="closeBrowser" finished-at="2025-11-29T23:55:27 EET" duration-ms="2123" status="PASS">
          <reporter-output>
          </reporter-output>
        </test-method> <!-- closeBrowser -->
        <test-method is-config="true" signature="openBrowser()[pri:0, instance:integration.SideBar.Standard_user@7f3b84b8]" started-at="2025-11-29T23:55:27 EET" name="openBrowser" finished-at="2025-11-29T23:55:31 EET" duration-ms="4345" status="PASS">
          <reporter-output>
          </reporter-output>
        </test-method> <!-- openBrowser -->
        <test-method signature="LoginAfterLogoutDifferentUser()[pri:0, instance:integration.SideBar.Standard_user@7f3b84b8]" started-at="2025-11-29T23:55:31 EET" name="LoginAfterLogoutDifferentUser" finished-at="2025-11-29T23:55:33 EET" duration-ms="1712" status="FAIL">
          <exception class="java.lang.AssertionError">
            <message>
              <![CDATA[expected [0] but found [2]]]>
            </message>
            <full-stacktrace>
              <![CDATA[java.lang.AssertionError: expected [0] but found [2]
at org.testng.Assert.fail(Assert.java:111)
at org.testng.Assert.failNotEquals(Assert.java:1590)
at org.testng.Assert.assertEqualsImpl(Assert.java:150)
at org.testng.Assert.assertEquals(Assert.java:132)
at org.testng.Assert.assertEquals(Assert.java:656)
at org.testng.Assert.assertEquals(Assert.java:666)
at integration.SideBar.Standard_user.LoginAfterLogoutDifferentUser(Standard_user.java:115)
at java.base/jdk.internal.reflect.DirectMethodHandleAccessor.invoke(DirectMethodHandleAccessor.java:104)
at java.base/java.lang.reflect.Method.invoke(Method.java:565)
at org.testng.internal.invokers.MethodInvocationHelper.invokeMethod(MethodInvocationHelper.java:141)
at org.testng.internal.invokers.TestInvoker.invokeMethod(TestInvoker.java:687)
at org.testng.internal.invokers.TestInvoker.invokeTestMethod(TestInvoker.java:230)
at org.testng.internal.invokers.MethodRunner.runInSequence(MethodRunner.java:63)
at org.testng.internal.invokers.TestInvoker$MethodInvocationAgent.invoke(TestInvoker.java:995)
at org.testng.internal.invokers.TestInvoker.invokeTestMethods(TestInvoker.java:203)
at org.testng.internal.invokers.TestMethodWorker.invokeTestMethods(TestMethodWorker.java:154)
at org.testng.internal.invokers.TestMethodWorker.run(TestMethodWorker.java:134)
at java.base/java.util.ArrayList.forEach(ArrayList.java:1604)
at org.testng.TestRunner.privateRun(TestRunner.java:741)
at org.testng.TestRunner.run(TestRunner.java:616)
at org.testng.SuiteRunner.runTest(SuiteRunner.java:421)
at org.testng.SuiteRunner.runSequentially(SuiteRunner.java:413)
at org.testng.SuiteRunner.privateRun(SuiteRunner.java:373)
at org.testng.SuiteRunner.run(SuiteRunner.java:312)
at org.testng.SuiteRunnerWorker.runSuite(SuiteRunnerWorker.java:52)
at org.testng.SuiteRunnerWorker.run(SuiteRunnerWorker.java:95)
at org.testng.TestNG.runSuitesSequentially(TestNG.java:1274)
at org.testng.TestNG.runSuitesLocally(TestNG.java:1208)
at org.testng.TestNG.runSuites(TestNG.java:1112)
at org.testng.TestNG.run(TestNG.java:1079)
at com.intellij.rt.testng.IDEARemoteTestNG.run(IDEARemoteTestNG.java:65)
at com.intellij.rt.testng.RemoteTestNGStarter.main(RemoteTestNGStarter.java:105)
]]>
            </full-stacktrace>
          </exception> <!-- java.lang.AssertionError -->
          <reporter-output>
          </reporter-output>
        </test-method> <!-- LoginAfterLogoutDifferentUser -->
        <test-method is-config="true" signature="closeBrowser()[pri:0, instance:integration.SideBar.Standard_user@7f3b84b8]" started-at="2025-11-29T23:55:33 EET" name="closeBrowser" finished-at="2025-11-29T23:55:35 EET" duration-ms="2148" status="PASS">
          <reporter-output>
          </reporter-output>
        </test-method> <!-- closeBrowser -->
        <test-method is-config="true" signature="openBrowser()[pri:0, instance:integration.SideBar.Standard_user@7f3b84b8]" started-at="2025-11-29T23:55:35 EET" name="openBrowser" finished-at="2025-11-29T23:55:41 EET" duration-ms="6474" status="PASS">
          <reporter-output>
          </reporter-output>
        </test-method> <!-- openBrowser -->
        <test-method signature="ResetAfterAddProduct()[pri:0, instance:integration.SideBar.Standard_user@7f3b84b8]" started-at="2025-11-29T23:55:41 EET" name="ResetAfterAddProduct" finished-at="2025-11-29T23:55:44 EET" duration-ms="2167" status="FAIL">
          <exception class="java.lang.AssertionError">
            <message>
              <![CDATA[expected [Add to cart] but found [Remove]]]>
            </message>
            <full-stacktrace>
              <![CDATA[java.lang.AssertionError: expected [Add to cart] but found [Remove]
at org.testng.Assert.fail(Assert.java:111)
at org.testng.Assert.failNotEquals(Assert.java:1590)
at org.testng.Assert.assertEqualsImpl(Assert.java:150)
at org.testng.Assert.assertEquals(Assert.java:132)
at org.testng.Assert.assertEquals(Assert.java:656)
at org.testng.Assert.assertEquals(Assert.java:666)
at integration.SideBar.Standard_user.ResetAfterAddProduct(Standard_user.java:372)
at java.base/jdk.internal.reflect.DirectMethodHandleAccessor.invoke(DirectMethodHandleAccessor.java:104)
at java.base/java.lang.reflect.Method.invoke(Method.java:565)
at org.testng.internal.invokers.MethodInvocationHelper.invokeMethod(MethodInvocationHelper.java:141)
at org.testng.internal.invokers.TestInvoker.invokeMethod(TestInvoker.java:687)
at org.testng.internal.invokers.TestInvoker.invokeTestMethod(TestInvoker.java:230)
at org.testng.internal.invokers.MethodRunner.runInSequence(MethodRunner.java:63)
at org.testng.internal.invokers.TestInvoker$MethodInvocationAgent.invoke(TestInvoker.java:995)
at org.testng.internal.invokers.TestInvoker.invokeTestMethods(TestInvoker.java:203)
at org.testng.internal.invokers.TestMethodWorker.invokeTestMethods(TestMethodWorker.java:154)
at org.testng.internal.invokers.TestMethodWorker.run(TestMethodWorker.java:134)
at java.base/java.util.ArrayList.forEach(ArrayList.java:1604)
at org.testng.TestRunner.privateRun(TestRunner.java:741)
at org.testng.TestRunner.run(TestRunner.java:616)
at org.testng.SuiteRunner.runTest(SuiteRunner.java:421)
at org.testng.SuiteRunner.runSequentially(SuiteRunner.java:413)
at org.testng.SuiteRunner.privateRun(SuiteRunner.java:373)
at org.testng.SuiteRunner.run(SuiteRunner.java:312)
at org.testng.SuiteRunnerWorker.runSuite(SuiteRunnerWorker.java:52)
at org.testng.SuiteRunnerWorker.run(SuiteRunnerWorker.java:95)
at org.testng.TestNG.runSuitesSequentially(TestNG.java:1274)
at org.testng.TestNG.runSuitesLocally(TestNG.java:1208)
at org.testng.TestNG.runSuites(TestNG.java:1112)
at org.testng.TestNG.run(TestNG.java:1079)
at com.intellij.rt.testng.IDEARemoteTestNG.run(IDEARemoteTestNG.java:65)
at com.intellij.rt.testng.RemoteTestNGStarter.main(RemoteTestNGStarter.java:105)
]]>
            </full-stacktrace>
          </exception> <!-- java.lang.AssertionError -->
          <reporter-output>
          </reporter-output>
        </test-method> <!-- ResetAfterAddProduct -->
        <test-method is-config="true" signature="closeBrowser()[pri:0, instance:integration.SideBar.Standard_user@7f3b84b8]" started-at="2025-11-29T23:55:44 EET" name="closeBrowser" finished-at="2025-11-29T23:55:46 EET" duration-ms="2136" status="PASS">
          <reporter-output>
          </reporter-output>
        </test-method> <!-- closeBrowser -->
        <test-method is-config="true" signature="openBrowser()[pri:0, instance:integration.SideBar.Standard_user@7f3b84b8]" started-at="2025-11-29T23:55:46 EET" name="openBrowser" finished-at="2025-11-29T23:55:50 EET" duration-ms="4300" status="PASS">
          <reporter-output>
          </reporter-output>
        </test-method> <!-- openBrowser -->
        <test-method signature="ResetCheckout()[pri:0, instance:integration.SideBar.Standard_user@7f3b84b8]" started-at="2025-11-29T23:55:50 EET" name="ResetCheckout" finished-at="2025-11-29T23:55:51 EET" duration-ms="1435" status="FAIL">
          <exception class="java.lang.AssertionError">
            <message>
              <![CDATA[expected [] but found [mohamed]]]>
            </message>
            <full-stacktrace>
              <![CDATA[java.lang.AssertionError: expected [] but found [mohamed]
at org.testng.Assert.fail(Assert.java:111)
at org.testng.Assert.failNotEquals(Assert.java:1590)
at org.testng.Assert.assertEqualsImpl(Assert.java:150)
at org.testng.Assert.assertEquals(Assert.java:132)
at org.testng.Assert.assertEquals(Assert.java:656)
at org.testng.Assert.assertEquals(Assert.java:666)
at integration.SideBar.Standard_user.ResetCheckout(Standard_user.java:238)
at java.base/jdk.internal.reflect.DirectMethodHandleAccessor.invoke(DirectMethodHandleAccessor.java:104)
at java.base/java.lang.reflect.Method.invoke(Method.java:565)
at org.testng.internal.invokers.MethodInvocationHelper.invokeMethod(MethodInvocationHelper.java:141)
at org.testng.internal.invokers.TestInvoker.invokeMethod(TestInvoker.java:687)
at org.testng.internal.invokers.TestInvoker.invokeTestMethod(TestInvoker.java:230)
at org.testng.internal.invokers.MethodRunner.runInSequence(MethodRunner.java:63)
at org.testng.internal.invokers.TestInvoker$MethodInvocationAgent.invoke(TestInvoker.java:995)
at org.testng.internal.invokers.TestInvoker.invokeTestMethods(TestInvoker.java:203)
at org.testng.internal.invokers.TestMethodWorker.invokeTestMethods(TestMethodWorker.java:154)
at org.testng.internal.invokers.TestMethodWorker.run(TestMethodWorker.java:134)
at java.base/java.util.ArrayList.forEach(ArrayList.java:1604)
at org.testng.TestRunner.privateRun(TestRunner.java:741)
at org.testng.TestRunner.run(TestRunner.java:616)
at org.testng.SuiteRunner.runTest(SuiteRunner.java:421)
at org.testng.SuiteRunner.runSequentially(SuiteRunner.java:413)
at org.testng.SuiteRunner.privateRun(SuiteRunner.java:373)
at org.testng.SuiteRunner.run(SuiteRunner.java:312)
at org.testng.SuiteRunnerWorker.runSuite(SuiteRunnerWorker.java:52)
at org.testng.SuiteRunnerWorker.run(SuiteRunnerWorker.java:95)
at org.testng.TestNG.runSuitesSequentially(TestNG.java:1274)
at org.testng.TestNG.runSuitesLocally(TestNG.java:1208)
at org.testng.TestNG.runSuites(TestNG.java:1112)
at org.testng.TestNG.run(TestNG.java:1079)
at com.intellij.rt.testng.IDEARemoteTestNG.run(IDEARemoteTestNG.java:65)
at com.intellij.rt.testng.RemoteTestNGStarter.main(RemoteTestNGStarter.java:105)
]]>
            </full-stacktrace>
          </exception> <!-- java.lang.AssertionError -->
          <reporter-output>
          </reporter-output>
        </test-method> <!-- ResetCheckout -->
        <test-method is-config="true" signature="closeBrowser()[pri:0, instance:integration.SideBar.Standard_user@7f3b84b8]" started-at="2025-11-29T23:55:51 EET" name="closeBrowser" finished-at="2025-11-29T23:55:54 EET" duration-ms="2114" status="PASS">
          <reporter-output>
          </reporter-output>
        </test-method> <!-- closeBrowser -->
        <test-method is-config="true" signature="openBrowser()[pri:0, instance:integration.SideBar.Standard_user@7f3b84b8]" started-at="2025-11-29T23:55:54 EET" name="openBrowser" finished-at="2025-11-29T23:55:58 EET" duration-ms="4172" status="PASS">
          <reporter-output>
          </reporter-output>
        </test-method> <!-- openBrowser -->
        <test-method signature="ResetHome()[pri:0, instance:integration.SideBar.Standard_user@7f3b84b8]" started-at="2025-11-29T23:55:58 EET" name="ResetHome" finished-at="2025-11-29T23:55:59 EET" duration-ms="1397" status="FAIL">
          <exception class="java.lang.AssertionError">
            <message>
              <![CDATA[expected [Add to cart] but found [Remove]]]>
            </message>
            <full-stacktrace>
              <![CDATA[java.lang.AssertionError: expected [Add to cart] but found [Remove]
at org.testng.Assert.fail(Assert.java:111)
at org.testng.Assert.failNotEquals(Assert.java:1590)
at org.testng.Assert.assertEqualsImpl(Assert.java:150)
at org.testng.Assert.assertEquals(Assert.java:132)
at org.testng.Assert.assertEquals(Assert.java:656)
at org.testng.Assert.assertEquals(Assert.java:666)
at integration.SideBar.Standard_user.ResetHome(Standard_user.java:139)
at java.base/jdk.internal.reflect.DirectMethodHandleAccessor.invoke(DirectMethodHandleAccessor.java:104)
at java.base/java.lang.reflect.Method.invoke(Method.java:565)
at org.testng.internal.invokers.MethodInvocationHelper.invokeMethod(MethodInvocationHelper.java:141)
at org.testng.internal.invokers.TestInvoker.invokeMethod(TestInvoker.java:687)
at org.testng.internal.invokers.TestInvoker.invokeTestMethod(TestInvoker.java:230)
at org.testng.internal.invokers.MethodRunner.runInSequence(MethodRunner.java:63)
at org.testng.internal.invokers.TestInvoker$MethodInvocationAgent.invoke(TestInvoker.java:995)
at org.testng.internal.invokers.TestInvoker.invokeTestMethods(TestInvoker.java:203)
at org.testng.internal.invokers.TestMethodWorker.invokeTestMethods(TestMethodWorker.java:154)
at org.testng.internal.invokers.TestMethodWorker.run(TestMethodWorker.java:134)
at java.base/java.util.ArrayList.forEach(ArrayList.java:1604)
at org.testng.TestRunner.privateRun(TestRunner.java:741)
at org.testng.TestRunner.run(TestRunner.java:616)
at org.testng.SuiteRunner.runTest(SuiteRunner.java:421)
at org.testng.SuiteRunner.runSequentially(SuiteRunner.java:413)
at org.testng.SuiteRunner.privateRun(SuiteRunner.java:373)
at org.testng.SuiteRunner.run(SuiteRunner.java:312)
at org.testng.SuiteRunnerWorker.runSuite(SuiteRunnerWorker.java:52)
at org.testng.SuiteRunnerWorker.run(SuiteRunnerWorker.java:95)
at org.testng.TestNG.runSuitesSequentially(TestNG.java:1274)
at org.testng.TestNG.runSuitesLocally(TestNG.java:1208)
at org.testng.TestNG.runSuites(TestNG.java:1112)
at org.testng.TestNG.run(TestNG.java:1079)
at com.intellij.rt.testng.IDEARemoteTestNG.run(IDEARemoteTestNG.java:65)
at com.intellij.rt.testng.RemoteTestNGStarter.main(RemoteTestNGStarter.java:105)
]]>
            </full-stacktrace>
          </exception> <!-- java.lang.AssertionError -->
          <reporter-output>
          </reporter-output>
        </test-method> <!-- ResetHome -->
        <test-method is-config="true" signature="closeBrowser()[pri:0, instance:integration.SideBar.Standard_user@7f3b84b8]" started-at="2025-11-29T23:55:59 EET" name="closeBrowser" finished-at="2025-11-29T23:56:01 EET" duration-ms="2128" status="PASS">
          <reporter-output>
          </reporter-output>
        </test-method> <!-- closeBrowser -->
        <test-method is-config="true" signature="openBrowser()[pri:0, instance:integration.SideBar.Standard_user@7f3b84b8]" started-at="2025-11-29T23:56:01 EET" name="openBrowser" finished-at="2025-11-29T23:56:05 EET" duration-ms="4108" status="PASS">
          <reporter-output>
          </reporter-output>
        </test-method> <!-- openBrowser -->
        <test-method signature="ResetOverView()[pri:0, instance:integration.SideBar.Standard_user@7f3b84b8]" started-at="2025-11-29T23:56:05 EET" name="ResetOverView" finished-at="2025-11-29T23:56:07 EET" duration-ms="1950" status="PASS">
          <reporter-output>
          </reporter-output>
        </test-method> <!-- ResetOverView -->
        <test-method is-config="true" signature="closeBrowser()[pri:0, instance:integration.SideBar.Standard_user@7f3b84b8]" started-at="2025-11-29T23:56:07 EET" name="closeBrowser" finished-at="2025-11-29T23:56:09 EET" duration-ms="2130" status="PASS">
          <reporter-output>
          </reporter-output>
        </test-method> <!-- closeBrowser -->
        <test-method is-config="true" signature="openBrowser()[pri:0, instance:integration.SideBar.Standard_user@7f3b84b8]" started-at="2025-11-29T23:56:09 EET" name="openBrowser" finished-at="2025-11-29T23:56:16 EET" duration-ms="6503" status="PASS">
          <reporter-output>
          </reporter-output>
        </test-method> <!-- openBrowser -->
        <test-method signature="ResetProductBefor()[pri:0, instance:integration.SideBar.Standard_user@7f3b84b8]" started-at="2025-11-29T23:56:16 EET" name="ResetProductBefor" finished-at="2025-11-29T23:56:17 EET" duration-ms="1473" status="PASS">
          <reporter-output>
          </reporter-output>
        </test-method> <!-- ResetProductBefor -->
        <test-method is-config="true" signature="closeBrowser()[pri:0, instance:integration.SideBar.Standard_user@7f3b84b8]" started-at="2025-11-29T23:56:17 EET" name="closeBrowser" finished-at="2025-11-29T23:56:20 EET" duration-ms="2136" status="PASS">
          <reporter-output>
          </reporter-output>
        </test-method> <!-- closeBrowser -->
        <test-method is-config="true" signature="openBrowser()[pri:0, instance:integration.SideBar.Standard_user@7f3b84b8]" started-at="2025-11-29T23:56:20 EET" name="openBrowser" finished-at="2025-11-29T23:56:24 EET" duration-ms="3971" status="PASS">
          <reporter-output>
          </reporter-output>
        </test-method> <!-- openBrowser -->
        <test-method signature="Resetcart()[pri:0, instance:integration.SideBar.Standard_user@7f3b84b8]" started-at="2025-11-29T23:56:24 EET" name="Resetcart" finished-at="2025-11-29T23:56:45 EET" duration-ms="21820" status="FAIL">
          <exception class="org.openqa.selenium.TimeoutException">
            <message>
              <![CDATA[Expected condition failed: waiting for presence of element located by: By.xpath: //*[@id="shopping_cart_container"]/a/span (tried for 20 second(s) with 500 milliseconds interval)]]>
            </message>
            <full-stacktrace>
              <![CDATA[org.openqa.selenium.TimeoutException: Expected condition failed: waiting for presence of element located by: By.xpath: //*[@id="shopping_cart_container"]/a/span (tried for 20 second(s) with 500 milliseconds interval)
at org.openqa.selenium.support.ui.WebDriverWait.timeoutException(WebDriverWait.java:84)
at org.openqa.selenium.support.ui.FluentWait.until(FluentWait.java:228)
at integration.SideBar.Standard_user.Resetcart(Standard_user.java:189)
at java.base/jdk.internal.reflect.DirectMethodHandleAccessor.invoke(DirectMethodHandleAccessor.java:104)
at java.base/java.lang.reflect.Method.invoke(Method.java:565)
at org.testng.internal.invokers.MethodInvocationHelper.invokeMethod(MethodInvocationHelper.java:141)
at org.testng.internal.invokers.TestInvoker.invokeMethod(TestInvoker.java:687)
at org.testng.internal.invokers.TestInvoker.invokeTestMethod(TestInvoker.java:230)
at org.testng.internal.invokers.MethodRunner.runInSequence(MethodRunner.java:63)
at org.testng.internal.invokers.TestInvoker$MethodInvocationAgent.invoke(TestInvoker.java:995)
at org.testng.internal.invokers.TestInvoker.invokeTestMethods(TestInvoker.java:203)
at org.testng.internal.invokers.TestMethodWorker.invokeTestMethods(TestMethodWorker.java:154)
at org.testng.internal.invokers.TestMethodWorker.run(TestMethodWorker.java:134)
at java.base/java.util.ArrayList.forEach(ArrayList.java:1604)
at org.testng.TestRunner.privateRun(TestRunner.java:741)
at org.testng.TestRunner.run(TestRunner.java:616)
at org.testng.SuiteRunner.runTest(SuiteRunner.java:421)
at org.testng.SuiteRunner.runSequentially(SuiteRunner.java:413)
at org.testng.SuiteRunner.privateRun(SuiteRunner.java:373)
at org.testng.SuiteRunner.run(SuiteRunner.java:312)
at org.testng.SuiteRunnerWorker.runSuite(SuiteRunnerWorker.java:52)
at org.testng.SuiteRunnerWorker.run(SuiteRunnerWorker.java:95)
at org.testng.TestNG.runSuitesSequentially(TestNG.java:1274)
at org.testng.TestNG.runSuitesLocally(TestNG.java:1208)
at org.testng.TestNG.runSuites(TestNG.java:1112)
at org.testng.TestNG.run(TestNG.java:1079)
at com.intellij.rt.testng.IDEARemoteTestNG.run(IDEARemoteTestNG.java:65)
at com.intellij.rt.testng.RemoteTestNGStarter.main(RemoteTestNGStarter.java:105)
Caused by: org.openqa.selenium.NoSuchElementException: no such element: Unable to locate element: {"method":"xpath","selector":"//*[@id="shopping_cart_container"]/a/span"}
  (Session info: chrome=142.0.7444.176)
For documentation on this error, please visit: https://www.selenium.dev/documentation/webdriver/troubleshooting/errors#no-such-element-exception
Build info: version: '4.26.0', revision: '8ccf0219d7'
System info: os.name: 'Windows 11', os.arch: 'amd64', os.version: '10.0', java.version: '25'
Driver info: org.openqa.selenium.chrome.ChromeDriver
Command: [00eb4b74ecc8e7f00dd01b517689e7e6, findElement {using=xpath, value=//*[@id="shopping_cart_container"]/a/span}]
Capabilities {acceptInsecureCerts: false, browserName: chrome, browserVersion: 142.0.7444.176, chrome: {chromedriverVersion: 142.0.7444.175 (302067f14a4..., userDataDir: C:\Users\SOFTLA~1\AppData\L...}, fedcm:accounts: true, goog:chromeOptions: {debuggerAddress: localhost:57440}, goog:processID: 26792, networkConnectionEnabled: false, pageLoadStrategy: normal, platformName: windows, proxy: Proxy(), se:cdp: ws://localhost:57440/devtoo..., se:cdpVersion: 142.0.7444.176, setWindowRect: true, strictFileInteractability: false, timeouts: {implicit: 0, pageLoad: 300000, script: 30000}, unhandledPromptBehavior: dismiss and notify, webauthn:extension:credBlob: true, webauthn:extension:largeBlob: true, webauthn:extension:minPinLength: true, webauthn:extension:prf: true, webauthn:virtualAuthenticators: true}
Session ID: 00eb4b74ecc8e7f00dd01b517689e7e6
at java.base/jdk.internal.reflect.DirectConstructorHandleAccessor.newInstance(DirectConstructorHandleAccessor.java:62)
at java.base/java.lang.reflect.Constructor.newInstanceWithCaller(Constructor.java:499)
at java.base/java.lang.reflect.Constructor.newInstance(Constructor.java:483)
at org.openqa.selenium.remote.ErrorCodec.decode(ErrorCodec.java:167)
at org.openqa.selenium.remote.codec.w3c.W3CHttpResponseCodec.decode(W3CHttpResponseCodec.java:138)
at org.openqa.selenium.remote.codec.w3c.W3CHttpResponseCodec.decode(W3CHttpResponseCodec.java:50)
at org.openqa.selenium.remote.HttpCommandExecutor.execute(HttpCommandExecutor.java:190)
at org.openqa.selenium.remote.service.DriverCommandExecutor.invokeExecute(DriverCommandExecutor.java:216)
at org.openqa.selenium.remote.service.DriverCommandExecutor.execute(DriverCommandExecutor.java:174)
at org.openqa.selenium.remote.RemoteWebDriver.execute(RemoteWebDriver.java:545)
at org.openqa.selenium.remote.ElementLocation$ElementFinder$2.findElement(ElementLocation.java:165)
at org.openqa.selenium.remote.ElementLocation.findElement(ElementLocation.java:59)
at org.openqa.selenium.remote.RemoteWebDriver.findElement(RemoteWebDriver.java:368)
at org.openqa.selenium.remote.RemoteWebDriver.findElement(RemoteWebDriver.java:362)
at org.openqa.selenium.support.ui.ExpectedConditions$6.apply(ExpectedConditions.java:171)
at org.openqa.selenium.support.ui.ExpectedConditions$6.apply(ExpectedConditions.java:168)
at org.openqa.selenium.support.ui.FluentWait.until(FluentWait.java:203)
... 26 more
]]>
            </full-stacktrace>
          </exception> <!-- org.openqa.selenium.TimeoutException -->
          <reporter-output>
          </reporter-output>
        </test-method> <!-- Resetcart -->
        <test-method is-config="true" signature="closeBrowser()[pri:0, instance:integration.SideBar.Standard_user@7f3b84b8]" started-at="2025-11-29T23:56:45 EET" name="closeBrowser" finished-at="2025-11-29T23:56:47 EET" duration-ms="2134" status="PASS">
          <reporter-output>
          </reporter-output>
        </test-method> <!-- closeBrowser -->
      </class> <!-- integration.SideBar.Standard_user -->
    </test> <!-- SwagLabs-Automation -->
  </suite> <!-- Default Suite -->
</testng-results>
