<?xml version="1.0" encoding="UTF-8"?>
<!-- Generated by org.testng.reporters.JUnitReportReporter -->
<testsuite hostname="Abdelrahman" failures="0" tests="7" name="integration.Cart.StandardUser" time="43.252" errors="0" timestamp="2025-11-30T01:00:05 EET" skipped="0">
  <testcase classname="integration.Cart.StandardUser" name="AddSingleItemToCart" time="5.318"/>
  <testcase classname="integration.Cart.StandardUser" name="AddMultipleItemsToCart" time="5.615"/>
  <testcase classname="integration.Cart.StandardUser" name="RemoveItemFromCart" time="5.399"/>
  <testcase classname="integration.Cart.StandardUser" name="CartBadgeCount" time="7.518"/>
  <testcase classname="integration.Cart.StandardUser" name="GoToCheckoutFromCart" time="7.972"/>
  <testcase classname="integration.Cart.StandardUser" name="ContinueShoppingFromCart" time="5.577"/>
  <testcase classname="integration.Cart.StandardUser" name="CartIsEmptyInitially" time="5.853"/>
</testsuite> <!-- integration.Cart.StandardUser -->
