<?xml version="1.0" encoding="UTF-8"?>
<!-- Generated by org.testng.reporters.JUnitReportReporter -->
<testsuite hostname="Abdelrahman" failures="0" tests="7" name="integration.Cart.StandardUser" time="44.741" errors="0" timestamp="2025-11-29T20:19:51 EET" skipped="0">
  <testcase classname="integration.Cart.StandardUser" name="AddSingleItemToCart" time="5.964"/>
  <testcase classname="integration.Cart.StandardUser" name="AddMultipleItemsToCart" time="8.066"/>
  <testcase classname="integration.Cart.StandardUser" name="RemoveItemFromCart" time="7.194"/>
  <testcase classname="integration.Cart.StandardUser" name="CartBadgeCount" time="5.883"/>
  <testcase classname="integration.Cart.StandardUser" name="GoToCheckoutFromCart" time="5.984"/>
  <testcase classname="integration.Cart.StandardUser" name="ContinueShoppingFromCart" time="5.885"/>
  <testcase classname="integration.Cart.StandardUser" name="CartIsEmptyInitially" time="5.765"/>
</testsuite> <!-- integration.Cart.StandardUser -->
