<?xml version="1.0" encoding="UTF-8"?>
<!-- Generated by org.testng.reporters.JUnitReportReporter -->
<testsuite hostname="Abdelrahman" failures="1" tests="22" name="E2E.E2E_Final" time="33.048" errors="0" timestamp="2025-12-07T05:19:12 EET" skipped="0">
  <testcase classname="E2E.E2E_Final" name="AddProduct" time="0.578"/>
  <testcase classname="E2E.E2E_Final" name="ViewProduct" time="0.347"/>
  <testcase classname="E2E.E2E_Final" name="ViewandAdd" time="0.357"/>
  <testcase classname="E2E.E2E_Final" name="removeProduct" time="0.161"/>
  <testcase classname="E2E.E2E_Final" name="GotoCart" time="0.255"/>
  <testcase classname="E2E.E2E_Final" name="RemoveFromCart" time="0.152"/>
  <testcase classname="E2E.E2E_Final" name="BackToHome" time="0.313"/>
  <testcase classname="E2E.E2E_Final" name="LogOut" time="0.874"/>
  <testcase classname="E2E.E2E_Final" name="LogIn" time="0.606"/>
  <testcase classname="E2E.E2E_Final" name="GotoCartAgain" time="0.271"/>
  <testcase classname="E2E.E2E_Final" name="GoToCheckout" time="0.187"/>
  <testcase classname="E2E.E2E_Final" name="AddInformation" time="0.453"/>
  <testcase classname="E2E.E2E_Final" name="Finish" time="0.314"/>
  <testcase classname="E2E.E2E_Final" name="wrong_process" time="3.146"/>
  <testcase classname="E2E.E2E_Final" name="wrong_process2" time="2.190"/>
  <testcase classname="E2E.E2E_Final" name="wrong_process3" time="5.433"/>
  <testcase classname="E2E.E2E_Final" name="success_process3" time="3.693"/>
  <testcase classname="E2E.E2E_Final" name="Remove_products2" time="2.675"/>
  <testcase classname="E2E.E2E_Final" name="empty_cart" time="1.241"/>
  <testcase classname="E2E.E2E_Final" name="empty_fields" time="2.076"/>
  <testcase classname="E2E.E2E_Final" name="performance_glitch_user" time="6.405"/>
  <testcase classname="E2E.E2E_Final" name="error_user" time="1.321">
    <failure message="expected [https://www.saucedemo.com/checkout-complete.html] but found [https://www.saucedemo.com/checkout-step-two.html]" type="java.lang.AssertionError">
      <![CDATA[java.lang.AssertionError: expected [https://www.saucedemo.com/checkout-complete.html] but found [https://www.saucedemo.com/checkout-step-two.html]
at org.testng.Assert.fail(Assert.java:111)
at org.testng.Assert.failNotEquals(Assert.java:1590)
at org.testng.Assert.assertEqualsImpl(Assert.java:150)
at org.testng.Assert.assertEquals(Assert.java:132)
at org.testng.Assert.assertEquals(Assert.java:656)
at org.testng.Assert.assertEquals(Assert.java:666)
at E2E.E2E_Final.error_user(E2E_Final.java:414)
at java.base/jdk.internal.reflect.DirectMethodHandleAccessor.invoke(DirectMethodHandleAccessor.java:104)
at java.base/java.lang.reflect.Method.invoke(Method.java:565)
at org.testng.internal.invokers.MethodInvocationHelper.invokeMethod(MethodInvocationHelper.java:141)
at org.testng.internal.invokers.TestInvoker.invokeMethod(TestInvoker.java:687)
at org.testng.internal.invokers.TestInvoker.invokeTestMethod(TestInvoker.java:230)
at org.testng.internal.invokers.MethodRunner.runInSequence(MethodRunner.java:63)
at org.testng.internal.invokers.TestInvoker$MethodInvocationAgent.invoke(TestInvoker.java:995)
at org.testng.internal.invokers.TestInvoker.invokeTestMethods(TestInvoker.java:203)
at org.testng.internal.invokers.TestMethodWorker.invokeTestMethods(TestMethodWorker.java:154)
at org.testng.internal.invokers.TestMethodWorker.run(TestMethodWorker.java:134)
at java.base/java.util.ArrayList.forEach(ArrayList.java:1604)
at org.testng.TestRunner.privateRun(TestRunner.java:741)
at org.testng.TestRunner.run(TestRunner.java:616)
at org.testng.SuiteRunner.runTest(SuiteRunner.java:421)
at org.testng.SuiteRunner.runSequentially(SuiteRunner.java:413)
at org.testng.SuiteRunner.privateRun(SuiteRunner.java:373)
at org.testng.SuiteRunner.run(SuiteRunner.java:312)
at org.testng.SuiteRunnerWorker.runSuite(SuiteRunnerWorker.java:52)
at org.testng.SuiteRunnerWorker.run(SuiteRunnerWorker.java:95)
at org.testng.TestNG.runSuitesSequentially(TestNG.java:1274)
at org.testng.TestNG.runSuitesLocally(TestNG.java:1208)
at org.testng.TestNG.runSuites(TestNG.java:1112)
at org.testng.TestNG.run(TestNG.java:1079)
at com.intellij.rt.testng.IDEARemoteTestNG.run(IDEARemoteTestNG.java:65)
at com.intellij.rt.testng.RemoteTestNGStarter.main(RemoteTestNGStarter.java:105)
]]>
    </failure>
  </testcase> <!-- error_user -->
</testsuite> <!-- E2E.E2E_Final -->
